<?xml version="1.0" encoding="UTF-8"?>
<robot generator="Robot 3.1.2 (Python 3.9.2 on linux)" generated="20220805 15:52:39.345" rpa="false">
<suite id="s1" name="Api" source="/mnt/c/Users/clareain/testing/robotframework-api-example/robot-tests/api.robot">
<kw name="Ping Server" type="setup">
<kw name="Create Session" library="RequestsLibrary">
<doc>Create Session: create a HTTP session to a server</doc>
<arguments>
<arg>ping</arg>
<arg>${BASE_URL}</arg>
<arg>verify=True</arg>
</arguments>
<msg timestamp="20220805 15:52:39.594" level="INFO">Creating Session using : alias=ping, url=https://restful-booker.herokuapp.com, headers={},                     cookies=None, auth=None, timeout=None, proxies=None, verify=True,                     debug=0 </msg>
<status status="PASS" starttime="20220805 15:52:39.594" endtime="20220805 15:52:39.594"></status>
</kw>
<kw name="Get Request" library="RequestsLibrary">
<doc>Send a GET request on the session object found using the
given `alias`</doc>
<arguments>
<arg>ping</arg>
<arg>uri=/ping</arg>
</arguments>
<assign>
<var>${response}</var>
</assign>
<msg timestamp="20220805 15:54:52.342" level="INFO">Get Request using : alias=ping, uri=/ping, headers=None json=None</msg>
<msg timestamp="20220805 15:54:52.342" level="INFO">${response} = &lt;Response [201]&gt;</msg>
<status status="PASS" starttime="20220805 15:52:39.594" endtime="20220805 15:54:52.342"></status>
</kw>
<kw name="Should Be Equal As Strings" library="BuiltIn">
<doc>Fails if objects are unequal after converting them to strings.</doc>
<arguments>
<arg>${response.status_code}</arg>
<arg>201</arg>
</arguments>
<msg timestamp="20220805 15:54:52.344" level="INFO">Argument types are:
&lt;class 'int'&gt;
&lt;type 'unicode'&gt;</msg>
<status status="PASS" starttime="20220805 15:54:52.343" endtime="20220805 15:54:52.344"></status>
</kw>
<status status="PASS" starttime="20220805 15:52:39.593" endtime="20220805 15:54:52.345"></status>
</kw>
<test id="s1-t1" name="Obtain Token">
<kw name="Obtain Auth Token">
<kw name="Create Dictionary" library="BuiltIn">
<doc>Creates and returns a dictionary based on the given ``items``.</doc>
<arguments>
<arg>Content-Type=${CONTENT_TYPE}</arg>
<arg>User-Agent=RobotFramework</arg>
</arguments>
<assign>
<var>${HEADERS}</var>
</assign>
<msg timestamp="20220805 15:54:52.349" level="INFO">${HEADERS} = {'Content-Type': 'application/json', 'User-Agent': 'RobotFramework'}</msg>
<status status="PASS" starttime="20220805 15:54:52.348" endtime="20220805 15:54:52.349"></status>
</kw>
<kw name="Create Session" library="RequestsLibrary">
<doc>Create Session: create a HTTP session to a server</doc>
<arguments>
<arg>Obtain Token</arg>
<arg>${BASE_URL}</arg>
<arg>verify=True</arg>
</arguments>
<msg timestamp="20220805 15:54:52.351" level="INFO">Creating Session using : alias=Obtain Token, url=https://restful-booker.herokuapp.com, headers={},                     cookies=None, auth=None, timeout=None, proxies=None, verify=True,                     debug=0 </msg>
<status status="PASS" starttime="20220805 15:54:52.350" endtime="20220805 15:54:52.352"></status>
</kw>
<kw name="Post Request" library="RequestsLibrary">
<doc>Send a POST request on the session object found using the
given `alias`</doc>
<arguments>
<arg>Obtain Token</arg>
<arg>uri=${AUTH}</arg>
<arg>data={"username":"${USERNAME}","password":"${PASSWORD}"}</arg>
<arg>headers=${HEADERS}</arg>
</arguments>
<assign>
<var>${response}</var>
</assign>
<msg timestamp="20220805 15:54:53.248" level="INFO">Post Request using : alias=Obtain Token, uri=/auth, data={"username":"admin","password":"password123"}, headers={'Content-Type': 'application/json', 'User-Agent': 'RobotFramework'}, files=None, allow_redirects=True </msg>
<msg timestamp="20220805 15:54:53.249" level="INFO">${response} = &lt;Response [200]&gt;</msg>
<status status="PASS" starttime="20220805 15:54:52.352" endtime="20220805 15:54:53.249"></status>
</kw>
<kw name="Should Be Equal As Strings" library="BuiltIn">
<doc>Fails if objects are unequal after converting them to strings.</doc>
<arguments>
<arg>${response.status_code}</arg>
<arg>200</arg>
</arguments>
<msg timestamp="20220805 15:54:53.250" level="INFO">Argument types are:
&lt;class 'int'&gt;
&lt;type 'unicode'&gt;</msg>
<status status="PASS" starttime="20220805 15:54:53.249" endtime="20220805 15:54:53.251"></status>
</kw>
<kw name="Element Should Exist" library="JsonValidator">
<doc>Check the existence of one or more elements, matching [ http://jsonselect.org/ | JSONSelect] expression.</doc>
<arguments>
<arg>${response.content}</arg>
<arg>.token</arg>
</arguments>
<status status="PASS" starttime="20220805 15:54:53.251" endtime="20220805 15:54:53.253"></status>
</kw>
<kw name="Get From Dictionary" library="Collections">
<doc>Returns a value from the given ``dictionary`` based on the given ``key``.</doc>
<arguments>
<arg>${response.json()}</arg>
<arg>token</arg>
</arguments>
<assign>
<var>${TOKEN}</var>
</assign>
<msg timestamp="20220805 15:54:53.254" level="INFO">${TOKEN} = 12296d455b73cf0</msg>
<status status="PASS" starttime="20220805 15:54:53.253" endtime="20220805 15:54:53.255"></status>
</kw>
<kw name="Set Suite Variable" library="BuiltIn">
<doc>Makes a variable available everywhere within the scope of the current suite.</doc>
<arguments>
<arg>${TOKEN}</arg>
<arg>${TOKEN}</arg>
</arguments>
<msg timestamp="20220805 15:54:53.256" level="INFO">${TOKEN} = 12296d455b73cf0</msg>
<status status="PASS" starttime="20220805 15:54:53.255" endtime="20220805 15:54:53.256"></status>
</kw>
<status status="PASS" starttime="20220805 15:54:52.346" endtime="20220805 15:54:53.256"></status>
</kw>
<tags>
<tag>Auth</tag>
</tags>
<timeout value="1 minute"></timeout>
<status status="PASS" starttime="20220805 15:54:52.345" endtime="20220805 15:54:53.257" critical="yes"></status>
</test>
<test id="s1-t2" name="Get All Bookings IDs">
<kw name="Get All Booking IDs">
<kw name="Create Session" library="RequestsLibrary">
<doc>Create Session: create a HTTP session to a server</doc>
<arguments>
<arg>Get All</arg>
<arg>${BASE_URL}</arg>
<arg>verify=True</arg>
</arguments>
<msg timestamp="20220805 15:54:53.262" level="INFO">Creating Session using : alias=Get All, url=https://restful-booker.herokuapp.com, headers={},                     cookies=None, auth=None, timeout=None, proxies=None, verify=True,                     debug=0 </msg>
<status status="PASS" starttime="20220805 15:54:53.261" endtime="20220805 15:54:53.263"></status>
</kw>
<kw name="Get Request" library="RequestsLibrary">
<doc>Send a GET request on the session object found using the
given `alias`</doc>
<arguments>
<arg>Get All</arg>
<arg>uri=${BOOKING}</arg>
</arguments>
<assign>
<var>${response}</var>
</assign>
<msg timestamp="20220805 15:54:53.985" level="INFO">Get Request using : alias=Get All, uri=/booking, headers=None json=None</msg>
<msg timestamp="20220805 15:54:53.986" level="INFO">${response} = &lt;Response [200]&gt;</msg>
<status status="PASS" starttime="20220805 15:54:53.263" endtime="20220805 15:54:53.986"></status>
</kw>
<kw name="Should Be Equal As Strings" library="BuiltIn">
<doc>Fails if objects are unequal after converting them to strings.</doc>
<arguments>
<arg>${response.status_code}</arg>
<arg>200</arg>
</arguments>
<msg timestamp="20220805 15:54:53.987" level="INFO">Argument types are:
&lt;class 'int'&gt;
&lt;type 'unicode'&gt;</msg>
<status status="PASS" starttime="20220805 15:54:53.986" endtime="20220805 15:54:53.988"></status>
</kw>
<kw name="Create List" library="BuiltIn">
<doc>Returns a list containing given items.</doc>
<assign>
<var>@{BOOKINGIDS}</var>
</assign>
<msg timestamp="20220805 15:54:53.989" level="INFO">@{BOOKINGIDS} = [ ]</msg>
<status status="PASS" starttime="20220805 15:54:53.988" endtime="20220805 15:54:53.989"></status>
</kw>
<kw name="${item} IN [ @{response.json()} ]" type="for">
<kw name="${item} = {'bookingid': 459}" type="foritem">
<kw name="Insert Into List" library="Collections">
<doc>Inserts ``value`` into ``list`` to the position specified with ``index``.</doc>
<arguments>
<arg>${BOOKINGIDS}</arg>
<arg>${COUNTER}</arg>
<arg>${item}[bookingid]</arg>
</arguments>
<status status="PASS" starttime="20220805 15:54:53.991" endtime="20220805 15:54:53.992"></status>
</kw>
<kw name="Set Variable" library="BuiltIn">
<doc>Returns the given values which can then be assigned to a variables.</doc>
<arguments>
<arg>${COUNTER+1}</arg>
</arguments>
<assign>
<var>${COUNTER}</var>
</assign>
<msg timestamp="20220805 15:54:53.996" level="INFO">${COUNTER} = 2</msg>
<status status="PASS" starttime="20220805 15:54:53.995" endtime="20220805 15:54:53.996"></status>
</kw>
<status status="PASS" starttime="20220805 15:54:53.991" endtime="20220805 15:54:53.996"></status>
</kw>
<kw name="${item} = {'bookingid': 444}" type="foritem">
<kw name="Insert Into List" library="Collections">
<doc>Inserts ``value`` into ``list`` to the position specified with ``index``.</doc>
<arguments>
<arg>${BOOKINGIDS}</arg>
<arg>${COUNTER}</arg>
<arg>${item}[bookingid]</arg>
</arguments>
<status status="PASS" starttime="20220805 15:54:53.997" endtime="20220805 15:54:53.998"></status>
</kw>
<kw name="Set Variable" library="BuiltIn">
<doc>Returns the given values which can then be assigned to a variables.</doc>
<arguments>
<arg>${COUNTER+1}</arg>
</arguments>
<assign>
<var>${COUNTER}</var>
</assign>
<msg timestamp="20220805 15:54:54.000" level="INFO">${COUNTER} = 3</msg>
<status status="PASS" starttime="20220805 15:54:53.998" endtime="20220805 15:54:54.000"></status>
</kw>
<status status="PASS" starttime="20220805 15:54:53.996" endtime="20220805 15:54:54.000"></status>
</kw>
<kw name="${item} = {'bookingid': 350}" type="foritem">
<kw name="Insert Into List" library="Collections">
<doc>Inserts ``value`` into ``list`` to the position specified with ``index``.</doc>
<arguments>
<arg>${BOOKINGIDS}</arg>
<arg>${COUNTER}</arg>
<arg>${item}[bookingid]</arg>
</arguments>
<status status="PASS" starttime="20220805 15:54:54.001" endtime="20220805 15:54:54.002"></status>
</kw>
<kw name="Set Variable" library="BuiltIn">
<doc>Returns the given values which can then be assigned to a variables.</doc>
<arguments>
<arg>${COUNTER+1}</arg>
</arguments>
<assign>
<var>${COUNTER}</var>
</assign>
<msg timestamp="20220805 15:54:54.003" level="INFO">${COUNTER} = 4</msg>
<status status="PASS" starttime="20220805 15:54:54.002" endtime="20220805 15:54:54.003"></status>
</kw>
<status status="PASS" starttime="20220805 15:54:54.000" endtime="20220805 15:54:54.003"></status>
</kw>
<kw name="${item} = {'bookingid': 330}" type="foritem">
<kw name="Insert Into List" library="Collections">
<doc>Inserts ``value`` into ``list`` to the position specified with ``index``.</doc>
<arguments>
<arg>${BOOKINGIDS}</arg>
<arg>${COUNTER}</arg>
<arg>${item}[bookingid]</arg>
</arguments>
<status status="PASS" starttime="20220805 15:54:54.004" endtime="20220805 15:54:54.005"></status>
</kw>
<kw name="Set Variable" library="BuiltIn">
<doc>Returns the given values which can then be assigned to a variables.</doc>
<arguments>
<arg>${COUNTER+1}</arg>
</arguments>
<assign>
<var>${COUNTER}</var>
</assign>
<msg timestamp="20220805 15:54:54.007" level="INFO">${COUNTER} = 5</msg>
<status status="PASS" starttime="20220805 15:54:54.005" endtime="20220805 15:54:54.007"></status>
</kw>
<status status="PASS" starttime="20220805 15:54:54.004" endtime="20220805 15:54:54.007"></status>
</kw>
<kw name="${item} = {'bookingid': 313}" type="foritem">
<kw name="Insert Into List" library="Collections">
<doc>Inserts ``value`` into ``list`` to the position specified with ``index``.</doc>
<arguments>
<arg>${BOOKINGIDS}</arg>
<arg>${COUNTER}</arg>
<arg>${item}[bookingid]</arg>
</arguments>
<status status="PASS" starttime="20220805 15:54:54.007" endtime="20220805 15:54:54.008"></status>
</kw>
<kw name="Set Variable" library="BuiltIn">
<doc>Returns the given values which can then be assigned to a variables.</doc>
<arguments>
<arg>${COUNTER+1}</arg>
</arguments>
<assign>
<var>${COUNTER}</var>
</assign>
<msg timestamp="20220805 15:54:54.010" level="INFO">${COUNTER} = 6</msg>
<status status="PASS" starttime="20220805 15:54:54.009" endtime="20220805 15:54:54.010"></status>
</kw>
<status status="PASS" starttime="20220805 15:54:54.007" endtime="20220805 15:54:54.010"></status>
</kw>
<kw name="${item} = {'bookingid': 249}" type="foritem">
<kw name="Insert Into List" library="Collections">
<doc>Inserts ``value`` into ``list`` to the position specified with ``index``.</doc>
<arguments>
<arg>${BOOKINGIDS}</arg>
<arg>${COUNTER}</arg>
<arg>${item}[bookingid]</arg>
</arguments>
<status status="PASS" starttime="20220805 15:54:54.010" endtime="20220805 15:54:54.011"></status>
</kw>
<kw name="Set Variable" library="BuiltIn">
<doc>Returns the given values which can then be assigned to a variables.</doc>
<arguments>
<arg>${COUNTER+1}</arg>
</arguments>
<assign>
<var>${COUNTER}</var>
</assign>
<msg timestamp="20220805 15:54:54.013" level="INFO">${COUNTER} = 7</msg>
<status status="PASS" starttime="20220805 15:54:54.012" endtime="20220805 15:54:54.013"></status>
</kw>
<status status="PASS" starttime="20220805 15:54:54.010" endtime="20220805 15:54:54.013"></status>
</kw>
<kw name="${item} = {'bookingid': 241}" type="foritem">
<kw name="Insert Into List" library="Collections">
<doc>Inserts ``value`` into ``list`` to the position specified with ``index``.</doc>
<arguments>
<arg>${BOOKINGIDS}</arg>
<arg>${COUNTER}</arg>
<arg>${item}[bookingid]</arg>
</arguments>
<status status="PASS" starttime="20220805 15:54:54.013" endtime="20220805 15:54:54.014"></status>
</kw>
<kw name="Set Variable" library="BuiltIn">
<doc>Returns the given values which can then be assigned to a variables.</doc>
<arguments>
<arg>${COUNTER+1}</arg>
</arguments>
<assign>
<var>${COUNTER}</var>
</assign>
<msg timestamp="20220805 15:54:54.016" level="INFO">${COUNTER} = 8</msg>
<status status="PASS" starttime="20220805 15:54:54.014" endtime="20220805 15:54:54.016"></status>
</kw>
<status status="PASS" starttime="20220805 15:54:54.013" endtime="20220805 15:54:54.016"></status>
</kw>
<kw name="${item} = {'bookingid': 454}" type="foritem">
<kw name="Insert Into List" library="Collections">
<doc>Inserts ``value`` into ``list`` to the position specified with ``index``.</doc>
<arguments>
<arg>${BOOKINGIDS}</arg>
<arg>${COUNTER}</arg>
<arg>${item}[bookingid]</arg>
</arguments>
<status status="PASS" starttime="20220805 15:54:54.016" endtime="20220805 15:54:54.018"></status>
</kw>
<kw name="Set Variable" library="BuiltIn">
<doc>Returns the given values which can then be assigned to a variables.</doc>
<arguments>
<arg>${COUNTER+1}</arg>
</arguments>
<assign>
<var>${COUNTER}</var>
</assign>
<msg timestamp="20220805 15:54:54.019" level="INFO">${COUNTER} = 9</msg>
<status status="PASS" starttime="20220805 15:54:54.018" endtime="20220805 15:54:54.019"></status>
</kw>
<status status="PASS" starttime="20220805 15:54:54.016" endtime="20220805 15:54:54.019"></status>
</kw>
<kw name="${item} = {'bookingid': 374}" type="foritem">
<kw name="Insert Into List" library="Collections">
<doc>Inserts ``value`` into ``list`` to the position specified with ``index``.</doc>
<arguments>
<arg>${BOOKINGIDS}</arg>
<arg>${COUNTER}</arg>
<arg>${item}[bookingid]</arg>
</arguments>
<status status="PASS" starttime="20220805 15:54:54.019" endtime="20220805 15:54:54.020"></status>
</kw>
<kw name="Set Variable" library="BuiltIn">
<doc>Returns the given values which can then be assigned to a variables.</doc>
<arguments>
<arg>${COUNTER+1}</arg>
</arguments>
<assign>
<var>${COUNTER}</var>
</assign>
<msg timestamp="20220805 15:54:54.021" level="INFO">${COUNTER} = 10</msg>
<status status="PASS" starttime="20220805 15:54:54.020" endtime="20220805 15:54:54.021"></status>
</kw>
<status status="PASS" starttime="20220805 15:54:54.019" endtime="20220805 15:54:54.021"></status>
</kw>
<kw name="${item} = {'bookingid': 432}" type="foritem">
<kw name="Insert Into List" library="Collections">
<doc>Inserts ``value`` into ``list`` to the position specified with ``index``.</doc>
<arguments>
<arg>${BOOKINGIDS}</arg>
<arg>${COUNTER}</arg>
<arg>${item}[bookingid]</arg>
</arguments>
<status status="PASS" starttime="20220805 15:54:54.021" endtime="20220805 15:54:54.022"></status>
</kw>
<kw name="Set Variable" library="BuiltIn">
<doc>Returns the given values which can then be assigned to a variables.</doc>
<arguments>
<arg>${COUNTER+1}</arg>
</arguments>
<assign>
<var>${COUNTER}</var>
</assign>
<msg timestamp="20220805 15:54:54.024" level="INFO">${COUNTER} = 11</msg>
<status status="PASS" starttime="20220805 15:54:54.022" endtime="20220805 15:54:54.024"></status>
</kw>
<status status="PASS" starttime="20220805 15:54:54.021" endtime="20220805 15:54:54.024"></status>
</kw>
<kw name="${item} = {'bookingid': 148}" type="foritem">
<kw name="Insert Into List" library="Collections">
<doc>Inserts ``value`` into ``list`` to the position specified with ``index``.</doc>
<arguments>
<arg>${BOOKINGIDS}</arg>
<arg>${COUNTER}</arg>
<arg>${item}[bookingid]</arg>
</arguments>
<status status="PASS" starttime="20220805 15:54:54.024" endtime="20220805 15:54:54.025"></status>
</kw>
<kw name="Set Variable" library="BuiltIn">
<doc>Returns the given values which can then be assigned to a variables.</doc>
<arguments>
<arg>${COUNTER+1}</arg>
</arguments>
<assign>
<var>${COUNTER}</var>
</assign>
<msg timestamp="20220805 15:54:54.026" level="INFO">${COUNTER} = 12</msg>
<status status="PASS" starttime="20220805 15:54:54.025" endtime="20220805 15:54:54.026"></status>
</kw>
<status status="PASS" starttime="20220805 15:54:54.024" endtime="20220805 15:54:54.026"></status>
</kw>
<kw name="${item} = {'bookingid': 18}" type="foritem">
<kw name="Insert Into List" library="Collections">
<doc>Inserts ``value`` into ``list`` to the position specified with ``index``.</doc>
<arguments>
<arg>${BOOKINGIDS}</arg>
<arg>${COUNTER}</arg>
<arg>${item}[bookingid]</arg>
</arguments>
<status status="PASS" starttime="20220805 15:54:54.026" endtime="20220805 15:54:54.026"></status>
</kw>
<kw name="Set Variable" library="BuiltIn">
<doc>Returns the given values which can then be assigned to a variables.</doc>
<arguments>
<arg>${COUNTER+1}</arg>
</arguments>
<assign>
<var>${COUNTER}</var>
</assign>
<msg timestamp="20220805 15:54:54.027" level="INFO">${COUNTER} = 13</msg>
<status status="PASS" starttime="20220805 15:54:54.026" endtime="20220805 15:54:54.027"></status>
</kw>
<status status="PASS" starttime="20220805 15:54:54.026" endtime="20220805 15:54:54.027"></status>
</kw>
<kw name="${item} = {'bookingid': 61}" type="foritem">
<kw name="Insert Into List" library="Collections">
<doc>Inserts ``value`` into ``list`` to the position specified with ``index``.</doc>
<arguments>
<arg>${BOOKINGIDS}</arg>
<arg>${COUNTER}</arg>
<arg>${item}[bookingid]</arg>
</arguments>
<status status="PASS" starttime="20220805 15:54:54.027" endtime="20220805 15:54:54.028"></status>
</kw>
<kw name="Set Variable" library="BuiltIn">
<doc>Returns the given values which can then be assigned to a variables.</doc>
<arguments>
<arg>${COUNTER+1}</arg>
</arguments>
<assign>
<var>${COUNTER}</var>
</assign>
<msg timestamp="20220805 15:54:54.028" level="INFO">${COUNTER} = 14</msg>
<status status="PASS" starttime="20220805 15:54:54.028" endtime="20220805 15:54:54.028"></status>
</kw>
<status status="PASS" starttime="20220805 15:54:54.027" endtime="20220805 15:54:54.028"></status>
</kw>
<kw name="${item} = {'bookingid': 245}" type="foritem">
<kw name="Insert Into List" library="Collections">
<doc>Inserts ``value`` into ``list`` to the position specified with ``index``.</doc>
<arguments>
<arg>${BOOKINGIDS}</arg>
<arg>${COUNTER}</arg>
<arg>${item}[bookingid]</arg>
</arguments>
<status status="PASS" starttime="20220805 15:54:54.029" endtime="20220805 15:54:54.029"></status>
</kw>
<kw name="Set Variable" library="BuiltIn">
<doc>Returns the given values which can then be assigned to a variables.</doc>
<arguments>
<arg>${COUNTER+1}</arg>
</arguments>
<assign>
<var>${COUNTER}</var>
</assign>
<msg timestamp="20220805 15:54:54.030" level="INFO">${COUNTER} = 15</msg>
<status status="PASS" starttime="20220805 15:54:54.029" endtime="20220805 15:54:54.030"></status>
</kw>
<status status="PASS" starttime="20220805 15:54:54.029" endtime="20220805 15:54:54.030"></status>
</kw>
<kw name="${item} = {'bookingid': 166}" type="foritem">
<kw name="Insert Into List" library="Collections">
<doc>Inserts ``value`` into ``list`` to the position specified with ``index``.</doc>
<arguments>
<arg>${BOOKINGIDS}</arg>
<arg>${COUNTER}</arg>
<arg>${item}[bookingid]</arg>
</arguments>
<status status="PASS" starttime="20220805 15:54:54.030" endtime="20220805 15:54:54.030"></status>
</kw>
<kw name="Set Variable" library="BuiltIn">
<doc>Returns the given values which can then be assigned to a variables.</doc>
<arguments>
<arg>${COUNTER+1}</arg>
</arguments>
<assign>
<var>${COUNTER}</var>
</assign>
<msg timestamp="20220805 15:54:54.031" level="INFO">${COUNTER} = 16</msg>
<status status="PASS" starttime="20220805 15:54:54.030" endtime="20220805 15:54:54.031"></status>
</kw>
<status status="PASS" starttime="20220805 15:54:54.030" endtime="20220805 15:54:54.031"></status>
</kw>
<kw name="${item} = {'bookingid': 348}" type="foritem">
<kw name="Insert Into List" library="Collections">
<doc>Inserts ``value`` into ``list`` to the position specified with ``index``.</doc>
<arguments>
<arg>${BOOKINGIDS}</arg>
<arg>${COUNTER}</arg>
<arg>${item}[bookingid]</arg>
</arguments>
<status status="PASS" starttime="20220805 15:54:54.031" endtime="20220805 15:54:54.032"></status>
</kw>
<kw name="Set Variable" library="BuiltIn">
<doc>Returns the given values which can then be assigned to a variables.</doc>
<arguments>
<arg>${COUNTER+1}</arg>
</arguments>
<assign>
<var>${COUNTER}</var>
</assign>
<msg timestamp="20220805 15:54:54.033" level="INFO">${COUNTER} = 17</msg>
<status status="PASS" starttime="20220805 15:54:54.032" endtime="20220805 15:54:54.033"></status>
</kw>
<status status="PASS" starttime="20220805 15:54:54.031" endtime="20220805 15:54:54.033"></status>
</kw>
<kw name="${item} = {'bookingid': 471}" type="foritem">
<kw name="Insert Into List" library="Collections">
<doc>Inserts ``value`` into ``list`` to the position specified with ``index``.</doc>
<arguments>
<arg>${BOOKINGIDS}</arg>
<arg>${COUNTER}</arg>
<arg>${item}[bookingid]</arg>
</arguments>
<status status="PASS" starttime="20220805 15:54:54.033" endtime="20220805 15:54:54.034"></status>
</kw>
<kw name="Set Variable" library="BuiltIn">
<doc>Returns the given values which can then be assigned to a variables.</doc>
<arguments>
<arg>${COUNTER+1}</arg>
</arguments>
<assign>
<var>${COUNTER}</var>
</assign>
<msg timestamp="20220805 15:54:54.035" level="INFO">${COUNTER} = 18</msg>
<status status="PASS" starttime="20220805 15:54:54.034" endtime="20220805 15:54:54.035"></status>
</kw>
<status status="PASS" starttime="20220805 15:54:54.033" endtime="20220805 15:54:54.035"></status>
</kw>
<kw name="${item} = {'bookingid': 117}" type="foritem">
<kw name="Insert Into List" library="Collections">
<doc>Inserts ``value`` into ``list`` to the position specified with ``index``.</doc>
<arguments>
<arg>${BOOKINGIDS}</arg>
<arg>${COUNTER}</arg>
<arg>${item}[bookingid]</arg>
</arguments>
<status status="PASS" starttime="20220805 15:54:54.035" endtime="20220805 15:54:54.036"></status>
</kw>
<kw name="Set Variable" library="BuiltIn">
<doc>Returns the given values which can then be assigned to a variables.</doc>
<arguments>
<arg>${COUNTER+1}</arg>
</arguments>
<assign>
<var>${COUNTER}</var>
</assign>
<msg timestamp="20220805 15:54:54.036" level="INFO">${COUNTER} = 19</msg>
<status status="PASS" starttime="20220805 15:54:54.036" endtime="20220805 15:54:54.036"></status>
</kw>
<status status="PASS" starttime="20220805 15:54:54.035" endtime="20220805 15:54:54.037"></status>
</kw>
<kw name="${item} = {'bookingid': 388}" type="foritem">
<kw name="Insert Into List" library="Collections">
<doc>Inserts ``value`` into ``list`` to the position specified with ``index``.</doc>
<arguments>
<arg>${BOOKINGIDS}</arg>
<arg>${COUNTER}</arg>
<arg>${item}[bookingid]</arg>
</arguments>
<status status="PASS" starttime="20220805 15:54:54.037" endtime="20220805 15:54:54.037"></status>
</kw>
<kw name="Set Variable" library="BuiltIn">
<doc>Returns the given values which can then be assigned to a variables.</doc>
<arguments>
<arg>${COUNTER+1}</arg>
</arguments>
<assign>
<var>${COUNTER}</var>
</assign>
<msg timestamp="20220805 15:54:54.038" level="INFO">${COUNTER} = 20</msg>
<status status="PASS" starttime="20220805 15:54:54.038" endtime="20220805 15:54:54.038"></status>
</kw>
<status status="PASS" starttime="20220805 15:54:54.037" endtime="20220805 15:54:54.039"></status>
</kw>
<kw name="${item} = {'bookingid': 370}" type="foritem">
<kw name="Insert Into List" library="Collections">
<doc>Inserts ``value`` into ``list`` to the position specified with ``index``.</doc>
<arguments>
<arg>${BOOKINGIDS}</arg>
<arg>${COUNTER}</arg>
<arg>${item}[bookingid]</arg>
</arguments>
<status status="PASS" starttime="20220805 15:54:54.040" endtime="20220805 15:54:54.040"></status>
</kw>
<kw name="Set Variable" library="BuiltIn">
<doc>Returns the given values which can then be assigned to a variables.</doc>
<arguments>
<arg>${COUNTER+1}</arg>
</arguments>
<assign>
<var>${COUNTER}</var>
</assign>
<msg timestamp="20220805 15:54:54.041" level="INFO">${COUNTER} = 21</msg>
<status status="PASS" starttime="20220805 15:54:54.040" endtime="20220805 15:54:54.041"></status>
</kw>
<status status="PASS" starttime="20220805 15:54:54.040" endtime="20220805 15:54:54.041"></status>
</kw>
<kw name="${item} = {'bookingid': 296}" type="foritem">
<kw name="Insert Into List" library="Collections">
<doc>Inserts ``value`` into ``list`` to the position specified with ``index``.</doc>
<arguments>
<arg>${BOOKINGIDS}</arg>
<arg>${COUNTER}</arg>
<arg>${item}[bookingid]</arg>
</arguments>
<status status="PASS" starttime="20220805 15:54:54.041" endtime="20220805 15:54:54.042"></status>
</kw>
<kw name="Set Variable" library="BuiltIn">
<doc>Returns the given values which can then be assigned to a variables.</doc>
<arguments>
<arg>${COUNTER+1}</arg>
</arguments>
<assign>
<var>${COUNTER}</var>
</assign>
<msg timestamp="20220805 15:54:54.042" level="INFO">${COUNTER} = 22</msg>
<status status="PASS" starttime="20220805 15:54:54.042" endtime="20220805 15:54:54.042"></status>
</kw>
<status status="PASS" starttime="20220805 15:54:54.041" endtime="20220805 15:54:54.042"></status>
</kw>
<kw name="${item} = {'bookingid': 122}" type="foritem">
<kw name="Insert Into List" library="Collections">
<doc>Inserts ``value`` into ``list`` to the position specified with ``index``.</doc>
<arguments>
<arg>${BOOKINGIDS}</arg>
<arg>${COUNTER}</arg>
<arg>${item}[bookingid]</arg>
</arguments>
<status status="PASS" starttime="20220805 15:54:54.042" endtime="20220805 15:54:54.043"></status>
</kw>
<kw name="Set Variable" library="BuiltIn">
<doc>Returns the given values which can then be assigned to a variables.</doc>
<arguments>
<arg>${COUNTER+1}</arg>
</arguments>
<assign>
<var>${COUNTER}</var>
</assign>
<msg timestamp="20220805 15:54:54.043" level="INFO">${COUNTER} = 23</msg>
<status status="PASS" starttime="20220805 15:54:54.043" endtime="20220805 15:54:54.044"></status>
</kw>
<status status="PASS" starttime="20220805 15:54:54.042" endtime="20220805 15:54:54.044"></status>
</kw>
<kw name="${item} = {'bookingid': 118}" type="foritem">
<kw name="Insert Into List" library="Collections">
<doc>Inserts ``value`` into ``list`` to the position specified with ``index``.</doc>
<arguments>
<arg>${BOOKINGIDS}</arg>
<arg>${COUNTER}</arg>
<arg>${item}[bookingid]</arg>
</arguments>
<status status="PASS" starttime="20220805 15:54:54.044" endtime="20220805 15:54:54.044"></status>
</kw>
<kw name="Set Variable" library="BuiltIn">
<doc>Returns the given values which can then be assigned to a variables.</doc>
<arguments>
<arg>${COUNTER+1}</arg>
</arguments>
<assign>
<var>${COUNTER}</var>
</assign>
<msg timestamp="20220805 15:54:54.045" level="INFO">${COUNTER} = 24</msg>
<status status="PASS" starttime="20220805 15:54:54.044" endtime="20220805 15:54:54.045"></status>
</kw>
<status status="PASS" starttime="20220805 15:54:54.044" endtime="20220805 15:54:54.045"></status>
</kw>
<kw name="${item} = {'bookingid': 424}" type="foritem">
<kw name="Insert Into List" library="Collections">
<doc>Inserts ``value`` into ``list`` to the position specified with ``index``.</doc>
<arguments>
<arg>${BOOKINGIDS}</arg>
<arg>${COUNTER}</arg>
<arg>${item}[bookingid]</arg>
</arguments>
<status status="PASS" starttime="20220805 15:54:54.045" endtime="20220805 15:54:54.045"></status>
</kw>
<kw name="Set Variable" library="BuiltIn">
<doc>Returns the given values which can then be assigned to a variables.</doc>
<arguments>
<arg>${COUNTER+1}</arg>
</arguments>
<assign>
<var>${COUNTER}</var>
</assign>
<msg timestamp="20220805 15:54:54.046" level="INFO">${COUNTER} = 25</msg>
<status status="PASS" starttime="20220805 15:54:54.045" endtime="20220805 15:54:54.046"></status>
</kw>
<status status="PASS" starttime="20220805 15:54:54.045" endtime="20220805 15:54:54.046"></status>
</kw>
<kw name="${item} = {'bookingid': 253}" type="foritem">
<kw name="Insert Into List" library="Collections">
<doc>Inserts ``value`` into ``list`` to the position specified with ``index``.</doc>
<arguments>
<arg>${BOOKINGIDS}</arg>
<arg>${COUNTER}</arg>
<arg>${item}[bookingid]</arg>
</arguments>
<status status="PASS" starttime="20220805 15:54:54.046" endtime="20220805 15:54:54.046"></status>
</kw>
<kw name="Set Variable" library="BuiltIn">
<doc>Returns the given values which can then be assigned to a variables.</doc>
<arguments>
<arg>${COUNTER+1}</arg>
</arguments>
<assign>
<var>${COUNTER}</var>
</assign>
<msg timestamp="20220805 15:54:54.047" level="INFO">${COUNTER} = 26</msg>
<status status="PASS" starttime="20220805 15:54:54.046" endtime="20220805 15:54:54.047"></status>
</kw>
<status status="PASS" starttime="20220805 15:54:54.046" endtime="20220805 15:54:54.047"></status>
</kw>
<kw name="${item} = {'bookingid': 186}" type="foritem">
<kw name="Insert Into List" library="Collections">
<doc>Inserts ``value`` into ``list`` to the position specified with ``index``.</doc>
<arguments>
<arg>${BOOKINGIDS}</arg>
<arg>${COUNTER}</arg>
<arg>${item}[bookingid]</arg>
</arguments>
<status status="PASS" starttime="20220805 15:54:54.047" endtime="20220805 15:54:54.047"></status>
</kw>
<kw name="Set Variable" library="BuiltIn">
<doc>Returns the given values which can then be assigned to a variables.</doc>
<arguments>
<arg>${COUNTER+1}</arg>
</arguments>
<assign>
<var>${COUNTER}</var>
</assign>
<msg timestamp="20220805 15:54:54.048" level="INFO">${COUNTER} = 27</msg>
<status status="PASS" starttime="20220805 15:54:54.047" endtime="20220805 15:54:54.048"></status>
</kw>
<status status="PASS" starttime="20220805 15:54:54.047" endtime="20220805 15:54:54.048"></status>
</kw>
<kw name="${item} = {'bookingid': 196}" type="foritem">
<kw name="Insert Into List" library="Collections">
<doc>Inserts ``value`` into ``list`` to the position specified with ``index``.</doc>
<arguments>
<arg>${BOOKINGIDS}</arg>
<arg>${COUNTER}</arg>
<arg>${item}[bookingid]</arg>
</arguments>
<status status="PASS" starttime="20220805 15:54:54.048" endtime="20220805 15:54:54.048"></status>
</kw>
<kw name="Set Variable" library="BuiltIn">
<doc>Returns the given values which can then be assigned to a variables.</doc>
<arguments>
<arg>${COUNTER+1}</arg>
</arguments>
<assign>
<var>${COUNTER}</var>
</assign>
<msg timestamp="20220805 15:54:54.049" level="INFO">${COUNTER} = 28</msg>
<status status="PASS" starttime="20220805 15:54:54.049" endtime="20220805 15:54:54.049"></status>
</kw>
<status status="PASS" starttime="20220805 15:54:54.048" endtime="20220805 15:54:54.049"></status>
</kw>
<kw name="${item} = {'bookingid': 243}" type="foritem">
<kw name="Insert Into List" library="Collections">
<doc>Inserts ``value`` into ``list`` to the position specified with ``index``.</doc>
<arguments>
<arg>${BOOKINGIDS}</arg>
<arg>${COUNTER}</arg>
<arg>${item}[bookingid]</arg>
</arguments>
<status status="PASS" starttime="20220805 15:54:54.049" endtime="20220805 15:54:54.050"></status>
</kw>
<kw name="Set Variable" library="BuiltIn">
<doc>Returns the given values which can then be assigned to a variables.</doc>
<arguments>
<arg>${COUNTER+1}</arg>
</arguments>
<assign>
<var>${COUNTER}</var>
</assign>
<msg timestamp="20220805 15:54:54.050" level="INFO">${COUNTER} = 29</msg>
<status status="PASS" starttime="20220805 15:54:54.050" endtime="20220805 15:54:54.050"></status>
</kw>
<status status="PASS" starttime="20220805 15:54:54.049" endtime="20220805 15:54:54.050"></status>
</kw>
<kw name="${item} = {'bookingid': 78}" type="foritem">
<kw name="Insert Into List" library="Collections">
<doc>Inserts ``value`` into ``list`` to the position specified with ``index``.</doc>
<arguments>
<arg>${BOOKINGIDS}</arg>
<arg>${COUNTER}</arg>
<arg>${item}[bookingid]</arg>
</arguments>
<status status="PASS" starttime="20220805 15:54:54.051" endtime="20220805 15:54:54.051"></status>
</kw>
<kw name="Set Variable" library="BuiltIn">
<doc>Returns the given values which can then be assigned to a variables.</doc>
<arguments>
<arg>${COUNTER+1}</arg>
</arguments>
<assign>
<var>${COUNTER}</var>
</assign>
<msg timestamp="20220805 15:54:54.052" level="INFO">${COUNTER} = 30</msg>
<status status="PASS" starttime="20220805 15:54:54.052" endtime="20220805 15:54:54.052"></status>
</kw>
<status status="PASS" starttime="20220805 15:54:54.050" endtime="20220805 15:54:54.052"></status>
</kw>
<kw name="${item} = {'bookingid': 355}" type="foritem">
<kw name="Insert Into List" library="Collections">
<doc>Inserts ``value`` into ``list`` to the position specified with ``index``.</doc>
<arguments>
<arg>${BOOKINGIDS}</arg>
<arg>${COUNTER}</arg>
<arg>${item}[bookingid]</arg>
</arguments>
<status status="PASS" starttime="20220805 15:54:54.052" endtime="20220805 15:54:54.052"></status>
</kw>
<kw name="Set Variable" library="BuiltIn">
<doc>Returns the given values which can then be assigned to a variables.</doc>
<arguments>
<arg>${COUNTER+1}</arg>
</arguments>
<assign>
<var>${COUNTER}</var>
</assign>
<msg timestamp="20220805 15:54:54.053" level="INFO">${COUNTER} = 31</msg>
<status status="PASS" starttime="20220805 15:54:54.052" endtime="20220805 15:54:54.053"></status>
</kw>
<status status="PASS" starttime="20220805 15:54:54.052" endtime="20220805 15:54:54.053"></status>
</kw>
<kw name="${item} = {'bookingid': 341}" type="foritem">
<kw name="Insert Into List" library="Collections">
<doc>Inserts ``value`` into ``list`` to the position specified with ``index``.</doc>
<arguments>
<arg>${BOOKINGIDS}</arg>
<arg>${COUNTER}</arg>
<arg>${item}[bookingid]</arg>
</arguments>
<status status="PASS" starttime="20220805 15:54:54.053" endtime="20220805 15:54:54.053"></status>
</kw>
<kw name="Set Variable" library="BuiltIn">
<doc>Returns the given values which can then be assigned to a variables.</doc>
<arguments>
<arg>${COUNTER+1}</arg>
</arguments>
<assign>
<var>${COUNTER}</var>
</assign>
<msg timestamp="20220805 15:54:54.054" level="INFO">${COUNTER} = 32</msg>
<status status="PASS" starttime="20220805 15:54:54.053" endtime="20220805 15:54:54.054"></status>
</kw>
<status status="PASS" starttime="20220805 15:54:54.053" endtime="20220805 15:54:54.054"></status>
</kw>
<kw name="${item} = {'bookingid': 72}" type="foritem">
<kw name="Insert Into List" library="Collections">
<doc>Inserts ``value`` into ``list`` to the position specified with ``index``.</doc>
<arguments>
<arg>${BOOKINGIDS}</arg>
<arg>${COUNTER}</arg>
<arg>${item}[bookingid]</arg>
</arguments>
<status status="PASS" starttime="20220805 15:54:54.054" endtime="20220805 15:54:54.054"></status>
</kw>
<kw name="Set Variable" library="BuiltIn">
<doc>Returns the given values which can then be assigned to a variables.</doc>
<arguments>
<arg>${COUNTER+1}</arg>
</arguments>
<assign>
<var>${COUNTER}</var>
</assign>
<msg timestamp="20220805 15:54:54.054" level="INFO">${COUNTER} = 33</msg>
<status status="PASS" starttime="20220805 15:54:54.054" endtime="20220805 15:54:54.054"></status>
</kw>
<status status="PASS" starttime="20220805 15:54:54.054" endtime="20220805 15:54:54.054"></status>
</kw>
<kw name="${item} = {'bookingid': 239}" type="foritem">
<kw name="Insert Into List" library="Collections">
<doc>Inserts ``value`` into ``list`` to the position specified with ``index``.</doc>
<arguments>
<arg>${BOOKINGIDS}</arg>
<arg>${COUNTER}</arg>
<arg>${item}[bookingid]</arg>
</arguments>
<status status="PASS" starttime="20220805 15:54:54.054" endtime="20220805 15:54:54.055"></status>
</kw>
<kw name="Set Variable" library="BuiltIn">
<doc>Returns the given values which can then be assigned to a variables.</doc>
<arguments>
<arg>${COUNTER+1}</arg>
</arguments>
<assign>
<var>${COUNTER}</var>
</assign>
<msg timestamp="20220805 15:54:54.055" level="INFO">${COUNTER} = 34</msg>
<status status="PASS" starttime="20220805 15:54:54.055" endtime="20220805 15:54:54.055"></status>
</kw>
<status status="PASS" starttime="20220805 15:54:54.054" endtime="20220805 15:54:54.055"></status>
</kw>
<kw name="${item} = {'bookingid': 399}" type="foritem">
<kw name="Insert Into List" library="Collections">
<doc>Inserts ``value`` into ``list`` to the position specified with ``index``.</doc>
<arguments>
<arg>${BOOKINGIDS}</arg>
<arg>${COUNTER}</arg>
<arg>${item}[bookingid]</arg>
</arguments>
<status status="PASS" starttime="20220805 15:54:54.055" endtime="20220805 15:54:54.056"></status>
</kw>
<kw name="Set Variable" library="BuiltIn">
<doc>Returns the given values which can then be assigned to a variables.</doc>
<arguments>
<arg>${COUNTER+1}</arg>
</arguments>
<assign>
<var>${COUNTER}</var>
</assign>
<msg timestamp="20220805 15:54:54.056" level="INFO">${COUNTER} = 35</msg>
<status status="PASS" starttime="20220805 15:54:54.056" endtime="20220805 15:54:54.056"></status>
</kw>
<status status="PASS" starttime="20220805 15:54:54.055" endtime="20220805 15:54:54.056"></status>
</kw>
<kw name="${item} = {'bookingid': 443}" type="foritem">
<kw name="Insert Into List" library="Collections">
<doc>Inserts ``value`` into ``list`` to the position specified with ``index``.</doc>
<arguments>
<arg>${BOOKINGIDS}</arg>
<arg>${COUNTER}</arg>
<arg>${item}[bookingid]</arg>
</arguments>
<status status="PASS" starttime="20220805 15:54:54.056" endtime="20220805 15:54:54.056"></status>
</kw>
<kw name="Set Variable" library="BuiltIn">
<doc>Returns the given values which can then be assigned to a variables.</doc>
<arguments>
<arg>${COUNTER+1}</arg>
</arguments>
<assign>
<var>${COUNTER}</var>
</assign>
<msg timestamp="20220805 15:54:54.057" level="INFO">${COUNTER} = 36</msg>
<status status="PASS" starttime="20220805 15:54:54.057" endtime="20220805 15:54:54.057"></status>
</kw>
<status status="PASS" starttime="20220805 15:54:54.056" endtime="20220805 15:54:54.057"></status>
</kw>
<kw name="${item} = {'bookingid': 40}" type="foritem">
<kw name="Insert Into List" library="Collections">
<doc>Inserts ``value`` into ``list`` to the position specified with ``index``.</doc>
<arguments>
<arg>${BOOKINGIDS}</arg>
<arg>${COUNTER}</arg>
<arg>${item}[bookingid]</arg>
</arguments>
<status status="PASS" starttime="20220805 15:54:54.057" endtime="20220805 15:54:54.057"></status>
</kw>
<kw name="Set Variable" library="BuiltIn">
<doc>Returns the given values which can then be assigned to a variables.</doc>
<arguments>
<arg>${COUNTER+1}</arg>
</arguments>
<assign>
<var>${COUNTER}</var>
</assign>
<msg timestamp="20220805 15:54:54.058" level="INFO">${COUNTER} = 37</msg>
<status status="PASS" starttime="20220805 15:54:54.057" endtime="20220805 15:54:54.058"></status>
</kw>
<status status="PASS" starttime="20220805 15:54:54.057" endtime="20220805 15:54:54.058"></status>
</kw>
<kw name="${item} = {'bookingid': 276}" type="foritem">
<kw name="Insert Into List" library="Collections">
<doc>Inserts ``value`` into ``list`` to the position specified with ``index``.</doc>
<arguments>
<arg>${BOOKINGIDS}</arg>
<arg>${COUNTER}</arg>
<arg>${item}[bookingid]</arg>
</arguments>
<status status="PASS" starttime="20220805 15:54:54.058" endtime="20220805 15:54:54.058"></status>
</kw>
<kw name="Set Variable" library="BuiltIn">
<doc>Returns the given values which can then be assigned to a variables.</doc>
<arguments>
<arg>${COUNTER+1}</arg>
</arguments>
<assign>
<var>${COUNTER}</var>
</assign>
<msg timestamp="20220805 15:54:54.058" level="INFO">${COUNTER} = 38</msg>
<status status="PASS" starttime="20220805 15:54:54.058" endtime="20220805 15:54:54.058"></status>
</kw>
<status status="PASS" starttime="20220805 15:54:54.058" endtime="20220805 15:54:54.058"></status>
</kw>
<kw name="${item} = {'bookingid': 8}" type="foritem">
<kw name="Insert Into List" library="Collections">
<doc>Inserts ``value`` into ``list`` to the position specified with ``index``.</doc>
<arguments>
<arg>${BOOKINGIDS}</arg>
<arg>${COUNTER}</arg>
<arg>${item}[bookingid]</arg>
</arguments>
<status status="PASS" starttime="20220805 15:54:54.059" endtime="20220805 15:54:54.060"></status>
</kw>
<kw name="Set Variable" library="BuiltIn">
<doc>Returns the given values which can then be assigned to a variables.</doc>
<arguments>
<arg>${COUNTER+1}</arg>
</arguments>
<assign>
<var>${COUNTER}</var>
</assign>
<msg timestamp="20220805 15:54:54.060" level="INFO">${COUNTER} = 39</msg>
<status status="PASS" starttime="20220805 15:54:54.060" endtime="20220805 15:54:54.060"></status>
</kw>
<status status="PASS" starttime="20220805 15:54:54.058" endtime="20220805 15:54:54.060"></status>
</kw>
<kw name="${item} = {'bookingid': 119}" type="foritem">
<kw name="Insert Into List" library="Collections">
<doc>Inserts ``value`` into ``list`` to the position specified with ``index``.</doc>
<arguments>
<arg>${BOOKINGIDS}</arg>
<arg>${COUNTER}</arg>
<arg>${item}[bookingid]</arg>
</arguments>
<status status="PASS" starttime="20220805 15:54:54.060" endtime="20220805 15:54:54.060"></status>
</kw>
<kw name="Set Variable" library="BuiltIn">
<doc>Returns the given values which can then be assigned to a variables.</doc>
<arguments>
<arg>${COUNTER+1}</arg>
</arguments>
<assign>
<var>${COUNTER}</var>
</assign>
<msg timestamp="20220805 15:54:54.061" level="INFO">${COUNTER} = 40</msg>
<status status="PASS" starttime="20220805 15:54:54.061" endtime="20220805 15:54:54.061"></status>
</kw>
<status status="PASS" starttime="20220805 15:54:54.060" endtime="20220805 15:54:54.061"></status>
</kw>
<kw name="${item} = {'bookingid': 331}" type="foritem">
<kw name="Insert Into List" library="Collections">
<doc>Inserts ``value`` into ``list`` to the position specified with ``index``.</doc>
<arguments>
<arg>${BOOKINGIDS}</arg>
<arg>${COUNTER}</arg>
<arg>${item}[bookingid]</arg>
</arguments>
<status status="PASS" starttime="20220805 15:54:54.061" endtime="20220805 15:54:54.061"></status>
</kw>
<kw name="Set Variable" library="BuiltIn">
<doc>Returns the given values which can then be assigned to a variables.</doc>
<arguments>
<arg>${COUNTER+1}</arg>
</arguments>
<assign>
<var>${COUNTER}</var>
</assign>
<msg timestamp="20220805 15:54:54.062" level="INFO">${COUNTER} = 41</msg>
<status status="PASS" starttime="20220805 15:54:54.061" endtime="20220805 15:54:54.062"></status>
</kw>
<status status="PASS" starttime="20220805 15:54:54.061" endtime="20220805 15:54:54.062"></status>
</kw>
<kw name="${item} = {'bookingid': 74}" type="foritem">
<kw name="Insert Into List" library="Collections">
<doc>Inserts ``value`` into ``list`` to the position specified with ``index``.</doc>
<arguments>
<arg>${BOOKINGIDS}</arg>
<arg>${COUNTER}</arg>
<arg>${item}[bookingid]</arg>
</arguments>
<status status="PASS" starttime="20220805 15:54:54.062" endtime="20220805 15:54:54.062"></status>
</kw>
<kw name="Set Variable" library="BuiltIn">
<doc>Returns the given values which can then be assigned to a variables.</doc>
<arguments>
<arg>${COUNTER+1}</arg>
</arguments>
<assign>
<var>${COUNTER}</var>
</assign>
<msg timestamp="20220805 15:54:54.062" level="INFO">${COUNTER} = 42</msg>
<status status="PASS" starttime="20220805 15:54:54.062" endtime="20220805 15:54:54.062"></status>
</kw>
<status status="PASS" starttime="20220805 15:54:54.062" endtime="20220805 15:54:54.062"></status>
</kw>
<kw name="${item} = {'bookingid': 349}" type="foritem">
<kw name="Insert Into List" library="Collections">
<doc>Inserts ``value`` into ``list`` to the position specified with ``index``.</doc>
<arguments>
<arg>${BOOKINGIDS}</arg>
<arg>${COUNTER}</arg>
<arg>${item}[bookingid]</arg>
</arguments>
<status status="PASS" starttime="20220805 15:54:54.063" endtime="20220805 15:54:54.063"></status>
</kw>
<kw name="Set Variable" library="BuiltIn">
<doc>Returns the given values which can then be assigned to a variables.</doc>
<arguments>
<arg>${COUNTER+1}</arg>
</arguments>
<assign>
<var>${COUNTER}</var>
</assign>
<msg timestamp="20220805 15:54:54.063" level="INFO">${COUNTER} = 43</msg>
<status status="PASS" starttime="20220805 15:54:54.063" endtime="20220805 15:54:54.063"></status>
</kw>
<status status="PASS" starttime="20220805 15:54:54.062" endtime="20220805 15:54:54.063"></status>
</kw>
<kw name="${item} = {'bookingid': 362}" type="foritem">
<kw name="Insert Into List" library="Collections">
<doc>Inserts ``value`` into ``list`` to the position specified with ``index``.</doc>
<arguments>
<arg>${BOOKINGIDS}</arg>
<arg>${COUNTER}</arg>
<arg>${item}[bookingid]</arg>
</arguments>
<status status="PASS" starttime="20220805 15:54:54.063" endtime="20220805 15:54:54.064"></status>
</kw>
<kw name="Set Variable" library="BuiltIn">
<doc>Returns the given values which can then be assigned to a variables.</doc>
<arguments>
<arg>${COUNTER+1}</arg>
</arguments>
<assign>
<var>${COUNTER}</var>
</assign>
<msg timestamp="20220805 15:54:54.064" level="INFO">${COUNTER} = 44</msg>
<status status="PASS" starttime="20220805 15:54:54.064" endtime="20220805 15:54:54.064"></status>
</kw>
<status status="PASS" starttime="20220805 15:54:54.063" endtime="20220805 15:54:54.064"></status>
</kw>
<kw name="${item} = {'bookingid': 366}" type="foritem">
<kw name="Insert Into List" library="Collections">
<doc>Inserts ``value`` into ``list`` to the position specified with ``index``.</doc>
<arguments>
<arg>${BOOKINGIDS}</arg>
<arg>${COUNTER}</arg>
<arg>${item}[bookingid]</arg>
</arguments>
<status status="PASS" starttime="20220805 15:54:54.064" endtime="20220805 15:54:54.064"></status>
</kw>
<kw name="Set Variable" library="BuiltIn">
<doc>Returns the given values which can then be assigned to a variables.</doc>
<arguments>
<arg>${COUNTER+1}</arg>
</arguments>
<assign>
<var>${COUNTER}</var>
</assign>
<msg timestamp="20220805 15:54:54.065" level="INFO">${COUNTER} = 45</msg>
<status status="PASS" starttime="20220805 15:54:54.064" endtime="20220805 15:54:54.065"></status>
</kw>
<status status="PASS" starttime="20220805 15:54:54.064" endtime="20220805 15:54:54.065"></status>
</kw>
<kw name="${item} = {'bookingid': 141}" type="foritem">
<kw name="Insert Into List" library="Collections">
<doc>Inserts ``value`` into ``list`` to the position specified with ``index``.</doc>
<arguments>
<arg>${BOOKINGIDS}</arg>
<arg>${COUNTER}</arg>
<arg>${item}[bookingid]</arg>
</arguments>
<status status="PASS" starttime="20220805 15:54:54.065" endtime="20220805 15:54:54.065"></status>
</kw>
<kw name="Set Variable" library="BuiltIn">
<doc>Returns the given values which can then be assigned to a variables.</doc>
<arguments>
<arg>${COUNTER+1}</arg>
</arguments>
<assign>
<var>${COUNTER}</var>
</assign>
<msg timestamp="20220805 15:54:54.065" level="INFO">${COUNTER} = 46</msg>
<status status="PASS" starttime="20220805 15:54:54.065" endtime="20220805 15:54:54.065"></status>
</kw>
<status status="PASS" starttime="20220805 15:54:54.065" endtime="20220805 15:54:54.065"></status>
</kw>
<kw name="${item} = {'bookingid': 17}" type="foritem">
<kw name="Insert Into List" library="Collections">
<doc>Inserts ``value`` into ``list`` to the position specified with ``index``.</doc>
<arguments>
<arg>${BOOKINGIDS}</arg>
<arg>${COUNTER}</arg>
<arg>${item}[bookingid]</arg>
</arguments>
<status status="PASS" starttime="20220805 15:54:54.066" endtime="20220805 15:54:54.066"></status>
</kw>
<kw name="Set Variable" library="BuiltIn">
<doc>Returns the given values which can then be assigned to a variables.</doc>
<arguments>
<arg>${COUNTER+1}</arg>
</arguments>
<assign>
<var>${COUNTER}</var>
</assign>
<msg timestamp="20220805 15:54:54.067" level="INFO">${COUNTER} = 47</msg>
<status status="PASS" starttime="20220805 15:54:54.066" endtime="20220805 15:54:54.067"></status>
</kw>
<status status="PASS" starttime="20220805 15:54:54.066" endtime="20220805 15:54:54.067"></status>
</kw>
<kw name="${item} = {'bookingid': 452}" type="foritem">
<kw name="Insert Into List" library="Collections">
<doc>Inserts ``value`` into ``list`` to the position specified with ``index``.</doc>
<arguments>
<arg>${BOOKINGIDS}</arg>
<arg>${COUNTER}</arg>
<arg>${item}[bookingid]</arg>
</arguments>
<status status="PASS" starttime="20220805 15:54:54.067" endtime="20220805 15:54:54.067"></status>
</kw>
<kw name="Set Variable" library="BuiltIn">
<doc>Returns the given values which can then be assigned to a variables.</doc>
<arguments>
<arg>${COUNTER+1}</arg>
</arguments>
<assign>
<var>${COUNTER}</var>
</assign>
<msg timestamp="20220805 15:54:54.068" level="INFO">${COUNTER} = 48</msg>
<status status="PASS" starttime="20220805 15:54:54.068" endtime="20220805 15:54:54.069"></status>
</kw>
<status status="PASS" starttime="20220805 15:54:54.067" endtime="20220805 15:54:54.069"></status>
</kw>
<kw name="${item} = {'bookingid': 11}" type="foritem">
<kw name="Insert Into List" library="Collections">
<doc>Inserts ``value`` into ``list`` to the position specified with ``index``.</doc>
<arguments>
<arg>${BOOKINGIDS}</arg>
<arg>${COUNTER}</arg>
<arg>${item}[bookingid]</arg>
</arguments>
<status status="PASS" starttime="20220805 15:54:54.069" endtime="20220805 15:54:54.069"></status>
</kw>
<kw name="Set Variable" library="BuiltIn">
<doc>Returns the given values which can then be assigned to a variables.</doc>
<arguments>
<arg>${COUNTER+1}</arg>
</arguments>
<assign>
<var>${COUNTER}</var>
</assign>
<msg timestamp="20220805 15:54:54.070" level="INFO">${COUNTER} = 49</msg>
<status status="PASS" starttime="20220805 15:54:54.069" endtime="20220805 15:54:54.070"></status>
</kw>
<status status="PASS" starttime="20220805 15:54:54.069" endtime="20220805 15:54:54.070"></status>
</kw>
<kw name="${item} = {'bookingid': 403}" type="foritem">
<kw name="Insert Into List" library="Collections">
<doc>Inserts ``value`` into ``list`` to the position specified with ``index``.</doc>
<arguments>
<arg>${BOOKINGIDS}</arg>
<arg>${COUNTER}</arg>
<arg>${item}[bookingid]</arg>
</arguments>
<status status="PASS" starttime="20220805 15:54:54.070" endtime="20220805 15:54:54.071"></status>
</kw>
<kw name="Set Variable" library="BuiltIn">
<doc>Returns the given values which can then be assigned to a variables.</doc>
<arguments>
<arg>${COUNTER+1}</arg>
</arguments>
<assign>
<var>${COUNTER}</var>
</assign>
<msg timestamp="20220805 15:54:54.071" level="INFO">${COUNTER} = 50</msg>
<status status="PASS" starttime="20220805 15:54:54.071" endtime="20220805 15:54:54.071"></status>
</kw>
<status status="PASS" starttime="20220805 15:54:54.070" endtime="20220805 15:54:54.071"></status>
</kw>
<kw name="${item} = {'bookingid': 140}" type="foritem">
<kw name="Insert Into List" library="Collections">
<doc>Inserts ``value`` into ``list`` to the position specified with ``index``.</doc>
<arguments>
<arg>${BOOKINGIDS}</arg>
<arg>${COUNTER}</arg>
<arg>${item}[bookingid]</arg>
</arguments>
<status status="PASS" starttime="20220805 15:54:54.071" endtime="20220805 15:54:54.072"></status>
</kw>
<kw name="Set Variable" library="BuiltIn">
<doc>Returns the given values which can then be assigned to a variables.</doc>
<arguments>
<arg>${COUNTER+1}</arg>
</arguments>
<assign>
<var>${COUNTER}</var>
</assign>
<msg timestamp="20220805 15:54:54.072" level="INFO">${COUNTER} = 51</msg>
<status status="PASS" starttime="20220805 15:54:54.072" endtime="20220805 15:54:54.072"></status>
</kw>
<status status="PASS" starttime="20220805 15:54:54.071" endtime="20220805 15:54:54.073"></status>
</kw>
<kw name="${item} = {'bookingid': 324}" type="foritem">
<kw name="Insert Into List" library="Collections">
<doc>Inserts ``value`` into ``list`` to the position specified with ``index``.</doc>
<arguments>
<arg>${BOOKINGIDS}</arg>
<arg>${COUNTER}</arg>
<arg>${item}[bookingid]</arg>
</arguments>
<status status="PASS" starttime="20220805 15:54:54.073" endtime="20220805 15:54:54.073"></status>
</kw>
<kw name="Set Variable" library="BuiltIn">
<doc>Returns the given values which can then be assigned to a variables.</doc>
<arguments>
<arg>${COUNTER+1}</arg>
</arguments>
<assign>
<var>${COUNTER}</var>
</assign>
<msg timestamp="20220805 15:54:54.073" level="INFO">${COUNTER} = 52</msg>
<status status="PASS" starttime="20220805 15:54:54.073" endtime="20220805 15:54:54.074"></status>
</kw>
<status status="PASS" starttime="20220805 15:54:54.073" endtime="20220805 15:54:54.074"></status>
</kw>
<kw name="${item} = {'bookingid': 405}" type="foritem">
<kw name="Insert Into List" library="Collections">
<doc>Inserts ``value`` into ``list`` to the position specified with ``index``.</doc>
<arguments>
<arg>${BOOKINGIDS}</arg>
<arg>${COUNTER}</arg>
<arg>${item}[bookingid]</arg>
</arguments>
<status status="PASS" starttime="20220805 15:54:54.074" endtime="20220805 15:54:54.074"></status>
</kw>
<kw name="Set Variable" library="BuiltIn">
<doc>Returns the given values which can then be assigned to a variables.</doc>
<arguments>
<arg>${COUNTER+1}</arg>
</arguments>
<assign>
<var>${COUNTER}</var>
</assign>
<msg timestamp="20220805 15:54:54.075" level="INFO">${COUNTER} = 53</msg>
<status status="PASS" starttime="20220805 15:54:54.074" endtime="20220805 15:54:54.075"></status>
</kw>
<status status="PASS" starttime="20220805 15:54:54.074" endtime="20220805 15:54:54.075"></status>
</kw>
<kw name="${item} = {'bookingid': 212}" type="foritem">
<kw name="Insert Into List" library="Collections">
<doc>Inserts ``value`` into ``list`` to the position specified with ``index``.</doc>
<arguments>
<arg>${BOOKINGIDS}</arg>
<arg>${COUNTER}</arg>
<arg>${item}[bookingid]</arg>
</arguments>
<status status="PASS" starttime="20220805 15:54:54.075" endtime="20220805 15:54:54.075"></status>
</kw>
<kw name="Set Variable" library="BuiltIn">
<doc>Returns the given values which can then be assigned to a variables.</doc>
<arguments>
<arg>${COUNTER+1}</arg>
</arguments>
<assign>
<var>${COUNTER}</var>
</assign>
<msg timestamp="20220805 15:54:54.076" level="INFO">${COUNTER} = 54</msg>
<status status="PASS" starttime="20220805 15:54:54.076" endtime="20220805 15:54:54.076"></status>
</kw>
<status status="PASS" starttime="20220805 15:54:54.075" endtime="20220805 15:54:54.076"></status>
</kw>
<kw name="${item} = {'bookingid': 86}" type="foritem">
<kw name="Insert Into List" library="Collections">
<doc>Inserts ``value`` into ``list`` to the position specified with ``index``.</doc>
<arguments>
<arg>${BOOKINGIDS}</arg>
<arg>${COUNTER}</arg>
<arg>${item}[bookingid]</arg>
</arguments>
<status status="PASS" starttime="20220805 15:54:54.076" endtime="20220805 15:54:54.076"></status>
</kw>
<kw name="Set Variable" library="BuiltIn">
<doc>Returns the given values which can then be assigned to a variables.</doc>
<arguments>
<arg>${COUNTER+1}</arg>
</arguments>
<assign>
<var>${COUNTER}</var>
</assign>
<msg timestamp="20220805 15:54:54.077" level="INFO">${COUNTER} = 55</msg>
<status status="PASS" starttime="20220805 15:54:54.077" endtime="20220805 15:54:54.077"></status>
</kw>
<status status="PASS" starttime="20220805 15:54:54.076" endtime="20220805 15:54:54.077"></status>
</kw>
<kw name="${item} = {'bookingid': 264}" type="foritem">
<kw name="Insert Into List" library="Collections">
<doc>Inserts ``value`` into ``list`` to the position specified with ``index``.</doc>
<arguments>
<arg>${BOOKINGIDS}</arg>
<arg>${COUNTER}</arg>
<arg>${item}[bookingid]</arg>
</arguments>
<status status="PASS" starttime="20220805 15:54:54.077" endtime="20220805 15:54:54.077"></status>
</kw>
<kw name="Set Variable" library="BuiltIn">
<doc>Returns the given values which can then be assigned to a variables.</doc>
<arguments>
<arg>${COUNTER+1}</arg>
</arguments>
<assign>
<var>${COUNTER}</var>
</assign>
<msg timestamp="20220805 15:54:54.078" level="INFO">${COUNTER} = 56</msg>
<status status="PASS" starttime="20220805 15:54:54.078" endtime="20220805 15:54:54.078"></status>
</kw>
<status status="PASS" starttime="20220805 15:54:54.077" endtime="20220805 15:54:54.078"></status>
</kw>
<kw name="${item} = {'bookingid': 309}" type="foritem">
<kw name="Insert Into List" library="Collections">
<doc>Inserts ``value`` into ``list`` to the position specified with ``index``.</doc>
<arguments>
<arg>${BOOKINGIDS}</arg>
<arg>${COUNTER}</arg>
<arg>${item}[bookingid]</arg>
</arguments>
<status status="PASS" starttime="20220805 15:54:54.078" endtime="20220805 15:54:54.078"></status>
</kw>
<kw name="Set Variable" library="BuiltIn">
<doc>Returns the given values which can then be assigned to a variables.</doc>
<arguments>
<arg>${COUNTER+1}</arg>
</arguments>
<assign>
<var>${COUNTER}</var>
</assign>
<msg timestamp="20220805 15:54:54.080" level="INFO">${COUNTER} = 57</msg>
<status status="PASS" starttime="20220805 15:54:54.079" endtime="20220805 15:54:54.080"></status>
</kw>
<status status="PASS" starttime="20220805 15:54:54.078" endtime="20220805 15:54:54.080"></status>
</kw>
<kw name="${item} = {'bookingid': 135}" type="foritem">
<kw name="Insert Into List" library="Collections">
<doc>Inserts ``value`` into ``list`` to the position specified with ``index``.</doc>
<arguments>
<arg>${BOOKINGIDS}</arg>
<arg>${COUNTER}</arg>
<arg>${item}[bookingid]</arg>
</arguments>
<status status="PASS" starttime="20220805 15:54:54.080" endtime="20220805 15:54:54.080"></status>
</kw>
<kw name="Set Variable" library="BuiltIn">
<doc>Returns the given values which can then be assigned to a variables.</doc>
<arguments>
<arg>${COUNTER+1}</arg>
</arguments>
<assign>
<var>${COUNTER}</var>
</assign>
<msg timestamp="20220805 15:54:54.081" level="INFO">${COUNTER} = 58</msg>
<status status="PASS" starttime="20220805 15:54:54.080" endtime="20220805 15:54:54.081"></status>
</kw>
<status status="PASS" starttime="20220805 15:54:54.080" endtime="20220805 15:54:54.081"></status>
</kw>
<kw name="${item} = {'bookingid': 99}" type="foritem">
<kw name="Insert Into List" library="Collections">
<doc>Inserts ``value`` into ``list`` to the position specified with ``index``.</doc>
<arguments>
<arg>${BOOKINGIDS}</arg>
<arg>${COUNTER}</arg>
<arg>${item}[bookingid]</arg>
</arguments>
<status status="PASS" starttime="20220805 15:54:54.081" endtime="20220805 15:54:54.081"></status>
</kw>
<kw name="Set Variable" library="BuiltIn">
<doc>Returns the given values which can then be assigned to a variables.</doc>
<arguments>
<arg>${COUNTER+1}</arg>
</arguments>
<assign>
<var>${COUNTER}</var>
</assign>
<msg timestamp="20220805 15:54:54.082" level="INFO">${COUNTER} = 59</msg>
<status status="PASS" starttime="20220805 15:54:54.081" endtime="20220805 15:54:54.082"></status>
</kw>
<status status="PASS" starttime="20220805 15:54:54.081" endtime="20220805 15:54:54.082"></status>
</kw>
<kw name="${item} = {'bookingid': 417}" type="foritem">
<kw name="Insert Into List" library="Collections">
<doc>Inserts ``value`` into ``list`` to the position specified with ``index``.</doc>
<arguments>
<arg>${BOOKINGIDS}</arg>
<arg>${COUNTER}</arg>
<arg>${item}[bookingid]</arg>
</arguments>
<status status="PASS" starttime="20220805 15:54:54.082" endtime="20220805 15:54:54.082"></status>
</kw>
<kw name="Set Variable" library="BuiltIn">
<doc>Returns the given values which can then be assigned to a variables.</doc>
<arguments>
<arg>${COUNTER+1}</arg>
</arguments>
<assign>
<var>${COUNTER}</var>
</assign>
<msg timestamp="20220805 15:54:54.083" level="INFO">${COUNTER} = 60</msg>
<status status="PASS" starttime="20220805 15:54:54.082" endtime="20220805 15:54:54.083"></status>
</kw>
<status status="PASS" starttime="20220805 15:54:54.082" endtime="20220805 15:54:54.083"></status>
</kw>
<kw name="${item} = {'bookingid': 191}" type="foritem">
<kw name="Insert Into List" library="Collections">
<doc>Inserts ``value`` into ``list`` to the position specified with ``index``.</doc>
<arguments>
<arg>${BOOKINGIDS}</arg>
<arg>${COUNTER}</arg>
<arg>${item}[bookingid]</arg>
</arguments>
<status status="PASS" starttime="20220805 15:54:54.083" endtime="20220805 15:54:54.083"></status>
</kw>
<kw name="Set Variable" library="BuiltIn">
<doc>Returns the given values which can then be assigned to a variables.</doc>
<arguments>
<arg>${COUNTER+1}</arg>
</arguments>
<assign>
<var>${COUNTER}</var>
</assign>
<msg timestamp="20220805 15:54:54.083" level="INFO">${COUNTER} = 61</msg>
<status status="PASS" starttime="20220805 15:54:54.083" endtime="20220805 15:54:54.083"></status>
</kw>
<status status="PASS" starttime="20220805 15:54:54.083" endtime="20220805 15:54:54.083"></status>
</kw>
<kw name="${item} = {'bookingid': 225}" type="foritem">
<kw name="Insert Into List" library="Collections">
<doc>Inserts ``value`` into ``list`` to the position specified with ``index``.</doc>
<arguments>
<arg>${BOOKINGIDS}</arg>
<arg>${COUNTER}</arg>
<arg>${item}[bookingid]</arg>
</arguments>
<status status="PASS" starttime="20220805 15:54:54.084" endtime="20220805 15:54:54.084"></status>
</kw>
<kw name="Set Variable" library="BuiltIn">
<doc>Returns the given values which can then be assigned to a variables.</doc>
<arguments>
<arg>${COUNTER+1}</arg>
</arguments>
<assign>
<var>${COUNTER}</var>
</assign>
<msg timestamp="20220805 15:54:54.084" level="INFO">${COUNTER} = 62</msg>
<status status="PASS" starttime="20220805 15:54:54.084" endtime="20220805 15:54:54.084"></status>
</kw>
<status status="PASS" starttime="20220805 15:54:54.084" endtime="20220805 15:54:54.084"></status>
</kw>
<kw name="${item} = {'bookingid': 447}" type="foritem">
<kw name="Insert Into List" library="Collections">
<doc>Inserts ``value`` into ``list`` to the position specified with ``index``.</doc>
<arguments>
<arg>${BOOKINGIDS}</arg>
<arg>${COUNTER}</arg>
<arg>${item}[bookingid]</arg>
</arguments>
<status status="PASS" starttime="20220805 15:54:54.084" endtime="20220805 15:54:54.085"></status>
</kw>
<kw name="Set Variable" library="BuiltIn">
<doc>Returns the given values which can then be assigned to a variables.</doc>
<arguments>
<arg>${COUNTER+1}</arg>
</arguments>
<assign>
<var>${COUNTER}</var>
</assign>
<msg timestamp="20220805 15:54:54.085" level="INFO">${COUNTER} = 63</msg>
<status status="PASS" starttime="20220805 15:54:54.085" endtime="20220805 15:54:54.085"></status>
</kw>
<status status="PASS" starttime="20220805 15:54:54.084" endtime="20220805 15:54:54.085"></status>
</kw>
<kw name="${item} = {'bookingid': 363}" type="foritem">
<kw name="Insert Into List" library="Collections">
<doc>Inserts ``value`` into ``list`` to the position specified with ``index``.</doc>
<arguments>
<arg>${BOOKINGIDS}</arg>
<arg>${COUNTER}</arg>
<arg>${item}[bookingid]</arg>
</arguments>
<status status="PASS" starttime="20220805 15:54:54.085" endtime="20220805 15:54:54.085"></status>
</kw>
<kw name="Set Variable" library="BuiltIn">
<doc>Returns the given values which can then be assigned to a variables.</doc>
<arguments>
<arg>${COUNTER+1}</arg>
</arguments>
<assign>
<var>${COUNTER}</var>
</assign>
<msg timestamp="20220805 15:54:54.086" level="INFO">${COUNTER} = 64</msg>
<status status="PASS" starttime="20220805 15:54:54.085" endtime="20220805 15:54:54.086"></status>
</kw>
<status status="PASS" starttime="20220805 15:54:54.085" endtime="20220805 15:54:54.086"></status>
</kw>
<kw name="${item} = {'bookingid': 62}" type="foritem">
<kw name="Insert Into List" library="Collections">
<doc>Inserts ``value`` into ``list`` to the position specified with ``index``.</doc>
<arguments>
<arg>${BOOKINGIDS}</arg>
<arg>${COUNTER}</arg>
<arg>${item}[bookingid]</arg>
</arguments>
<status status="PASS" starttime="20220805 15:54:54.086" endtime="20220805 15:54:54.086"></status>
</kw>
<kw name="Set Variable" library="BuiltIn">
<doc>Returns the given values which can then be assigned to a variables.</doc>
<arguments>
<arg>${COUNTER+1}</arg>
</arguments>
<assign>
<var>${COUNTER}</var>
</assign>
<msg timestamp="20220805 15:54:54.087" level="INFO">${COUNTER} = 65</msg>
<status status="PASS" starttime="20220805 15:54:54.086" endtime="20220805 15:54:54.087"></status>
</kw>
<status status="PASS" starttime="20220805 15:54:54.086" endtime="20220805 15:54:54.087"></status>
</kw>
<kw name="${item} = {'bookingid': 170}" type="foritem">
<kw name="Insert Into List" library="Collections">
<doc>Inserts ``value`` into ``list`` to the position specified with ``index``.</doc>
<arguments>
<arg>${BOOKINGIDS}</arg>
<arg>${COUNTER}</arg>
<arg>${item}[bookingid]</arg>
</arguments>
<status status="PASS" starttime="20220805 15:54:54.087" endtime="20220805 15:54:54.087"></status>
</kw>
<kw name="Set Variable" library="BuiltIn">
<doc>Returns the given values which can then be assigned to a variables.</doc>
<arguments>
<arg>${COUNTER+1}</arg>
</arguments>
<assign>
<var>${COUNTER}</var>
</assign>
<msg timestamp="20220805 15:54:54.087" level="INFO">${COUNTER} = 66</msg>
<status status="PASS" starttime="20220805 15:54:54.087" endtime="20220805 15:54:54.088"></status>
</kw>
<status status="PASS" starttime="20220805 15:54:54.087" endtime="20220805 15:54:54.088"></status>
</kw>
<kw name="${item} = {'bookingid': 9}" type="foritem">
<kw name="Insert Into List" library="Collections">
<doc>Inserts ``value`` into ``list`` to the position specified with ``index``.</doc>
<arguments>
<arg>${BOOKINGIDS}</arg>
<arg>${COUNTER}</arg>
<arg>${item}[bookingid]</arg>
</arguments>
<status status="PASS" starttime="20220805 15:54:54.088" endtime="20220805 15:54:54.089"></status>
</kw>
<kw name="Set Variable" library="BuiltIn">
<doc>Returns the given values which can then be assigned to a variables.</doc>
<arguments>
<arg>${COUNTER+1}</arg>
</arguments>
<assign>
<var>${COUNTER}</var>
</assign>
<msg timestamp="20220805 15:54:54.089" level="INFO">${COUNTER} = 67</msg>
<status status="PASS" starttime="20220805 15:54:54.089" endtime="20220805 15:54:54.089"></status>
</kw>
<status status="PASS" starttime="20220805 15:54:54.088" endtime="20220805 15:54:54.089"></status>
</kw>
<kw name="${item} = {'bookingid': 55}" type="foritem">
<kw name="Insert Into List" library="Collections">
<doc>Inserts ``value`` into ``list`` to the position specified with ``index``.</doc>
<arguments>
<arg>${BOOKINGIDS}</arg>
<arg>${COUNTER}</arg>
<arg>${item}[bookingid]</arg>
</arguments>
<status status="PASS" starttime="20220805 15:54:54.089" endtime="20220805 15:54:54.089"></status>
</kw>
<kw name="Set Variable" library="BuiltIn">
<doc>Returns the given values which can then be assigned to a variables.</doc>
<arguments>
<arg>${COUNTER+1}</arg>
</arguments>
<assign>
<var>${COUNTER}</var>
</assign>
<msg timestamp="20220805 15:54:54.090" level="INFO">${COUNTER} = 68</msg>
<status status="PASS" starttime="20220805 15:54:54.089" endtime="20220805 15:54:54.090"></status>
</kw>
<status status="PASS" starttime="20220805 15:54:54.089" endtime="20220805 15:54:54.090"></status>
</kw>
<kw name="${item} = {'bookingid': 358}" type="foritem">
<kw name="Insert Into List" library="Collections">
<doc>Inserts ``value`` into ``list`` to the position specified with ``index``.</doc>
<arguments>
<arg>${BOOKINGIDS}</arg>
<arg>${COUNTER}</arg>
<arg>${item}[bookingid]</arg>
</arguments>
<status status="PASS" starttime="20220805 15:54:54.090" endtime="20220805 15:54:54.090"></status>
</kw>
<kw name="Set Variable" library="BuiltIn">
<doc>Returns the given values which can then be assigned to a variables.</doc>
<arguments>
<arg>${COUNTER+1}</arg>
</arguments>
<assign>
<var>${COUNTER}</var>
</assign>
<msg timestamp="20220805 15:54:54.090" level="INFO">${COUNTER} = 69</msg>
<status status="PASS" starttime="20220805 15:54:54.090" endtime="20220805 15:54:54.090"></status>
</kw>
<status status="PASS" starttime="20220805 15:54:54.090" endtime="20220805 15:54:54.090"></status>
</kw>
<kw name="${item} = {'bookingid': 70}" type="foritem">
<kw name="Insert Into List" library="Collections">
<doc>Inserts ``value`` into ``list`` to the position specified with ``index``.</doc>
<arguments>
<arg>${BOOKINGIDS}</arg>
<arg>${COUNTER}</arg>
<arg>${item}[bookingid]</arg>
</arguments>
<status status="PASS" starttime="20220805 15:54:54.091" endtime="20220805 15:54:54.091"></status>
</kw>
<kw name="Set Variable" library="BuiltIn">
<doc>Returns the given values which can then be assigned to a variables.</doc>
<arguments>
<arg>${COUNTER+1}</arg>
</arguments>
<assign>
<var>${COUNTER}</var>
</assign>
<msg timestamp="20220805 15:54:54.091" level="INFO">${COUNTER} = 70</msg>
<status status="PASS" starttime="20220805 15:54:54.091" endtime="20220805 15:54:54.091"></status>
</kw>
<status status="PASS" starttime="20220805 15:54:54.090" endtime="20220805 15:54:54.091"></status>
</kw>
<kw name="${item} = {'bookingid': 402}" type="foritem">
<kw name="Insert Into List" library="Collections">
<doc>Inserts ``value`` into ``list`` to the position specified with ``index``.</doc>
<arguments>
<arg>${BOOKINGIDS}</arg>
<arg>${COUNTER}</arg>
<arg>${item}[bookingid]</arg>
</arguments>
<status status="PASS" starttime="20220805 15:54:54.091" endtime="20220805 15:54:54.092"></status>
</kw>
<kw name="Set Variable" library="BuiltIn">
<doc>Returns the given values which can then be assigned to a variables.</doc>
<arguments>
<arg>${COUNTER+1}</arg>
</arguments>
<assign>
<var>${COUNTER}</var>
</assign>
<msg timestamp="20220805 15:54:54.092" level="INFO">${COUNTER} = 71</msg>
<status status="PASS" starttime="20220805 15:54:54.092" endtime="20220805 15:54:54.092"></status>
</kw>
<status status="PASS" starttime="20220805 15:54:54.091" endtime="20220805 15:54:54.092"></status>
</kw>
<kw name="${item} = {'bookingid': 47}" type="foritem">
<kw name="Insert Into List" library="Collections">
<doc>Inserts ``value`` into ``list`` to the position specified with ``index``.</doc>
<arguments>
<arg>${BOOKINGIDS}</arg>
<arg>${COUNTER}</arg>
<arg>${item}[bookingid]</arg>
</arguments>
<status status="PASS" starttime="20220805 15:54:54.092" endtime="20220805 15:54:54.092"></status>
</kw>
<kw name="Set Variable" library="BuiltIn">
<doc>Returns the given values which can then be assigned to a variables.</doc>
<arguments>
<arg>${COUNTER+1}</arg>
</arguments>
<assign>
<var>${COUNTER}</var>
</assign>
<msg timestamp="20220805 15:54:54.093" level="INFO">${COUNTER} = 72</msg>
<status status="PASS" starttime="20220805 15:54:54.092" endtime="20220805 15:54:54.093"></status>
</kw>
<status status="PASS" starttime="20220805 15:54:54.092" endtime="20220805 15:54:54.093"></status>
</kw>
<kw name="${item} = {'bookingid': 308}" type="foritem">
<kw name="Insert Into List" library="Collections">
<doc>Inserts ``value`` into ``list`` to the position specified with ``index``.</doc>
<arguments>
<arg>${BOOKINGIDS}</arg>
<arg>${COUNTER}</arg>
<arg>${item}[bookingid]</arg>
</arguments>
<status status="PASS" starttime="20220805 15:54:54.093" endtime="20220805 15:54:54.093"></status>
</kw>
<kw name="Set Variable" library="BuiltIn">
<doc>Returns the given values which can then be assigned to a variables.</doc>
<arguments>
<arg>${COUNTER+1}</arg>
</arguments>
<assign>
<var>${COUNTER}</var>
</assign>
<msg timestamp="20220805 15:54:54.093" level="INFO">${COUNTER} = 73</msg>
<status status="PASS" starttime="20220805 15:54:54.093" endtime="20220805 15:54:54.093"></status>
</kw>
<status status="PASS" starttime="20220805 15:54:54.093" endtime="20220805 15:54:54.093"></status>
</kw>
<kw name="${item} = {'bookingid': 305}" type="foritem">
<kw name="Insert Into List" library="Collections">
<doc>Inserts ``value`` into ``list`` to the position specified with ``index``.</doc>
<arguments>
<arg>${BOOKINGIDS}</arg>
<arg>${COUNTER}</arg>
<arg>${item}[bookingid]</arg>
</arguments>
<status status="PASS" starttime="20220805 15:54:54.093" endtime="20220805 15:54:54.094"></status>
</kw>
<kw name="Set Variable" library="BuiltIn">
<doc>Returns the given values which can then be assigned to a variables.</doc>
<arguments>
<arg>${COUNTER+1}</arg>
</arguments>
<assign>
<var>${COUNTER}</var>
</assign>
<msg timestamp="20220805 15:54:54.094" level="INFO">${COUNTER} = 74</msg>
<status status="PASS" starttime="20220805 15:54:54.094" endtime="20220805 15:54:54.094"></status>
</kw>
<status status="PASS" starttime="20220805 15:54:54.093" endtime="20220805 15:54:54.094"></status>
</kw>
<kw name="${item} = {'bookingid': 401}" type="foritem">
<kw name="Insert Into List" library="Collections">
<doc>Inserts ``value`` into ``list`` to the position specified with ``index``.</doc>
<arguments>
<arg>${BOOKINGIDS}</arg>
<arg>${COUNTER}</arg>
<arg>${item}[bookingid]</arg>
</arguments>
<status status="PASS" starttime="20220805 15:54:54.094" endtime="20220805 15:54:54.094"></status>
</kw>
<kw name="Set Variable" library="BuiltIn">
<doc>Returns the given values which can then be assigned to a variables.</doc>
<arguments>
<arg>${COUNTER+1}</arg>
</arguments>
<assign>
<var>${COUNTER}</var>
</assign>
<msg timestamp="20220805 15:54:54.095" level="INFO">${COUNTER} = 75</msg>
<status status="PASS" starttime="20220805 15:54:54.094" endtime="20220805 15:54:54.095"></status>
</kw>
<status status="PASS" starttime="20220805 15:54:54.094" endtime="20220805 15:54:54.095"></status>
</kw>
<kw name="${item} = {'bookingid': 229}" type="foritem">
<kw name="Insert Into List" library="Collections">
<doc>Inserts ``value`` into ``list`` to the position specified with ``index``.</doc>
<arguments>
<arg>${BOOKINGIDS}</arg>
<arg>${COUNTER}</arg>
<arg>${item}[bookingid]</arg>
</arguments>
<status status="PASS" starttime="20220805 15:54:54.096" endtime="20220805 15:54:54.096"></status>
</kw>
<kw name="Set Variable" library="BuiltIn">
<doc>Returns the given values which can then be assigned to a variables.</doc>
<arguments>
<arg>${COUNTER+1}</arg>
</arguments>
<assign>
<var>${COUNTER}</var>
</assign>
<msg timestamp="20220805 15:54:54.096" level="INFO">${COUNTER} = 76</msg>
<status status="PASS" starttime="20220805 15:54:54.096" endtime="20220805 15:54:54.096"></status>
</kw>
<status status="PASS" starttime="20220805 15:54:54.095" endtime="20220805 15:54:54.096"></status>
</kw>
<kw name="${item} = {'bookingid': 45}" type="foritem">
<kw name="Insert Into List" library="Collections">
<doc>Inserts ``value`` into ``list`` to the position specified with ``index``.</doc>
<arguments>
<arg>${BOOKINGIDS}</arg>
<arg>${COUNTER}</arg>
<arg>${item}[bookingid]</arg>
</arguments>
<status status="PASS" starttime="20220805 15:54:54.096" endtime="20220805 15:54:54.097"></status>
</kw>
<kw name="Set Variable" library="BuiltIn">
<doc>Returns the given values which can then be assigned to a variables.</doc>
<arguments>
<arg>${COUNTER+1}</arg>
</arguments>
<assign>
<var>${COUNTER}</var>
</assign>
<msg timestamp="20220805 15:54:54.097" level="INFO">${COUNTER} = 77</msg>
<status status="PASS" starttime="20220805 15:54:54.097" endtime="20220805 15:54:54.097"></status>
</kw>
<status status="PASS" starttime="20220805 15:54:54.096" endtime="20220805 15:54:54.097"></status>
</kw>
<kw name="${item} = {'bookingid': 295}" type="foritem">
<kw name="Insert Into List" library="Collections">
<doc>Inserts ``value`` into ``list`` to the position specified with ``index``.</doc>
<arguments>
<arg>${BOOKINGIDS}</arg>
<arg>${COUNTER}</arg>
<arg>${item}[bookingid]</arg>
</arguments>
<status status="PASS" starttime="20220805 15:54:54.097" endtime="20220805 15:54:54.097"></status>
</kw>
<kw name="Set Variable" library="BuiltIn">
<doc>Returns the given values which can then be assigned to a variables.</doc>
<arguments>
<arg>${COUNTER+1}</arg>
</arguments>
<assign>
<var>${COUNTER}</var>
</assign>
<msg timestamp="20220805 15:54:54.098" level="INFO">${COUNTER} = 78</msg>
<status status="PASS" starttime="20220805 15:54:54.098" endtime="20220805 15:54:54.098"></status>
</kw>
<status status="PASS" starttime="20220805 15:54:54.097" endtime="20220805 15:54:54.098"></status>
</kw>
<kw name="${item} = {'bookingid': 428}" type="foritem">
<kw name="Insert Into List" library="Collections">
<doc>Inserts ``value`` into ``list`` to the position specified with ``index``.</doc>
<arguments>
<arg>${BOOKINGIDS}</arg>
<arg>${COUNTER}</arg>
<arg>${item}[bookingid]</arg>
</arguments>
<status status="PASS" starttime="20220805 15:54:54.098" endtime="20220805 15:54:54.098"></status>
</kw>
<kw name="Set Variable" library="BuiltIn">
<doc>Returns the given values which can then be assigned to a variables.</doc>
<arguments>
<arg>${COUNTER+1}</arg>
</arguments>
<assign>
<var>${COUNTER}</var>
</assign>
<msg timestamp="20220805 15:54:54.099" level="INFO">${COUNTER} = 79</msg>
<status status="PASS" starttime="20220805 15:54:54.098" endtime="20220805 15:54:54.099"></status>
</kw>
<status status="PASS" starttime="20220805 15:54:54.098" endtime="20220805 15:54:54.099"></status>
</kw>
<kw name="${item} = {'bookingid': 22}" type="foritem">
<kw name="Insert Into List" library="Collections">
<doc>Inserts ``value`` into ``list`` to the position specified with ``index``.</doc>
<arguments>
<arg>${BOOKINGIDS}</arg>
<arg>${COUNTER}</arg>
<arg>${item}[bookingid]</arg>
</arguments>
<status status="PASS" starttime="20220805 15:54:54.099" endtime="20220805 15:54:54.099"></status>
</kw>
<kw name="Set Variable" library="BuiltIn">
<doc>Returns the given values which can then be assigned to a variables.</doc>
<arguments>
<arg>${COUNTER+1}</arg>
</arguments>
<assign>
<var>${COUNTER}</var>
</assign>
<msg timestamp="20220805 15:54:54.099" level="INFO">${COUNTER} = 80</msg>
<status status="PASS" starttime="20220805 15:54:54.099" endtime="20220805 15:54:54.099"></status>
</kw>
<status status="PASS" starttime="20220805 15:54:54.099" endtime="20220805 15:54:54.099"></status>
</kw>
<kw name="${item} = {'bookingid': 34}" type="foritem">
<kw name="Insert Into List" library="Collections">
<doc>Inserts ``value`` into ``list`` to the position specified with ``index``.</doc>
<arguments>
<arg>${BOOKINGIDS}</arg>
<arg>${COUNTER}</arg>
<arg>${item}[bookingid]</arg>
</arguments>
<status status="PASS" starttime="20220805 15:54:54.099" endtime="20220805 15:54:54.100"></status>
</kw>
<kw name="Set Variable" library="BuiltIn">
<doc>Returns the given values which can then be assigned to a variables.</doc>
<arguments>
<arg>${COUNTER+1}</arg>
</arguments>
<assign>
<var>${COUNTER}</var>
</assign>
<msg timestamp="20220805 15:54:54.100" level="INFO">${COUNTER} = 81</msg>
<status status="PASS" starttime="20220805 15:54:54.100" endtime="20220805 15:54:54.100"></status>
</kw>
<status status="PASS" starttime="20220805 15:54:54.099" endtime="20220805 15:54:54.100"></status>
</kw>
<kw name="${item} = {'bookingid': 275}" type="foritem">
<kw name="Insert Into List" library="Collections">
<doc>Inserts ``value`` into ``list`` to the position specified with ``index``.</doc>
<arguments>
<arg>${BOOKINGIDS}</arg>
<arg>${COUNTER}</arg>
<arg>${item}[bookingid]</arg>
</arguments>
<status status="PASS" starttime="20220805 15:54:54.100" endtime="20220805 15:54:54.100"></status>
</kw>
<kw name="Set Variable" library="BuiltIn">
<doc>Returns the given values which can then be assigned to a variables.</doc>
<arguments>
<arg>${COUNTER+1}</arg>
</arguments>
<assign>
<var>${COUNTER}</var>
</assign>
<msg timestamp="20220805 15:54:54.101" level="INFO">${COUNTER} = 82</msg>
<status status="PASS" starttime="20220805 15:54:54.100" endtime="20220805 15:54:54.101"></status>
</kw>
[...]
<status status="PASS" starttime="20220805 15:54:54.419" endtime="20220805 15:54:55.421"></status>
</kw>
<kw name="Should Be Equal As Strings" library="BuiltIn">
<doc>Fails if objects are unequal after converting them to strings.</doc>
<arguments>
<arg>${response.status_code}</arg>
<arg>200</arg>
</arguments>
<msg timestamp="20220805 15:54:55.422" level="INFO">Argument types are:
&lt;class 'int'&gt;
&lt;type 'unicode'&gt;</msg>
<status status="PASS" starttime="20220805 15:54:55.421" endtime="20220805 15:54:55.423"></status>
</kw>
<kw name="Element Should Exist" library="JsonValidator">
<doc>Check the existence of one or more elements, matching [ http://jsonselect.org/ | JSONSelect] expression.</doc>
<arguments>
<arg>${response.content}</arg>
<arg>.bookingid</arg>
</arguments>
<status status="PASS" starttime="20220805 15:54:55.423" endtime="20220805 15:54:55.424"></status>
</kw>
<kw name="Select Elements" library="JsonValidator">
<doc>Return list of elements from _json_string_, matching [ http://jsonselect.org/ | JSONSelect] expression.</doc>
<arguments>
<arg>${response.content}</arg>
<arg>.bookingid</arg>
</arguments>
<assign>
<var>${newid}</var>
</assign>
<msg timestamp="20220805 15:54:55.425" level="INFO">${newid} = [482]</msg>
<status status="PASS" starttime="20220805 15:54:55.424" endtime="20220805 15:54:55.425"></status>
</kw>
<kw name="Set Suite Variable" library="BuiltIn">
<doc>Makes a variable available everywhere within the scope of the current suite.</doc>
<arguments>
<arg>${NEW_ID}</arg>
<arg>${newid}[0]</arg>
</arguments>
<msg timestamp="20220805 15:54:55.425" level="INFO">${NEW_ID} = 482</msg>
<status status="PASS" starttime="20220805 15:54:55.425" endtime="20220805 15:54:55.425"></status>
</kw>
<status status="PASS" starttime="20220805 15:54:54.417" endtime="20220805 15:54:55.425"></status>
</kw>
<tags>
<tag>Post</tag>
</tags>
<timeout value="1 minute"></timeout>
<status status="PASS" starttime="20220805 15:54:54.416" endtime="20220805 15:54:55.425" critical="yes"></status>
</test>
<test id="s1-t4" name="Validate New Booking Details">
<kw name="Check New Booking Details Are Correct">
<kw name="Create Session" library="RequestsLibrary">
<doc>Create Session: create a HTTP session to a server</doc>
<arguments>
<arg>Get New</arg>
<arg>${BASE_URL}</arg>
<arg>verify=True</arg>
</arguments>
<msg timestamp="20220805 15:54:55.428" level="INFO">Creating Session using : alias=Get New, url=https://restful-booker.herokuapp.com, headers={},                     cookies=None, auth=None, timeout=None, proxies=None, verify=True,                     debug=0 </msg>
<status status="PASS" starttime="20220805 15:54:55.427" endtime="20220805 15:54:55.428"></status>
</kw>
<kw name="Get Request" library="RequestsLibrary">
<doc>Send a GET request on the session object found using the
given `alias`</doc>
<arguments>
<arg>Get New</arg>
<arg>uri=${BOOKING}/${NEW_ID}</arg>
</arguments>
<assign>
<var>${response}</var>
</assign>
<msg timestamp="20220805 15:54:56.233" level="INFO">Get Request using : alias=Get New, uri=/booking/482, headers=None json=None</msg>
<msg timestamp="20220805 15:54:56.234" level="INFO">${response} = &lt;Response [200]&gt;</msg>
<status status="PASS" starttime="20220805 15:54:55.428" endtime="20220805 15:54:56.234"></status>
</kw>
<kw name="Should Be Equal As Strings" library="BuiltIn">
<doc>Fails if objects are unequal after converting them to strings.</doc>
<arguments>
<arg>${response.status_code}</arg>
<arg>200</arg>
</arguments>
<msg timestamp="20220805 15:54:56.235" level="INFO">Argument types are:
&lt;class 'int'&gt;
&lt;type 'unicode'&gt;</msg>
<status status="PASS" starttime="20220805 15:54:56.234" endtime="20220805 15:54:56.236"></status>
</kw>
<kw name="Element Should Exist" library="JsonValidator">
<doc>Check the existence of one or more elements, matching [ http://jsonselect.org/ | JSONSelect] expression.</doc>
<arguments>
<arg>${response.content}</arg>
<arg>.firstname:contains("${FIRSTNAME}")</arg>
</arguments>
<status status="PASS" starttime="20220805 15:54:56.236" endtime="20220805 15:54:56.238"></status>
</kw>
<kw name="Element Should Exist" library="JsonValidator">
<doc>Check the existence of one or more elements, matching [ http://jsonselect.org/ | JSONSelect] expression.</doc>
<arguments>
<arg>${response.content}</arg>
<arg>.lastname:contains("${LASTNAME}")</arg>
</arguments>
<status status="PASS" starttime="20220805 15:54:56.238" endtime="20220805 15:54:56.239"></status>
</kw>
<kw name="Element Should Exist" library="JsonValidator">
<doc>Check the existence of one or more elements, matching [ http://jsonselect.org/ | JSONSelect] expression.</doc>
<arguments>
<arg>${response.content}</arg>
<arg>.totalprice:(${TOTALPRICE})</arg>
</arguments>
<status status="PASS" starttime="20220805 15:54:56.240" endtime="20220805 15:54:56.241"></status>
</kw>
<kw name="Element Should Exist" library="JsonValidator">
<doc>Check the existence of one or more elements, matching [ http://jsonselect.org/ | JSONSelect] expression.</doc>
<arguments>
<arg>${response.content}</arg>
<arg>.depositpaid:(${DEPOSITPAID})</arg>
</arguments>
<status status="PASS" starttime="20220805 15:54:56.241" endtime="20220805 15:54:56.243"></status>
</kw>
<kw name="Element Should Exist" library="JsonValidator">
<doc>Check the existence of one or more elements, matching [ http://jsonselect.org/ | JSONSelect] expression.</doc>
<arguments>
<arg>${response.content}</arg>
<arg>.additionalneeds:contains("${ADDITIONALNEEDS}")</arg>
</arguments>
<status status="PASS" starttime="20220805 15:54:56.243" endtime="20220805 15:54:56.245"></status>
</kw>
<kw name="Json To String" library="JsonValidator">
<doc>Serialize JSON structure into string.</doc>
<arguments>
<arg>${response.json()["bookingdates"]}</arg>
</arguments>
<assign>
<var>${BOOKING_DATES_STRING}</var>
</assign>
<msg timestamp="20220805 15:54:56.247" level="INFO">${BOOKING_DATES_STRING} = {"checkin": "2019-08-30", "checkout": "2019-09-10"}</msg>
<status status="PASS" starttime="20220805 15:54:56.245" endtime="20220805 15:54:56.248"></status>
</kw>
<kw name="Element Should Exist" library="JsonValidator">
<doc>Check the existence of one or more elements, matching [ http://jsonselect.org/ | JSONSelect] expression.</doc>
<arguments>
<arg>${BOOKING_DATES_STRING}</arg>
<arg>.checkin:(${CHECKIN})</arg>
</arguments>
<status status="PASS" starttime="20220805 15:54:56.248" endtime="20220805 15:54:56.249"></status>
</kw>
<kw name="Element Should Exist" library="JsonValidator">
<doc>Check the existence of one or more elements, matching [ http://jsonselect.org/ | JSONSelect] expression.</doc>
<arguments>
<arg>${BOOKING_DATES_STRING}</arg>
<arg>.checkin:(${CHECKOUT})</arg>
</arguments>
<status status="PASS" starttime="20220805 15:54:56.250" endtime="20220805 15:54:56.251"></status>
</kw>
<status status="PASS" starttime="20220805 15:54:55.426" endtime="20220805 15:54:56.251"></status>
</kw>
<tags>
<tag>Get</tag>
</tags>
<timeout value="1 minute"></timeout>
<status status="PASS" starttime="20220805 15:54:55.426" endtime="20220805 15:54:56.252" critical="yes"></status>
</test>
<test id="s1-t5" name="Get New Booking ID By Name">
<kw name="Get New Booking ID By Name">
<kw name="Create Session" library="RequestsLibrary">
<doc>Create Session: create a HTTP session to a server</doc>
<arguments>
<arg>Get ID By Name</arg>
<arg>${BASE_URL}</arg>
<arg>verify=True</arg>
</arguments>
<msg timestamp="20220805 15:54:56.256" level="INFO">Creating Session using : alias=Get ID By Name, url=https://restful-booker.herokuapp.com, headers={},                     cookies=None, auth=None, timeout=None, proxies=None, verify=True,                     debug=0 </msg>
<status status="PASS" starttime="20220805 15:54:56.255" endtime="20220805 15:54:56.259"></status>
</kw>
<kw name="Get Request" library="RequestsLibrary">
<doc>Send a GET request on the session object found using the
given `alias`</doc>
<arguments>
<arg>Get ID By Name</arg>
<arg>uri=${BOOKING}/?firstname=${FIRSTNAME}&amp;lastname=${LASTNAME}</arg>
</arguments>
<assign>
<var>${response}</var>
</assign>
<msg timestamp="20220805 15:54:57.167" level="INFO">Get Request using : alias=Get ID By Name, uri=/booking/?firstname=Anthony&amp;lastname=ODonnell, headers=None json=None</msg>
<msg timestamp="20220805 15:54:57.168" level="INFO">${response} = &lt;Response [200]&gt;</msg>
<status status="PASS" starttime="20220805 15:54:56.259" endtime="20220805 15:54:57.168"></status>
</kw>
<kw name="Should Be Equal As Strings" library="BuiltIn">
<doc>Fails if objects are unequal after converting them to strings.</doc>
<arguments>
<arg>${response.status_code}</arg>
<arg>200</arg>
</arguments>
<msg timestamp="20220805 15:54:57.170" level="INFO">Argument types are:
&lt;class 'int'&gt;
&lt;type 'unicode'&gt;</msg>
<status status="PASS" starttime="20220805 15:54:57.168" endtime="20220805 15:54:57.170"></status>
</kw>
<kw name="Element Should Exist" library="JsonValidator">
<doc>Check the existence of one or more elements, matching [ http://jsonselect.org/ | JSONSelect] expression.</doc>
<arguments>
<arg>${response.content}</arg>
<arg>.bookingid:(${NEW_ID})</arg>
</arguments>
<status status="PASS" starttime="20220805 15:54:57.170" endtime="20220805 15:54:57.171"></status>
</kw>
<status status="PASS" starttime="20220805 15:54:56.254" endtime="20220805 15:54:57.172"></status>
</kw>
<tags>
<tag>Get</tag>
</tags>
<timeout value="1 minute"></timeout>
<status status="PASS" starttime="20220805 15:54:56.253" endtime="20220805 15:54:57.172" critical="yes"></status>
</test>
<test id="s1-t6" name="Get New Booking ID By Date">
<kw name="Get New Booking ID By Date">
<kw name="Create Session" library="RequestsLibrary">
<doc>Create Session: create a HTTP session to a server</doc>
<arguments>
<arg>Get ID By Date</arg>
<arg>${BASE_URL}</arg>
<arg>verify=True</arg>
</arguments>
<msg timestamp="20220805 15:54:57.176" level="INFO">Creating Session using : alias=Get ID By Date, url=https://restful-booker.herokuapp.com, headers={},                     cookies=None, auth=None, timeout=None, proxies=None, verify=True,                     debug=0 </msg>
<status status="PASS" starttime="20220805 15:54:57.175" endtime="20220805 15:54:57.178"></status>
</kw>
<kw name="Get Request" library="RequestsLibrary">
<doc>Send a GET request on the session object found using the
given `alias`</doc>
<arguments>
<arg>Get ID By Date</arg>
<arg>uri=${BOOKING}/?checkin=2019-06-29&amp;checkout=${CHECKOUT}</arg>
</arguments>
<assign>
<var>${response}</var>
</assign>
<msg timestamp="20220805 15:54:58.209" level="INFO">Get Request using : alias=Get ID By Date, uri=/booking/?checkin=2019-06-29&amp;checkout=2019-09-10, headers=None json=None</msg>
<msg timestamp="20220805 15:54:58.209" level="INFO">${response} = &lt;Response [200]&gt;</msg>
<status status="PASS" starttime="20220805 15:54:57.178" endtime="20220805 15:54:58.209"></status>
</kw>
<kw name="Should Be Equal As Strings" library="BuiltIn">
<doc>Fails if objects are unequal after converting them to strings.</doc>
<arguments>
<arg>${response.status_code}</arg>
<arg>200</arg>
</arguments>
<msg timestamp="20220805 15:54:58.211" level="INFO">Argument types are:
&lt;class 'int'&gt;
&lt;type 'unicode'&gt;</msg>
<status status="PASS" starttime="20220805 15:54:58.210" endtime="20220805 15:54:58.211"></status>
</kw>
<kw name="Element Should Exist" library="JsonValidator">
<doc>Check the existence of one or more elements, matching [ http://jsonselect.org/ | JSONSelect] expression.</doc>
<arguments>
<arg>${response.content}</arg>
<arg>.bookingid:(${NEW_ID})</arg>
</arguments>
<status status="PASS" starttime="20220805 15:54:58.212" endtime="20220805 15:54:58.213"></status>
</kw>
<status status="PASS" starttime="20220805 15:54:57.174" endtime="20220805 15:54:58.214"></status>
</kw>
<tags>
<tag>Get</tag>
</tags>
<timeout value="1 minute"></timeout>
<status status="PASS" starttime="20220805 15:54:57.173" endtime="20220805 15:54:58.214" critical="yes"></status>
</test>
<test id="s1-t7" name="Update New Booking">
<kw name="Update New Booking">
<kw name="Create Dictionary" library="BuiltIn">
<doc>Creates and returns a dictionary based on the given ``items``.</doc>
<arguments>
<arg>checkin=${CHECKIN}</arg>
<arg>checkout=${CHECKOUT}</arg>
</arguments>
<assign>
<var>${bookingdates}</var>
</assign>
<msg timestamp="20220805 15:54:58.222" level="INFO">${bookingdates} = {'checkin': '2019-08-30', 'checkout': '2019-09-10'}</msg>
<status status="PASS" starttime="20220805 15:54:58.220" endtime="20220805 15:54:58.222"></status>
</kw>
<kw name="Create Dictionary" library="BuiltIn">
<doc>Creates and returns a dictionary based on the given ``items``.</doc>
<arguments>
<arg>firstname=${FIRSTNAME}</arg>
<arg>lastname=${LASTNAME}</arg>
<arg>totalprice=0</arg>
<arg>depositpaid=${DEPOSITPAID}</arg>
<arg>additionalneeds=${ADDITIONALNEEDS}</arg>
<arg>bookingdates=${bookingdates}</arg>
</arguments>
<assign>
<var>${updatebooking}</var>
</assign>
<msg timestamp="20220805 15:54:58.225" level="INFO">${updatebooking} = {'firstname': 'Anthony', 'lastname': 'ODonnell', 'totalprice': '0', 'depositpaid': 'true', 'additionalneeds': 'Clearly Defined Requirements', 'bookingdates': {'checkin': '2019-08-30', 'checkout': '201...</msg>
<status status="PASS" starttime="20220805 15:54:58.222" endtime="20220805 15:54:58.225"></status>
</kw>
<kw name="Create Dictionary" library="BuiltIn">
<doc>Creates and returns a dictionary based on the given ``items``.</doc>
<arguments>
<arg>Content-Type=${CONTENT_TYPE}</arg>
<arg>Cookie=token=${TOKEN}</arg>
</arguments>
<assign>
<var>${HEADERS}</var>
</assign>
<msg timestamp="20220805 15:54:58.227" level="INFO">${HEADERS} = {'Content-Type': 'application/json', 'Cookie': 'token=12296d455b73cf0'}</msg>
<status status="PASS" starttime="20220805 15:54:58.226" endtime="20220805 15:54:58.227"></status>
</kw>
<kw name="Create Session" library="RequestsLibrary">
<doc>Create Session: create a HTTP session to a server</doc>
<arguments>
<arg>Update Booking</arg>
<arg>${BASE_URL}</arg>
<arg>verify=True</arg>
</arguments>
<msg timestamp="20220805 15:54:58.229" level="INFO">Creating Session using : alias=Update Booking, url=https://restful-booker.herokuapp.com, headers={},                     cookies=None, auth=None, timeout=None, proxies=None, verify=True,                     debug=0 </msg>
<status status="PASS" starttime="20220805 15:54:58.227" endtime="20220805 15:54:58.230"></status>
</kw>
<kw name="Put Request" library="RequestsLibrary">
<doc>Send a PUT request on the session object found using the
given `alias`</doc>
<arguments>
<arg>Update Booking</arg>
<arg>uri=${BOOKING}/${NEWID}</arg>
<arg>data=${updatebooking}</arg>
<arg>headers=${HEADERS}</arg>
</arguments>
<assign>
<var>${response}</var>
</assign>
<msg timestamp="20220805 15:54:59.745" level="INFO">Put Request using : alias=Update Booking, uri=/booking/482, data={"firstname": "Anthony", "lastname": "ODonnell", "totalprice": "0", "depositpaid": "true", "additionalneeds": "Clearly Defined Requirements", "bookingdates": {"checkin": "2019-08-30", "checkout": "2019-09-10"}},                     headers={'Content-Type': 'application/json', 'Cookie': 'token=12296d455b73cf0'}, allow_redirects=True </msg>
<msg timestamp="20220805 15:54:59.745" level="INFO">${response} = &lt;Response [200]&gt;</msg>
<status status="PASS" starttime="20220805 15:54:58.230" endtime="20220805 15:54:59.745"></status>
</kw>
<kw name="Should Be Equal As Strings" library="BuiltIn">
<doc>Fails if objects are unequal after converting them to strings.</doc>
<arguments>
<arg>${response.status_code}</arg>
<arg>200</arg>
</arguments>
<msg timestamp="20220805 15:54:59.747" level="INFO">Argument types are:
&lt;class 'int'&gt;
&lt;type 'unicode'&gt;</msg>
<status status="PASS" starttime="20220805 15:54:59.746" endtime="20220805 15:54:59.747"></status>
</kw>
<status status="PASS" starttime="20220805 15:54:58.219" endtime="20220805 15:54:59.747"></status>
</kw>
<tags>
<tag>Put</tag>
</tags>
<timeout value="1 minute"></timeout>
<status status="PASS" starttime="20220805 15:54:58.216" endtime="20220805 15:54:59.750" critical="yes"></status>
</test>
<test id="s1-t8" name="Partial Update New Booking">
<kw name="Partial Update New Booking">
<kw name="Create Dictionary" library="BuiltIn">
<doc>Creates and returns a dictionary based on the given ``items``.</doc>
<arguments>
<arg>totalprice=1000</arg>
</arguments>
<assign>
<var>${partialupdatebooking}</var>
</assign>
<msg timestamp="20220805 15:54:59.754" level="INFO">${partialupdatebooking} = {'totalprice': '1000'}</msg>
<status status="PASS" starttime="20220805 15:54:59.753" endtime="20220805 15:54:59.754"></status>
</kw>
<kw name="Create Dictionary" library="BuiltIn">
<doc>Creates and returns a dictionary based on the given ``items``.</doc>
<arguments>
<arg>Content-Type=${CONTENT_TYPE}</arg>
<arg>Cookie=token=${TOKEN}</arg>
</arguments>
<assign>
<var>${HEADERS}</var>
</assign>
<msg timestamp="20220805 15:54:59.756" level="INFO">${HEADERS} = {'Content-Type': 'application/json', 'Cookie': 'token=12296d455b73cf0'}</msg>
<status status="PASS" starttime="20220805 15:54:59.754" endtime="20220805 15:54:59.756"></status>
</kw>
<kw name="Create Session" library="RequestsLibrary">
<doc>Create Session: create a HTTP session to a server</doc>
<arguments>
<arg>Partial Update Booking</arg>
<arg>${BASE_URL}</arg>
<arg>verify=True</arg>
</arguments>
<msg timestamp="20220805 15:54:59.757" level="INFO">Creating Session using : alias=Partial Update Booking, url=https://restful-booker.herokuapp.com, headers={},                     cookies=None, auth=None, timeout=None, proxies=None, verify=True,                     debug=0 </msg>
<status status="PASS" starttime="20220805 15:54:59.756" endtime="20220805 15:54:59.758"></status>
</kw>
<kw name="Patch Request" library="RequestsLibrary">
<doc>Send a PATCH request on the session object found using the
given `alias`</doc>
<arguments>
<arg>Partial Update Booking</arg>
<arg>uri=${BOOKING}/${NEWID}</arg>
<arg>data=${partialupdatebooking}</arg>
<arg>headers=${HEADERS}</arg>
</arguments>
<assign>
<var>${response}</var>
</assign>
<msg timestamp="20220805 15:55:00.598" level="INFO">Patch Request using : alias=Partial Update Booking, uri=/booking/482, data={"totalprice": "1000"},                     headers={'Content-Type': 'application/json', 'Cookie': 'token=12296d455b73cf0'}, files=None, allow_redirects=True </msg>
<msg timestamp="20220805 15:55:00.599" level="INFO">${response} = &lt;Response [200]&gt;</msg>
<status status="PASS" starttime="20220805 15:54:59.758" endtime="20220805 15:55:00.599"></status>
</kw>
<kw name="Should Be Equal As Strings" library="BuiltIn">
<doc>Fails if objects are unequal after converting them to strings.</doc>
<arguments>
<arg>${response.status_code}</arg>
<arg>200</arg>
</arguments>
<msg timestamp="20220805 15:55:00.600" level="INFO">Argument types are:
&lt;class 'int'&gt;
&lt;type 'unicode'&gt;</msg>
<status status="PASS" starttime="20220805 15:55:00.599" endtime="20220805 15:55:00.601"></status>
</kw>
<status status="PASS" starttime="20220805 15:54:59.752" endtime="20220805 15:55:00.601"></status>
</kw>
<tags>
<tag>Patch</tag>
</tags>
<timeout value="1 minute"></timeout>
<status status="PASS" starttime="20220805 15:54:59.751" endtime="20220805 15:55:00.602" critical="yes"></status>
</test>
<doc>API Test using RESTfulBooker application</doc>
<status status="PASS" starttime="20220805 15:52:39.347" endtime="20220805 15:55:00.605"></status>
</suite>
<statistics>
<total>
<stat pass="8" fail="0">Critical Tests</stat>
<stat pass="8" fail="0">All Tests</stat>
</total>
<tag>
<stat pass="1" fail="0">Auth</stat>
<stat pass="4" fail="0">Get</stat>
<stat pass="1" fail="0">Patch</stat>
<stat pass="1" fail="0">Post</stat>
<stat pass="1" fail="0">Put</stat>
</tag>
<suite>
<stat pass="8" fail="0" id="s1" name="Api">Api</stat>
</suite>
</statistics>
<errors>
</errors>
</robot>
