<?xml version="1.0" encoding="UTF-8"?>
<robot generator="Robot 3.1.2 (Python 3.9.2 on linux)" generated="20220805 17:33:36.156" rpa="false">
<suite id="s1" name="Api" source="/mnt/c/Users/clareain/testing/robotframework-api-example/robot_tests/api.robot">
<kw name="Ping Server" type="setup">
<kw name="Create Session" library="RequestsLibrary">
<doc>Create Session: create a HTTP session to a server</doc>
<arguments>
<arg>ping</arg>
<arg>${BASE_URL}</arg>
<arg>verify=True</arg>
</arguments>
<msg timestamp="20220805 17:33:36.341" level="INFO">Creating Session using : alias=ping, url=https://restful-booker.herokuapp.com, headers={},                     cookies=None, auth=None, timeout=None, proxies=None, verify=True,                     debug=0 </msg>
<status status="PASS" starttime="20220805 17:33:36.341" endtime="20220805 17:33:36.342"></status>
</kw>
<kw name="Get Request" library="RequestsLibrary">
<doc>Send a GET request on the session object found using the
given `alias`</doc>
<arguments>
<arg>ping</arg>
<arg>uri=/ping</arg>
</arguments>
<assign>
<var>${response}</var>
</assign>
<msg timestamp="20220805 17:33:37.313" level="INFO">Get Request using : alias=ping, uri=/ping, headers=None json=None</msg>
<msg timestamp="20220805 17:33:37.314" level="INFO">${response} = &lt;Response [201]&gt;</msg>
<status status="PASS" starttime="20220805 17:33:36.342" endtime="20220805 17:33:37.314"></status>
</kw>
<kw name="Should Be Equal As Strings" library="BuiltIn">
<doc>Fails if objects are unequal after converting them to strings.</doc>
<arguments>
<arg>${response.status_code}</arg>
<arg>201</arg>
</arguments>
<msg timestamp="20220805 17:33:37.315" level="INFO">Argument types are:
&lt;class 'int'&gt;
&lt;type 'unicode'&gt;</msg>
<status status="PASS" starttime="20220805 17:33:37.314" endtime="20220805 17:33:37.315"></status>
</kw>
<status status="PASS" starttime="20220805 17:33:36.341" endtime="20220805 17:33:37.316"></status>
</kw>
<test id="s1-t1" name="Obtain Token">
<kw name="Obtain Auth Token">
<kw name="Create Dictionary" library="BuiltIn">
<doc>Creates and returns a dictionary based on the given ``items``.</doc>
<arguments>
<arg>Content-Type=${CONTENT_TYPE}</arg>
<arg>User-Agent=RobotFramework</arg>
</arguments>
<assign>
<var>${HEADERS}</var>
</assign>
<msg timestamp="20220805 17:33:37.318" level="INFO">${HEADERS} = {'Content-Type': 'application/json', 'User-Agent': 'RobotFramework'}</msg>
<status status="PASS" starttime="20220805 17:33:37.317" endtime="20220805 17:33:37.318"></status>
</kw>
<kw name="Create Session" library="RequestsLibrary">
<doc>Create Session: create a HTTP session to a server</doc>
<arguments>
<arg>Obtain Token</arg>
<arg>${BASE_URL}</arg>
<arg>verify=True</arg>
</arguments>
<msg timestamp="20220805 17:33:37.318" level="INFO">Creating Session using : alias=Obtain Token, url=https://restful-booker.herokuapp.com, headers={},                     cookies=None, auth=None, timeout=None, proxies=None, verify=True,                     debug=0 </msg>
<status status="PASS" starttime="20220805 17:33:37.318" endtime="20220805 17:33:37.319"></status>
</kw>
<kw name="Post Request" library="RequestsLibrary">
<doc>Send a POST request on the session object found using the
given `alias`</doc>
<arguments>
<arg>Obtain Token</arg>
<arg>uri=${AUTH}</arg>
<arg>data={"username":"${USERNAME}","password":"${PASSWORD}"}</arg>
<arg>headers=${HEADERS}</arg>
</arguments>
<assign>
<var>${response}</var>
</assign>
<msg timestamp="20220805 17:33:38.061" level="INFO">Post Request using : alias=Obtain Token, uri=/auth, data={"username":"admin","password":"password123"}, headers={'Content-Type': 'application/json', 'User-Agent': 'RobotFramework'}, files=None, allow_redirects=True </msg>
<msg timestamp="20220805 17:33:38.061" level="INFO">${response} = &lt;Response [200]&gt;</msg>
<status status="PASS" starttime="20220805 17:33:37.319" endtime="20220805 17:33:38.061"></status>
</kw>
<kw name="Should Be Equal As Strings" library="BuiltIn">
<doc>Fails if objects are unequal after converting them to strings.</doc>
<arguments>
<arg>${response.status_code}</arg>
<arg>200</arg>
</arguments>
<msg timestamp="20220805 17:33:38.062" level="INFO">Argument types are:
&lt;class 'int'&gt;
&lt;type 'unicode'&gt;</msg>
<status status="PASS" starttime="20220805 17:33:38.062" endtime="20220805 17:33:38.062"></status>
</kw>
<kw name="Get From Dictionary" library="Collections">
<doc>Returns a value from the given ``dictionary`` based on the given ``key``.</doc>
<arguments>
<arg>${response.json()}</arg>
<arg>token</arg>
</arguments>
<assign>
<var>${TOKEN}</var>
</assign>
<msg timestamp="20220805 17:33:38.064" level="INFO">${TOKEN} = 2fdd7f07ecc809c</msg>
<status status="PASS" starttime="20220805 17:33:38.063" endtime="20220805 17:33:38.064"></status>
</kw>
<kw name="Set Suite Variable" library="BuiltIn">
<doc>Makes a variable available everywhere within the scope of the current suite.</doc>
<arguments>
<arg>${TOKEN}</arg>
<arg>${TOKEN}</arg>
</arguments>
<msg timestamp="20220805 17:33:38.065" level="INFO">${TOKEN} = 2fdd7f07ecc809c</msg>
<status status="PASS" starttime="20220805 17:33:38.064" endtime="20220805 17:33:38.065"></status>
</kw>
<status status="PASS" starttime="20220805 17:33:37.317" endtime="20220805 17:33:38.065"></status>
</kw>
<tags>
<tag>Auth</tag>
</tags>
<timeout value="1 minute"></timeout>
<status status="PASS" starttime="20220805 17:33:37.316" endtime="20220805 17:33:38.065" critical="yes"></status>
</test>
<test id="s1-t2" name="Get All Bookings IDs">
<kw name="Get All Booking IDs">
<kw name="Create Session" library="RequestsLibrary">
<doc>Create Session: create a HTTP session to a server</doc>
<arguments>
<arg>Get All</arg>
<arg>${BASE_URL}</arg>
<arg>verify=True</arg>
</arguments>
<msg timestamp="20220805 17:33:38.068" level="INFO">Creating Session using : alias=Get All, url=https://restful-booker.herokuapp.com, headers={},                     cookies=None, auth=None, timeout=None, proxies=None, verify=True,                     debug=0 </msg>
<status status="PASS" starttime="20220805 17:33:38.067" endtime="20220805 17:33:38.069"></status>
</kw>
<kw name="Get Request" library="RequestsLibrary">
<doc>Send a GET request on the session object found using the
given `alias`</doc>
<arguments>
<arg>Get All</arg>
<arg>uri=${BOOKING}</arg>
</arguments>
<assign>
<var>${response}</var>
</assign>
<msg timestamp="20220805 17:33:38.811" level="INFO">Get Request using : alias=Get All, uri=/booking, headers=None json=None</msg>
<msg timestamp="20220805 17:33:38.811" level="INFO">${response} = &lt;Response [200]&gt;</msg>
<status status="PASS" starttime="20220805 17:33:38.069" endtime="20220805 17:33:38.811"></status>
</kw>
<kw name="Should Be Equal As Strings" library="BuiltIn">
<doc>Fails if objects are unequal after converting them to strings.</doc>
<arguments>
<arg>${response.status_code}</arg>
<arg>200</arg>
</arguments>
<msg timestamp="20220805 17:33:38.812" level="INFO">Argument types are:
&lt;class 'int'&gt;
&lt;type 'unicode'&gt;</msg>
<status status="PASS" starttime="20220805 17:33:38.811" endtime="20220805 17:33:38.812"></status>
</kw>
<kw name="Create List" library="BuiltIn">
<doc>Returns a list containing given items.</doc>
<assign>
<var>@{BOOKINGIDS}</var>
</assign>
<msg timestamp="20220805 17:33:38.813" level="INFO">@{BOOKINGIDS} = [ ]</msg>
<status status="PASS" starttime="20220805 17:33:38.813" endtime="20220805 17:33:38.813"></status>
</kw>
<kw name="${item} IN [ @{response.json()} ]" type="for">
<kw name="${item} = {'bookingid': 949}" type="foritem">
<kw name="Insert Into List" library="Collections">
<doc>Inserts ``value`` into ``list`` to the position specified with ``index``.</doc>
<arguments>
<arg>${BOOKINGIDS}</arg>
<arg>${COUNTER}</arg>
<arg>${item}[bookingid]</arg>
</arguments>
<status status="PASS" starttime="20220805 17:33:38.815" endtime="20220805 17:33:38.816"></status>
</kw>
<kw name="Set Variable" library="BuiltIn">
<doc>Returns the given values which can then be assigned to a variables.</doc>
<arguments>
<arg>${COUNTER+1}</arg>
</arguments>
<assign>
<var>${COUNTER}</var>
</assign>
<msg timestamp="20220805 17:33:38.816" level="INFO">${COUNTER} = 2</msg>
<status status="PASS" starttime="20220805 17:33:38.816" endtime="20220805 17:33:38.818"></status>
</kw>
<status status="PASS" starttime="20220805 17:33:38.815" endtime="20220805 17:33:38.818"></status>
</kw>
<kw name="${item} = {'bookingid': 533}" type="foritem">
<kw name="Insert Into List" library="Collections">
<doc>Inserts ``value`` into ``list`` to the position specified with ``index``.</doc>
<arguments>
<arg>${BOOKINGIDS}</arg>
<arg>${COUNTER}</arg>
<arg>${item}[bookingid]</arg>
</arguments>
<status status="PASS" starttime="20220805 17:33:38.818" endtime="20220805 17:33:38.819"></status>
</kw>
<kw name="Set Variable" library="BuiltIn">
<doc>Returns the given values which can then be assigned to a variables.</doc>
<arguments>
<arg>${COUNTER+1}</arg>
</arguments>
<assign>
<var>${COUNTER}</var>
</assign>
<msg timestamp="20220805 17:33:38.820" level="INFO">${COUNTER} = 3</msg>
<status status="PASS" starttime="20220805 17:33:38.819" endtime="20220805 17:33:38.820"></status>
</kw>
<status status="PASS" starttime="20220805 17:33:38.818" endtime="20220805 17:33:38.820"></status>
</kw>
<kw name="${item} = {'bookingid': 444}" type="foritem">
<kw name="Insert Into List" library="Collections">
<doc>Inserts ``value`` into ``list`` to the position specified with ``index``.</doc>
<arguments>
<arg>${BOOKINGIDS}</arg>
<arg>${COUNTER}</arg>
<arg>${item}[bookingid]</arg>
</arguments>
<status status="PASS" starttime="20220805 17:33:38.820" endtime="20220805 17:33:38.821"></status>
</kw>
<kw name="Set Variable" library="BuiltIn">
<doc>Returns the given values which can then be assigned to a variables.</doc>
<arguments>
<arg>${COUNTER+1}</arg>
</arguments>
<assign>
<var>${COUNTER}</var>
</assign>
<msg timestamp="20220805 17:33:38.822" level="INFO">${COUNTER} = 4</msg>
<status status="PASS" starttime="20220805 17:33:38.821" endtime="20220805 17:33:38.822"></status>
</kw>
<status status="PASS" starttime="20220805 17:33:38.820" endtime="20220805 17:33:38.822"></status>
</kw>
<kw name="${item} = {'bookingid': 609}" type="foritem">
<kw name="Insert Into List" library="Collections">
<doc>Inserts ``value`` into ``list`` to the position specified with ``index``.</doc>
<arguments>
<arg>${BOOKINGIDS}</arg>
<arg>${COUNTER}</arg>
<arg>${item}[bookingid]</arg>
</arguments>
<status status="PASS" starttime="20220805 17:33:38.822" endtime="20220805 17:33:38.823"></status>
</kw>
<kw name="Set Variable" library="BuiltIn">
<doc>Returns the given values which can then be assigned to a variables.</doc>
<arguments>
<arg>${COUNTER+1}</arg>
</arguments>
<assign>
<var>${COUNTER}</var>
</assign>
<msg timestamp="20220805 17:33:38.824" level="INFO">${COUNTER} = 5</msg>
<status status="PASS" starttime="20220805 17:33:38.823" endtime="20220805 17:33:38.824"></status>
</kw>
<status status="PASS" starttime="20220805 17:33:38.822" endtime="20220805 17:33:38.824"></status>
</kw>
<kw name="${item} = {'bookingid': 350}" type="foritem">
<kw name="Insert Into List" library="Collections">
<doc>Inserts ``value`` into ``list`` to the position specified with ``index``.</doc>
<arguments>
<arg>${BOOKINGIDS}</arg>
<arg>${COUNTER}</arg>
<arg>${item}[bookingid]</arg>
</arguments>
<status status="PASS" starttime="20220805 17:33:38.825" endtime="20220805 17:33:38.825"></status>
</kw>
<kw name="Set Variable" library="BuiltIn">
<doc>Returns the given values which can then be assigned to a variables.</doc>
<arguments>
<arg>${COUNTER+1}</arg>
</arguments>
<assign>
<var>${COUNTER}</var>
</assign>
<msg timestamp="20220805 17:33:38.826" level="INFO">${COUNTER} = 6</msg>
<status status="PASS" starttime="20220805 17:33:38.825" endtime="20220805 17:33:38.826"></status>
</kw>
<status status="PASS" starttime="20220805 17:33:38.824" endtime="20220805 17:33:38.826"></status>
</kw>
<kw name="${item} = {'bookingid': 330}" type="foritem">
<kw name="Insert Into List" library="Collections">
<doc>Inserts ``value`` into ``list`` to the position specified with ``index``.</doc>
<arguments>
<arg>${BOOKINGIDS}</arg>
<arg>${COUNTER}</arg>
<arg>${item}[bookingid]</arg>
</arguments>
<status status="PASS" starttime="20220805 17:33:38.827" endtime="20220805 17:33:38.827"></status>
</kw>
<kw name="Set Variable" library="BuiltIn">
<doc>Returns the given values which can then be assigned to a variables.</doc>
<arguments>
<arg>${COUNTER+1}</arg>
</arguments>
<assign>
<var>${COUNTER}</var>
</assign>
<msg timestamp="20220805 17:33:38.828" level="INFO">${COUNTER} = 7</msg>
<status status="PASS" starttime="20220805 17:33:38.827" endtime="20220805 17:33:38.828"></status>
</kw>
<status status="PASS" starttime="20220805 17:33:38.826" endtime="20220805 17:33:38.828"></status>
</kw>
<kw name="${item} = {'bookingid': 313}" type="foritem">
<kw name="Insert Into List" library="Collections">
<doc>Inserts ``value`` into ``list`` to the position specified with ``index``.</doc>
<arguments>
<arg>${BOOKINGIDS}</arg>
<arg>${COUNTER}</arg>
<arg>${item}[bookingid]</arg>
</arguments>
<status status="PASS" starttime="20220805 17:33:38.828" endtime="20220805 17:33:38.829"></status>
</kw>
<kw name="Set Variable" library="BuiltIn">
<doc>Returns the given values which can then be assigned to a variables.</doc>
<arguments>
<arg>${COUNTER+1}</arg>
</arguments>
<assign>
<var>${COUNTER}</var>
</assign>
<msg timestamp="20220805 17:33:38.830" level="INFO">${COUNTER} = 8</msg>
<status status="PASS" starttime="20220805 17:33:38.829" endtime="20220805 17:33:38.830"></status>
</kw>
<status status="PASS" starttime="20220805 17:33:38.828" endtime="20220805 17:33:38.830"></status>
</kw>
<kw name="${item} = {'bookingid': 249}" type="foritem">
<kw name="Insert Into List" library="Collections">
<doc>Inserts ``value`` into ``list`` to the position specified with ``index``.</doc>
<arguments>
<arg>${BOOKINGIDS}</arg>
<arg>${COUNTER}</arg>
<arg>${item}[bookingid]</arg>
</arguments>
<status status="PASS" starttime="20220805 17:33:38.830" endtime="20220805 17:33:38.831"></status>
</kw>
<kw name="Set Variable" library="BuiltIn">
<doc>Returns the given values which can then be assigned to a variables.</doc>
<arguments>
<arg>${COUNTER+1}</arg>
</arguments>
<assign>
<var>${COUNTER}</var>
</assign>
<msg timestamp="20220805 17:33:38.832" level="INFO">${COUNTER} = 9</msg>
<status status="PASS" starttime="20220805 17:33:38.831" endtime="20220805 17:33:38.832"></status>
</kw>
<status status="PASS" starttime="20220805 17:33:38.830" endtime="20220805 17:33:38.832"></status>
</kw>
<kw name="${item} = {'bookingid': 241}" type="foritem">
<kw name="Insert Into List" library="Collections">
<doc>Inserts ``value`` into ``list`` to the position specified with ``index``.</doc>
<arguments>
<arg>${BOOKINGIDS}</arg>
<arg>${COUNTER}</arg>
<arg>${item}[bookingid]</arg>
</arguments>
<status status="PASS" starttime="20220805 17:33:38.832" endtime="20220805 17:33:38.833"></status>
</kw>
<kw name="Set Variable" library="BuiltIn">
<doc>Returns the given values which can then be assigned to a variables.</doc>
<arguments>
<arg>${COUNTER+1}</arg>
</arguments>
<assign>
<var>${COUNTER}</var>
</assign>
<msg timestamp="20220805 17:33:38.834" level="INFO">${COUNTER} = 10</msg>
<status status="PASS" starttime="20220805 17:33:38.833" endtime="20220805 17:33:38.834"></status>
</kw>
<status status="PASS" starttime="20220805 17:33:38.832" endtime="20220805 17:33:38.834"></status>
</kw>
<kw name="${item} = {'bookingid': 971}" type="foritem">
<kw name="Insert Into List" library="Collections">
<doc>Inserts ``value`` into ``list`` to the position specified with ``index``.</doc>
<arguments>
<arg>${BOOKINGIDS}</arg>
<arg>${COUNTER}</arg>
<arg>${item}[bookingid]</arg>
</arguments>
<status status="PASS" starttime="20220805 17:33:38.834" endtime="20220805 17:33:38.835"></status>
</kw>
<kw name="Set Variable" library="BuiltIn">
<doc>Returns the given values which can then be assigned to a variables.</doc>
<arguments>
<arg>${COUNTER+1}</arg>
</arguments>
<assign>
<var>${COUNTER}</var>
</assign>
<msg timestamp="20220805 17:33:38.836" level="INFO">${COUNTER} = 11</msg>
<status status="PASS" starttime="20220805 17:33:38.835" endtime="20220805 17:33:38.836"></status>
</kw>
<status status="PASS" starttime="20220805 17:33:38.834" endtime="20220805 17:33:38.836"></status>
</kw>
<kw name="${item} = {'bookingid': 777}" type="foritem">
<kw name="Insert Into List" library="Collections">
<doc>Inserts ``value`` into ``list`` to the position specified with ``index``.</doc>
<arguments>
<arg>${BOOKINGIDS}</arg>
<arg>${COUNTER}</arg>
<arg>${item}[bookingid]</arg>
</arguments>
<status status="PASS" starttime="20220805 17:33:38.837" endtime="20220805 17:33:38.840"></status>
</kw>
<kw name="Set Variable" library="BuiltIn">
<doc>Returns the given values which can then be assigned to a variables.</doc>
<arguments>
<arg>${COUNTER+1}</arg>
</arguments>
<assign>
<var>${COUNTER}</var>
</assign>
<msg timestamp="20220805 17:33:38.841" level="INFO">${COUNTER} = 12</msg>
<status status="PASS" starttime="20220805 17:33:38.840" endtime="20220805 17:33:38.841"></status>
</kw>
<status status="PASS" starttime="20220805 17:33:38.837" endtime="20220805 17:33:38.841"></status>
</kw>
<kw name="${item} = {'bookingid': 906}" type="foritem">
<kw name="Insert Into List" library="Collections">
<doc>Inserts ``value`` into ``list`` to the position specified with ``index``.</doc>
<arguments>
<arg>${BOOKINGIDS}</arg>
<arg>${COUNTER}</arg>
<arg>${item}[bookingid]</arg>
</arguments>
<status status="PASS" starttime="20220805 17:33:38.841" endtime="20220805 17:33:38.842"></status>
</kw>
<kw name="Set Variable" library="BuiltIn">
<doc>Returns the given values which can then be assigned to a variables.</doc>
<arguments>
<arg>${COUNTER+1}</arg>
</arguments>
<assign>
<var>${COUNTER}</var>
</assign>
<msg timestamp="20220805 17:33:38.843" level="INFO">${COUNTER} = 13</msg>
<status status="PASS" starttime="20220805 17:33:38.842" endtime="20220805 17:33:38.843"></status>
</kw>
<status status="PASS" starttime="20220805 17:33:38.841" endtime="20220805 17:33:38.843"></status>
</kw>
<kw name="${item} = {'bookingid': 520}" type="foritem">
<kw name="Insert Into List" library="Collections">
<doc>Inserts ``value`` into ``list`` to the position specified with ``index``.</doc>
<arguments>
<arg>${BOOKINGIDS}</arg>
<arg>${COUNTER}</arg>
<arg>${item}[bookingid]</arg>
</arguments>
<status status="PASS" starttime="20220805 17:33:38.843" endtime="20220805 17:33:38.844"></status>
</kw>
<kw name="Set Variable" library="BuiltIn">
<doc>Returns the given values which can then be assigned to a variables.</doc>
<arguments>
<arg>${COUNTER+1}</arg>
</arguments>
<assign>
<var>${COUNTER}</var>
</assign>
<msg timestamp="20220805 17:33:38.844" level="INFO">${COUNTER} = 14</msg>
<status status="PASS" starttime="20220805 17:33:38.844" endtime="20220805 17:33:38.844"></status>
</kw>
<status status="PASS" starttime="20220805 17:33:38.843" endtime="20220805 17:33:38.844"></status>
</kw>
<kw name="${item} = {'bookingid': 454}" type="foritem">
<kw name="Insert Into List" library="Collections">
<doc>Inserts ``value`` into ``list`` to the position specified with ``index``.</doc>
<arguments>
<arg>${BOOKINGIDS}</arg>
<arg>${COUNTER}</arg>
<arg>${item}[bookingid]</arg>
</arguments>
<status status="PASS" starttime="20220805 17:33:38.845" endtime="20220805 17:33:38.845"></status>
</kw>
<kw name="Set Variable" library="BuiltIn">
<doc>Returns the given values which can then be assigned to a variables.</doc>
<arguments>
<arg>${COUNTER+1}</arg>
</arguments>
<assign>
<var>${COUNTER}</var>
</assign>
<msg timestamp="20220805 17:33:38.846" level="INFO">${COUNTER} = 15</msg>
<status status="PASS" starttime="20220805 17:33:38.845" endtime="20220805 17:33:38.846"></status>
</kw>
<status status="PASS" starttime="20220805 17:33:38.845" endtime="20220805 17:33:38.846"></status>
</kw>
<kw name="${item} = {'bookingid': 374}" type="foritem">
<kw name="Insert Into List" library="Collections">
<doc>Inserts ``value`` into ``list`` to the position specified with ``index``.</doc>
<arguments>
<arg>${BOOKINGIDS}</arg>
<arg>${COUNTER}</arg>
<arg>${item}[bookingid]</arg>
</arguments>
<status status="PASS" starttime="20220805 17:33:38.846" endtime="20220805 17:33:38.847"></status>
</kw>
<kw name="Set Variable" library="BuiltIn">
<doc>Returns the given values which can then be assigned to a variables.</doc>
<arguments>
<arg>${COUNTER+1}</arg>
</arguments>
<assign>
<var>${COUNTER}</var>
</assign>
<msg timestamp="20220805 17:33:38.848" level="INFO">${COUNTER} = 16</msg>
<status status="PASS" starttime="20220805 17:33:38.847" endtime="20220805 17:33:38.848"></status>
</kw>
<status status="PASS" starttime="20220805 17:33:38.846" endtime="20220805 17:33:38.848"></status>
</kw>
<kw name="${item} = {'bookingid': 894}" type="foritem">
<kw name="Insert Into List" library="Collections">
<doc>Inserts ``value`` into ``list`` to the position specified with ``index``.</doc>
<arguments>
<arg>${BOOKINGIDS}</arg>
<arg>${COUNTER}</arg>
<arg>${item}[bookingid]</arg>
</arguments>
<status status="PASS" starttime="20220805 17:33:38.848" endtime="20220805 17:33:38.849"></status>
</kw>
<kw name="Set Variable" library="BuiltIn">
<doc>Returns the given values which can then be assigned to a variables.</doc>
<arguments>
<arg>${COUNTER+1}</arg>
</arguments>
<assign>
<var>${COUNTER}</var>
</assign>
<msg timestamp="20220805 17:33:38.850" level="INFO">${COUNTER} = 17</msg>
<status status="PASS" starttime="20220805 17:33:38.849" endtime="20220805 17:33:38.850"></status>
</kw>
<status status="PASS" starttime="20220805 17:33:38.848" endtime="20220805 17:33:38.850"></status>
</kw>
<kw name="${item} = {'bookingid': 929}" type="foritem">
<kw name="Insert Into List" library="Collections">
<doc>Inserts ``value`` into ``list`` to the position specified with ``index``.</doc>
<arguments>
<arg>${BOOKINGIDS}</arg>
<arg>${COUNTER}</arg>
<arg>${item}[bookingid]</arg>
</arguments>
<status status="PASS" starttime="20220805 17:33:38.850" endtime="20220805 17:33:38.870"></status>
</kw>
<kw name="Set Variable" library="BuiltIn">
<doc>Returns the given values which can then be assigned to a variables.</doc>
<arguments>
<arg>${COUNTER+1}</arg>
</arguments>
<assign>
<var>${COUNTER}</var>
</assign>
<msg timestamp="20220805 17:33:38.871" level="INFO">${COUNTER} = 18</msg>
<status status="PASS" starttime="20220805 17:33:38.870" endtime="20220805 17:33:38.871"></status>
</kw>
<status status="PASS" starttime="20220805 17:33:38.850" endtime="20220805 17:33:38.871"></status>
</kw>
<kw name="${item} = {'bookingid': 432}" type="foritem">
<kw name="Insert Into List" library="Collections">
<doc>Inserts ``value`` into ``list`` to the position specified with ``index``.</doc>
<arguments>
<arg>${BOOKINGIDS}</arg>
<arg>${COUNTER}</arg>
<arg>${item}[bookingid]</arg>
</arguments>
<status status="PASS" starttime="20220805 17:33:38.871" endtime="20220805 17:33:38.872"></status>
</kw>
<kw name="Set Variable" library="BuiltIn">
<doc>Returns the given values which can then be assigned to a variables.</doc>
<arguments>
<arg>${COUNTER+1}</arg>
</arguments>
<assign>
<var>${COUNTER}</var>
</assign>
<msg timestamp="20220805 17:33:38.872" level="INFO">${COUNTER} = 19</msg>
<status status="PASS" starttime="20220805 17:33:38.872" endtime="20220805 17:33:38.873"></status>
</kw>
<status status="PASS" starttime="20220805 17:33:38.871" endtime="20220805 17:33:38.873"></status>
</kw>
<kw name="${item} = {'bookingid': 679}" type="foritem">
<kw name="Insert Into List" library="Collections">
<doc>Inserts ``value`` into ``list`` to the position specified with ``index``.</doc>
<arguments>
<arg>${BOOKINGIDS}</arg>
<arg>${COUNTER}</arg>
<arg>${item}[bookingid]</arg>
</arguments>
<status status="PASS" starttime="20220805 17:33:38.873" endtime="20220805 17:33:38.873"></status>
</kw>
<kw name="Set Variable" library="BuiltIn">
<doc>Returns the given values which can then be assigned to a variables.</doc>
<arguments>
<arg>${COUNTER+1}</arg>
</arguments>
<assign>
<var>${COUNTER}</var>
</assign>
<msg timestamp="20220805 17:33:38.874" level="INFO">${COUNTER} = 20</msg>
<status status="PASS" starttime="20220805 17:33:38.874" endtime="20220805 17:33:38.874"></status>
</kw>
<status status="PASS" starttime="20220805 17:33:38.873" endtime="20220805 17:33:38.875"></status>
</kw>
<kw name="${item} = {'bookingid': 774}" type="foritem">
<kw name="Insert Into List" library="Collections">
<doc>Inserts ``value`` into ``list`` to the position specified with ``index``.</doc>
<arguments>
<arg>${BOOKINGIDS}</arg>
<arg>${COUNTER}</arg>
<arg>${item}[bookingid]</arg>
</arguments>
<status status="PASS" starttime="20220805 17:33:38.875" endtime="20220805 17:33:38.877"></status>
</kw>
<kw name="Set Variable" library="BuiltIn">
<doc>Returns the given values which can then be assigned to a variables.</doc>
<arguments>
<arg>${COUNTER+1}</arg>
</arguments>
<assign>
<var>${COUNTER}</var>
</assign>
<msg timestamp="20220805 17:33:38.878" level="INFO">${COUNTER} = 21</msg>
<status status="PASS" starttime="20220805 17:33:38.877" endtime="20220805 17:33:38.878"></status>
</kw>
<status status="PASS" starttime="20220805 17:33:38.875" endtime="20220805 17:33:38.878"></status>
</kw>
<kw name="${item} = {'bookingid': 499}" type="foritem">
<kw name="Insert Into List" library="Collections">
<doc>Inserts ``value`` into ``list`` to the position specified with ``index``.</doc>
<arguments>
<arg>${BOOKINGIDS}</arg>
<arg>${COUNTER}</arg>
<arg>${item}[bookingid]</arg>
</arguments>
<status status="PASS" starttime="20220805 17:33:38.878" endtime="20220805 17:33:38.878"></status>
</kw>
<kw name="Set Variable" library="BuiltIn">
<doc>Returns the given values which can then be assigned to a variables.</doc>
<arguments>
<arg>${COUNTER+1}</arg>
</arguments>
<assign>
<var>${COUNTER}</var>
</assign>
<msg timestamp="20220805 17:33:38.879" level="INFO">${COUNTER} = 22</msg>
<status status="PASS" starttime="20220805 17:33:38.879" endtime="20220805 17:33:38.879"></status>
</kw>
<status status="PASS" starttime="20220805 17:33:38.878" endtime="20220805 17:33:38.879"></status>
</kw>
<kw name="${item} = {'bookingid': 744}" type="foritem">
<kw name="Insert Into List" library="Collections">
<doc>Inserts ``value`` into ``list`` to the position specified with ``index``.</doc>
<arguments>
<arg>${BOOKINGIDS}</arg>
<arg>${COUNTER}</arg>
<arg>${item}[bookingid]</arg>
</arguments>
<status status="PASS" starttime="20220805 17:33:38.879" endtime="20220805 17:33:38.880"></status>
</kw>
<kw name="Set Variable" library="BuiltIn">
<doc>Returns the given values which can then be assigned to a variables.</doc>
<arguments>
<arg>${COUNTER+1}</arg>
</arguments>
<assign>
<var>${COUNTER}</var>
</assign>
<msg timestamp="20220805 17:33:38.880" level="INFO">${COUNTER} = 23</msg>
<status status="PASS" starttime="20220805 17:33:38.880" endtime="20220805 17:33:38.880"></status>
</kw>
<status status="PASS" starttime="20220805 17:33:38.879" endtime="20220805 17:33:38.880"></status>
</kw>
<kw name="${item} = {'bookingid': 148}" type="foritem">
<kw name="Insert Into List" library="Collections">
<doc>Inserts ``value`` into ``list`` to the position specified with ``index``.</doc>
<arguments>
<arg>${BOOKINGIDS}</arg>
<arg>${COUNTER}</arg>
<arg>${item}[bookingid]</arg>
</arguments>
<status status="PASS" starttime="20220805 17:33:38.880" endtime="20220805 17:33:38.881"></status>
</kw>
<kw name="Set Variable" library="BuiltIn">
<doc>Returns the given values which can then be assigned to a variables.</doc>
<arguments>
<arg>${COUNTER+1}</arg>
</arguments>
<assign>
<var>${COUNTER}</var>
</assign>
<msg timestamp="20220805 17:33:38.881" level="INFO">${COUNTER} = 24</msg>
<status status="PASS" starttime="20220805 17:33:38.881" endtime="20220805 17:33:38.881"></status>
</kw>
<status status="PASS" starttime="20220805 17:33:38.880" endtime="20220805 17:33:38.881"></status>
</kw>
<kw name="${item} = {'bookingid': 588}" type="foritem">
<kw name="Insert Into List" library="Collections">
<doc>Inserts ``value`` into ``list`` to the position specified with ``index``.</doc>
<arguments>
<arg>${BOOKINGIDS}</arg>
<arg>${COUNTER}</arg>
<arg>${item}[bookingid]</arg>
</arguments>
<status status="PASS" starttime="20220805 17:33:38.882" endtime="20220805 17:33:38.882"></status>
</kw>
<kw name="Set Variable" library="BuiltIn">
<doc>Returns the given values which can then be assigned to a variables.</doc>
<arguments>
<arg>${COUNTER+1}</arg>
</arguments>
<assign>
<var>${COUNTER}</var>
</assign>
<msg timestamp="20220805 17:33:38.882" level="INFO">${COUNTER} = 25</msg>
<status status="PASS" starttime="20220805 17:33:38.882" endtime="20220805 17:33:38.882"></status>
</kw>
<status status="PASS" starttime="20220805 17:33:38.881" endtime="20220805 17:33:38.883"></status>
</kw>
<kw name="${item} = {'bookingid': 864}" type="foritem">
<kw name="Insert Into List" library="Collections">
<doc>Inserts ``value`` into ``list`` to the position specified with ``index``.</doc>
<arguments>
<arg>${BOOKINGIDS}</arg>
<arg>${COUNTER}</arg>
<arg>${item}[bookingid]</arg>
</arguments>
<status status="PASS" starttime="20220805 17:33:38.883" endtime="20220805 17:33:38.883"></status>
</kw>
<kw name="Set Variable" library="BuiltIn">
<doc>Returns the given values which can then be assigned to a variables.</doc>
<arguments>
<arg>${COUNTER+1}</arg>
</arguments>
<assign>
<var>${COUNTER}</var>
</assign>
<msg timestamp="20220805 17:33:38.883" level="INFO">${COUNTER} = 26</msg>
<status status="PASS" starttime="20220805 17:33:38.883" endtime="20220805 17:33:38.883"></status>
</kw>
<status status="PASS" starttime="20220805 17:33:38.883" endtime="20220805 17:33:38.883"></status>
</kw>
<kw name="${item} = {'bookingid': 858}" type="foritem">
<kw name="Insert Into List" library="Collections">
<doc>Inserts ``value`` into ``list`` to the position specified with ``index``.</doc>
<arguments>
<arg>${BOOKINGIDS}</arg>
<arg>${COUNTER}</arg>
<arg>${item}[bookingid]</arg>
</arguments>
<status status="PASS" starttime="20220805 17:33:38.884" endtime="20220805 17:33:38.884"></status>
</kw>
<kw name="Set Variable" library="BuiltIn">
<doc>Returns the given values which can then be assigned to a variables.</doc>
<arguments>
<arg>${COUNTER+1}</arg>
</arguments>
<assign>
<var>${COUNTER}</var>
</assign>
<msg timestamp="20220805 17:33:38.885" level="INFO">${COUNTER} = 27</msg>
<status status="PASS" starttime="20220805 17:33:38.884" endtime="20220805 17:33:38.885"></status>
</kw>
<status status="PASS" starttime="20220805 17:33:38.884" endtime="20220805 17:33:38.885"></status>
</kw>
<kw name="${item} = {'bookingid': 964}" type="foritem">
<kw name="Insert Into List" library="Collections">
<doc>Inserts ``value`` into ``list`` to the position specified with ``index``.</doc>
<arguments>
<arg>${BOOKINGIDS}</arg>
<arg>${COUNTER}</arg>
<arg>${item}[bookingid]</arg>
</arguments>
<status status="PASS" starttime="20220805 17:33:38.885" endtime="20220805 17:33:38.885"></status>
</kw>
<kw name="Set Variable" library="BuiltIn">
<doc>Returns the given values which can then be assigned to a variables.</doc>
<arguments>
<arg>${COUNTER+1}</arg>
</arguments>
<assign>
<var>${COUNTER}</var>
</assign>
<msg timestamp="20220805 17:33:38.886" level="INFO">${COUNTER} = 28</msg>
<status status="PASS" starttime="20220805 17:33:38.885" endtime="20220805 17:33:38.886"></status>
</kw>
<status status="PASS" starttime="20220805 17:33:38.885" endtime="20220805 17:33:38.886"></status>
</kw>
<kw name="${item} = {'bookingid': 18}" type="foritem">
<kw name="Insert Into List" library="Collections">
<doc>Inserts ``value`` into ``list`` to the position specified with ``index``.</doc>
<arguments>
<arg>${BOOKINGIDS}</arg>
<arg>${COUNTER}</arg>
<arg>${item}[bookingid]</arg>
</arguments>
<status status="PASS" starttime="20220805 17:33:38.886" endtime="20220805 17:33:38.886"></status>
</kw>
<kw name="Set Variable" library="BuiltIn">
<doc>Returns the given values which can then be assigned to a variables.</doc>
<arguments>
<arg>${COUNTER+1}</arg>
</arguments>
<assign>
<var>${COUNTER}</var>
</assign>
<msg timestamp="20220805 17:33:38.886" level="INFO">${COUNTER} = 29</msg>
<status status="PASS" starttime="20220805 17:33:38.886" endtime="20220805 17:33:38.886"></status>
</kw>
<status status="PASS" starttime="20220805 17:33:38.886" endtime="20220805 17:33:38.886"></status>
</kw>
<kw name="${item} = {'bookingid': 61}" type="foritem">
<kw name="Insert Into List" library="Collections">
<doc>Inserts ``value`` into ``list`` to the position specified with ``index``.</doc>
<arguments>
<arg>${BOOKINGIDS}</arg>
<arg>${COUNTER}</arg>
<arg>${item}[bookingid]</arg>
</arguments>
<status status="PASS" starttime="20220805 17:33:38.887" endtime="20220805 17:33:38.887"></status>
</kw>
<kw name="Set Variable" library="BuiltIn">
<doc>Returns the given values which can then be assigned to a variables.</doc>
<arguments>
<arg>${COUNTER+1}</arg>
</arguments>
<assign>
<var>${COUNTER}</var>
</assign>
<msg timestamp="20220805 17:33:38.888" level="INFO">${COUNTER} = 30</msg>
<status status="PASS" starttime="20220805 17:33:38.888" endtime="20220805 17:33:38.889"></status>
</kw>
<status status="PASS" starttime="20220805 17:33:38.887" endtime="20220805 17:33:38.889"></status>
</kw>
<kw name="${item} = {'bookingid': 488}" type="foritem">
<kw name="Insert Into List" library="Collections">
<doc>Inserts ``value`` into ``list`` to the position specified with ``index``.</doc>
<arguments>
<arg>${BOOKINGIDS}</arg>
<arg>${COUNTER}</arg>
<arg>${item}[bookingid]</arg>
</arguments>
<status status="PASS" starttime="20220805 17:33:38.889" endtime="20220805 17:33:38.889"></status>
</kw>
<kw name="Set Variable" library="BuiltIn">
<doc>Returns the given values which can then be assigned to a variables.</doc>
<arguments>
<arg>${COUNTER+1}</arg>
</arguments>
<assign>
<var>${COUNTER}</var>
</assign>
<msg timestamp="20220805 17:33:38.889" level="INFO">${COUNTER} = 31</msg>
<status status="PASS" starttime="20220805 17:33:38.889" endtime="20220805 17:33:38.889"></status>
</kw>
<status status="PASS" starttime="20220805 17:33:38.889" endtime="20220805 17:33:38.889"></status>
</kw>
<kw name="${item} = {'bookingid': 245}" type="foritem">
<kw name="Insert Into List" library="Collections">
<doc>Inserts ``value`` into ``list`` to the position specified with ``index``.</doc>
<arguments>
<arg>${BOOKINGIDS}</arg>
<arg>${COUNTER}</arg>
<arg>${item}[bookingid]</arg>
</arguments>
<status status="PASS" starttime="20220805 17:33:38.890" endtime="20220805 17:33:38.890"></status>
</kw>
<kw name="Set Variable" library="BuiltIn">
<doc>Returns the given values which can then be assigned to a variables.</doc>
<arguments>
<arg>${COUNTER+1}</arg>
</arguments>
<assign>
<var>${COUNTER}</var>
</assign>
<msg timestamp="20220805 17:33:38.890" level="INFO">${COUNTER} = 32</msg>
<status status="PASS" starttime="20220805 17:33:38.890" endtime="20220805 17:33:38.890"></status>
</kw>
<status status="PASS" starttime="20220805 17:33:38.889" endtime="20220805 17:33:38.890"></status>
</kw>
<kw name="${item} = {'bookingid': 166}" type="foritem">
<kw name="Insert Into List" library="Collections">
<doc>Inserts ``value`` into ``list`` to the position specified with ``index``.</doc>
<arguments>
<arg>${BOOKINGIDS}</arg>
<arg>${COUNTER}</arg>
<arg>${item}[bookingid]</arg>
</arguments>
<status status="PASS" starttime="20220805 17:33:38.890" endtime="20220805 17:33:38.891"></status>
</kw>
<kw name="Set Variable" library="BuiltIn">
<doc>Returns the given values which can then be assigned to a variables.</doc>
<arguments>
<arg>${COUNTER+1}</arg>
</arguments>
<assign>
<var>${COUNTER}</var>
</assign>
<msg timestamp="20220805 17:33:38.892" level="INFO">${COUNTER} = 33</msg>
<status status="PASS" starttime="20220805 17:33:38.891" endtime="20220805 17:33:38.892"></status>
</kw>
<status status="PASS" starttime="20220805 17:33:38.890" endtime="20220805 17:33:38.892"></status>
</kw>
<kw name="${item} = {'bookingid': 348}" type="foritem">
<kw name="Insert Into List" library="Collections">
<doc>Inserts ``value`` into ``list`` to the position specified with ``index``.</doc>
<arguments>
<arg>${BOOKINGIDS}</arg>
<arg>${COUNTER}</arg>
<arg>${item}[bookingid]</arg>
</arguments>
<status status="PASS" starttime="20220805 17:33:38.892" endtime="20220805 17:33:38.892"></status>
</kw>
<kw name="Set Variable" library="BuiltIn">
<doc>Returns the given values which can then be assigned to a variables.</doc>
<arguments>
<arg>${COUNTER+1}</arg>
</arguments>
<assign>
<var>${COUNTER}</var>
</assign>
<msg timestamp="20220805 17:33:38.893" level="INFO">${COUNTER} = 34</msg>
<status status="PASS" starttime="20220805 17:33:38.892" endtime="20220805 17:33:38.893"></status>
</kw>
<status status="PASS" starttime="20220805 17:33:38.892" endtime="20220805 17:33:38.893"></status>
</kw>
<kw name="${item} = {'bookingid': 471}" type="foritem">
<kw name="Insert Into List" library="Collections">
<doc>Inserts ``value`` into ``list`` to the position specified with ``index``.</doc>
<arguments>
<arg>${BOOKINGIDS}</arg>
<arg>${COUNTER}</arg>
<arg>${item}[bookingid]</arg>
</arguments>
<status status="PASS" starttime="20220805 17:33:38.893" endtime="20220805 17:33:38.893"></status>
</kw>
<kw name="Set Variable" library="BuiltIn">
<doc>Returns the given values which can then be assigned to a variables.</doc>
<arguments>
<arg>${COUNTER+1}</arg>
</arguments>
<assign>
<var>${COUNTER}</var>
</assign>
<msg timestamp="20220805 17:33:38.894" level="INFO">${COUNTER} = 35</msg>
<status status="PASS" starttime="20220805 17:33:38.893" endtime="20220805 17:33:38.894"></status>
</kw>
<status status="PASS" starttime="20220805 17:33:38.893" endtime="20220805 17:33:38.894"></status>
</kw>
<kw name="${item} = {'bookingid': 889}" type="foritem">
<kw name="Insert Into List" library="Collections">
<doc>Inserts ``value`` into ``list`` to the position specified with ``index``.</doc>
<arguments>
<arg>${BOOKINGIDS}</arg>
<arg>${COUNTER}</arg>
<arg>${item}[bookingid]</arg>
</arguments>
<status status="PASS" starttime="20220805 17:33:38.894" endtime="20220805 17:33:38.894"></status>
</kw>
<kw name="Set Variable" library="BuiltIn">
<doc>Returns the given values which can then be assigned to a variables.</doc>
<arguments>
<arg>${COUNTER+1}</arg>
</arguments>
<assign>
<var>${COUNTER}</var>
</assign>
<msg timestamp="20220805 17:33:38.894" level="INFO">${COUNTER} = 36</msg>
<status status="PASS" starttime="20220805 17:33:38.894" endtime="20220805 17:33:38.894"></status>
</kw>
<status status="PASS" starttime="20220805 17:33:38.894" endtime="20220805 17:33:38.894"></status>
</kw>
<kw name="${item} = {'bookingid': 117}" type="foritem">
<kw name="Insert Into List" library="Collections">
<doc>Inserts ``value`` into ``list`` to the position specified with ``index``.</doc>
<arguments>
<arg>${BOOKINGIDS}</arg>
<arg>${COUNTER}</arg>
<arg>${item}[bookingid]</arg>
</arguments>
<status status="PASS" starttime="20220805 17:33:38.895" endtime="20220805 17:33:38.895"></status>
</kw>
<kw name="Set Variable" library="BuiltIn">
<doc>Returns the given values which can then be assigned to a variables.</doc>
<arguments>
<arg>${COUNTER+1}</arg>
</arguments>
<assign>
<var>${COUNTER}</var>
</assign>
<msg timestamp="20220805 17:33:38.895" level="INFO">${COUNTER} = 37</msg>
<status status="PASS" starttime="20220805 17:33:38.895" endtime="20220805 17:33:38.895"></status>
</kw>
<status status="PASS" starttime="20220805 17:33:38.895" endtime="20220805 17:33:38.895"></status>
</kw>
<kw name="${item} = {'bookingid': 388}" type="foritem">
<kw name="Insert Into List" library="Collections">
<doc>Inserts ``value`` into ``list`` to the position specified with ``index``.</doc>
<arguments>
<arg>${BOOKINGIDS}</arg>
<arg>${COUNTER}</arg>
<arg>${item}[bookingid]</arg>
</arguments>
<status status="PASS" starttime="20220805 17:33:38.895" endtime="20220805 17:33:38.896"></status>
</kw>
<kw name="Set Variable" library="BuiltIn">
<doc>Returns the given values which can then be assigned to a variables.</doc>
<arguments>
<arg>${COUNTER+1}</arg>
</arguments>
<assign>
<var>${COUNTER}</var>
</assign>
<msg timestamp="20220805 17:33:38.896" level="INFO">${COUNTER} = 38</msg>
<status status="PASS" starttime="20220805 17:33:38.896" endtime="20220805 17:33:38.896"></status>
</kw>
<status status="PASS" starttime="20220805 17:33:38.895" endtime="20220805 17:33:38.896"></status>
</kw>
<kw name="${item} = {'bookingid': 712}" type="foritem">
<kw name="Insert Into List" library="Collections">
<doc>Inserts ``value`` into ``list`` to the position specified with ``index``.</doc>
<arguments>
<arg>${BOOKINGIDS}</arg>
<arg>${COUNTER}</arg>
<arg>${item}[bookingid]</arg>
</arguments>
<status status="PASS" starttime="20220805 17:33:38.896" endtime="20220805 17:33:38.897"></status>
</kw>
<kw name="Set Variable" library="BuiltIn">
<doc>Returns the given values which can then be assigned to a variables.</doc>
<arguments>
<arg>${COUNTER+1}</arg>
</arguments>
<assign>
<var>${COUNTER}</var>
</assign>
<msg timestamp="20220805 17:33:38.899" level="INFO">${COUNTER} = 39</msg>
<status status="PASS" starttime="20220805 17:33:38.897" endtime="20220805 17:33:38.899"></status>
</kw>
<status status="PASS" starttime="20220805 17:33:38.896" endtime="20220805 17:33:38.899"></status>
</kw>
<kw name="${item} = {'bookingid': 370}" type="foritem">
<kw name="Insert Into List" library="Collections">
<doc>Inserts ``value`` into ``list`` to the position specified with ``index``.</doc>
<arguments>
<arg>${BOOKINGIDS}</arg>
<arg>${COUNTER}</arg>
<arg>${item}[bookingid]</arg>
</arguments>
<status status="PASS" starttime="20220805 17:33:38.899" endtime="20220805 17:33:38.899"></status>
</kw>
<kw name="Set Variable" library="BuiltIn">
<doc>Returns the given values which can then be assigned to a variables.</doc>
<arguments>
<arg>${COUNTER+1}</arg>
</arguments>
<assign>
<var>${COUNTER}</var>
</assign>
<msg timestamp="20220805 17:33:38.899" level="INFO">${COUNTER} = 40</msg>
<status status="PASS" starttime="20220805 17:33:38.899" endtime="20220805 17:33:38.899"></status>
</kw>
<status status="PASS" starttime="20220805 17:33:38.899" endtime="20220805 17:33:38.900"></status>
</kw>
<kw name="${item} = {'bookingid': 546}" type="foritem">
<kw name="Insert Into List" library="Collections">
<doc>Inserts ``value`` into ``list`` to the position specified with ``index``.</doc>
<arguments>
<arg>${BOOKINGIDS}</arg>
<arg>${COUNTER}</arg>
<arg>${item}[bookingid]</arg>
</arguments>
<status status="PASS" starttime="20220805 17:33:38.900" endtime="20220805 17:33:38.900"></status>
</kw>
<kw name="Set Variable" library="BuiltIn">
<doc>Returns the given values which can then be assigned to a variables.</doc>
<arguments>
<arg>${COUNTER+1}</arg>
</arguments>
<assign>
<var>${COUNTER}</var>
</assign>
<msg timestamp="20220805 17:33:38.900" level="INFO">${COUNTER} = 41</msg>
<status status="PASS" starttime="20220805 17:33:38.900" endtime="20220805 17:33:38.900"></status>
</kw>
<status status="PASS" starttime="20220805 17:33:38.900" endtime="20220805 17:33:38.900"></status>
</kw>
<kw name="${item} = {'bookingid': 606}" type="foritem">
<kw name="Insert Into List" library="Collections">
<doc>Inserts ``value`` into ``list`` to the position specified with ``index``.</doc>
<arguments>
<arg>${BOOKINGIDS}</arg>
<arg>${COUNTER}</arg>
<arg>${item}[bookingid]</arg>
</arguments>
<status status="PASS" starttime="20220805 17:33:38.900" endtime="20220805 17:33:38.901"></status>
</kw>
<kw name="Set Variable" library="BuiltIn">
<doc>Returns the given values which can then be assigned to a variables.</doc>
<arguments>
<arg>${COUNTER+1}</arg>
</arguments>
<assign>
<var>${COUNTER}</var>
</assign>
<msg timestamp="20220805 17:33:38.901" level="INFO">${COUNTER} = 42</msg>
<status status="PASS" starttime="20220805 17:33:38.901" endtime="20220805 17:33:38.901"></status>
</kw>
<status status="PASS" starttime="20220805 17:33:38.900" endtime="20220805 17:33:38.901"></status>
</kw>
<kw name="${item} = {'bookingid': 296}" type="foritem">
<kw name="Insert Into List" library="Collections">
<doc>Inserts ``value`` into ``list`` to the position specified with ``index``.</doc>
<arguments>
<arg>${BOOKINGIDS}</arg>
<arg>${COUNTER}</arg>
<arg>${item}[bookingid]</arg>
</arguments>
<status status="PASS" starttime="20220805 17:33:38.901" endtime="20220805 17:33:38.902"></status>
</kw>
<kw name="Set Variable" library="BuiltIn">
<doc>Returns the given values which can then be assigned to a variables.</doc>
<arguments>
<arg>${COUNTER+1}</arg>
</arguments>
<assign>
<var>${COUNTER}</var>
</assign>
<msg timestamp="20220805 17:33:38.902" level="INFO">${COUNTER} = 43</msg>
<status status="PASS" starttime="20220805 17:33:38.902" endtime="20220805 17:33:38.902"></status>
</kw>
<status status="PASS" starttime="20220805 17:33:38.901" endtime="20220805 17:33:38.902"></status>
</kw>
<kw name="${item} = {'bookingid': 750}" type="foritem">
<kw name="Insert Into List" library="Collections">
<doc>Inserts ``value`` into ``list`` to the position specified with ``index``.</doc>
<arguments>
<arg>${BOOKINGIDS}</arg>
<arg>${COUNTER}</arg>
<arg>${item}[bookingid]</arg>
</arguments>
<status status="PASS" starttime="20220805 17:33:38.902" endtime="20220805 17:33:38.902"></status>
</kw>
<kw name="Set Variable" library="BuiltIn">
<doc>Returns the given values which can then be assigned to a variables.</doc>
<arguments>
<arg>${COUNTER+1}</arg>
</arguments>
<assign>
<var>${COUNTER}</var>
</assign>
<msg timestamp="20220805 17:33:38.903" level="INFO">${COUNTER} = 44</msg>
<status status="PASS" starttime="20220805 17:33:38.903" endtime="20220805 17:33:38.903"></status>
</kw>
<status status="PASS" starttime="20220805 17:33:38.902" endtime="20220805 17:33:38.903"></status>
</kw>
<kw name="${item} = {'bookingid': 122}" type="foritem">
<kw name="Insert Into List" library="Collections">
<doc>Inserts ``value`` into ``list`` to the position specified with ``index``.</doc>
<arguments>
<arg>${BOOKINGIDS}</arg>
<arg>${COUNTER}</arg>
<arg>${item}[bookingid]</arg>
</arguments>
<status status="PASS" starttime="20220805 17:33:38.903" endtime="20220805 17:33:38.903"></status>
</kw>
<kw name="Set Variable" library="BuiltIn">
<doc>Returns the given values which can then be assigned to a variables.</doc>
<arguments>
<arg>${COUNTER+1}</arg>
</arguments>
<assign>
<var>${COUNTER}</var>
</assign>
<msg timestamp="20220805 17:33:38.904" level="INFO">${COUNTER} = 45</msg>
<status status="PASS" starttime="20220805 17:33:38.903" endtime="20220805 17:33:38.904"></status>
</kw>
<status status="PASS" starttime="20220805 17:33:38.903" endtime="20220805 17:33:38.904"></status>
</kw>
<kw name="${item} = {'bookingid': 118}" type="foritem">
<kw name="Insert Into List" library="Collections">
<doc>Inserts ``value`` into ``list`` to the position specified with ``index``.</doc>
<arguments>
<arg>${BOOKINGIDS}</arg>
<arg>${COUNTER}</arg>
<arg>${item}[bookingid]</arg>
</arguments>
<status status="PASS" starttime="20220805 17:33:38.904" endtime="20220805 17:33:38.904"></status>
</kw>
<kw name="Set Variable" library="BuiltIn">
<doc>Returns the given values which can then be assigned to a variables.</doc>
<arguments>
<arg>${COUNTER+1}</arg>
</arguments>
<assign>
<var>${COUNTER}</var>
</assign>
<msg timestamp="20220805 17:33:38.905" level="INFO">${COUNTER} = 46</msg>
<status status="PASS" starttime="20220805 17:33:38.904" endtime="20220805 17:33:38.905"></status>
</kw>
<status status="PASS" starttime="20220805 17:33:38.904" endtime="20220805 17:33:38.905"></status>
</kw>
<kw name="${item} = {'bookingid': 775}" type="foritem">
<kw name="Insert Into List" library="Collections">
<doc>Inserts ``value`` into ``list`` to the position specified with ``index``.</doc>
<arguments>
<arg>${BOOKINGIDS}</arg>
<arg>${COUNTER}</arg>
<arg>${item}[bookingid]</arg>
</arguments>
<status status="PASS" starttime="20220805 17:33:38.905" endtime="20220805 17:33:38.905"></status>
</kw>
<kw name="Set Variable" library="BuiltIn">
<doc>Returns the given values which can then be assigned to a variables.</doc>
<arguments>
<arg>${COUNTER+1}</arg>
</arguments>
<assign>
<var>${COUNTER}</var>
</assign>
<msg timestamp="20220805 17:33:38.905" level="INFO">${COUNTER} = 47</msg>
<status status="PASS" starttime="20220805 17:33:38.905" endtime="20220805 17:33:38.905"></status>
</kw>
<status status="PASS" starttime="20220805 17:33:38.905" endtime="20220805 17:33:38.905"></status>
</kw>
<kw name="${item} = {'bookingid': 802}" type="foritem">
<kw name="Insert Into List" library="Collections">
<doc>Inserts ``value`` into ``list`` to the position specified with ``index``.</doc>
<arguments>
<arg>${BOOKINGIDS}</arg>
<arg>${COUNTER}</arg>
<arg>${item}[bookingid]</arg>
</arguments>
<status status="PASS" starttime="20220805 17:33:38.906" endtime="20220805 17:33:38.906"></status>
</kw>
<kw name="Set Variable" library="BuiltIn">
<doc>Returns the given values which can then be assigned to a variables.</doc>
<arguments>
<arg>${COUNTER+1}</arg>
</arguments>
<assign>
<var>${COUNTER}</var>
</assign>
<msg timestamp="20220805 17:33:38.906" level="INFO">${COUNTER} = 48</msg>
<status status="PASS" starttime="20220805 17:33:38.906" endtime="20220805 17:33:38.906"></status>
</kw>
<status status="PASS" starttime="20220805 17:33:38.905" endtime="20220805 17:33:38.907"></status>
</kw>
<kw name="${item} = {'bookingid': 424}" type="foritem">
<kw name="Insert Into List" library="Collections">
<doc>Inserts ``value`` into ``list`` to the position specified with ``index``.</doc>
<arguments>
<arg>${BOOKINGIDS}</arg>
<arg>${COUNTER}</arg>
<arg>${item}[bookingid]</arg>
</arguments>
<status status="PASS" starttime="20220805 17:33:38.908" endtime="20220805 17:33:38.908"></status>
</kw>
<kw name="Set Variable" library="BuiltIn">
<doc>Returns the given values which can then be assigned to a variables.</doc>
<arguments>
<arg>${COUNTER+1}</arg>
</arguments>
<assign>
<var>${COUNTER}</var>
</assign>
<msg timestamp="20220805 17:33:38.909" level="INFO">${COUNTER} = 49</msg>
<status status="PASS" starttime="20220805 17:33:38.908" endtime="20220805 17:33:38.909"></status>
</kw>
<status status="PASS" starttime="20220805 17:33:38.907" endtime="20220805 17:33:38.909"></status>
</kw>
<kw name="${item} = {'bookingid': 253}" type="foritem">
<kw name="Insert Into List" library="Collections">
<doc>Inserts ``value`` into ``list`` to the position specified with ``index``.</doc>
<arguments>
<arg>${BOOKINGIDS}</arg>
<arg>${COUNTER}</arg>
<arg>${item}[bookingid]</arg>
</arguments>
<status status="PASS" starttime="20220805 17:33:38.909" endtime="20220805 17:33:38.910"></status>
</kw>
<kw name="Set Variable" library="BuiltIn">
<doc>Returns the given values which can then be assigned to a variables.</doc>
<arguments>
<arg>${COUNTER+1}</arg>
</arguments>
<assign>
<var>${COUNTER}</var>
</assign>
<msg timestamp="20220805 17:33:38.911" level="INFO">${COUNTER} = 50</msg>
<status status="PASS" starttime="20220805 17:33:38.910" endtime="20220805 17:33:38.911"></status>
</kw>
<status status="PASS" starttime="20220805 17:33:38.909" endtime="20220805 17:33:38.911"></status>
</kw>
<kw name="${item} = {'bookingid': 186}" type="foritem">
<kw name="Insert Into List" library="Collections">
<doc>Inserts ``value`` into ``list`` to the position specified with ``index``.</doc>
<arguments>
<arg>${BOOKINGIDS}</arg>
<arg>${COUNTER}</arg>
<arg>${item}[bookingid]</arg>
</arguments>
<status status="PASS" starttime="20220805 17:33:38.911" endtime="20220805 17:33:38.912"></status>
</kw>
<kw name="Set Variable" library="BuiltIn">
<doc>Returns the given values which can then be assigned to a variables.</doc>
<arguments>
<arg>${COUNTER+1}</arg>
</arguments>
<assign>
<var>${COUNTER}</var>
</assign>
<msg timestamp="20220805 17:33:38.913" level="INFO">${COUNTER} = 51</msg>
<status status="PASS" starttime="20220805 17:33:38.912" endtime="20220805 17:33:38.913"></status>
</kw>
<status status="PASS" starttime="20220805 17:33:38.911" endtime="20220805 17:33:38.913"></status>
</kw>
<kw name="${item} = {'bookingid': 900}" type="foritem">
<kw name="Insert Into List" library="Collections">
<doc>Inserts ``value`` into ``list`` to the position specified with ``index``.</doc>
<arguments>
<arg>${BOOKINGIDS}</arg>
<arg>${COUNTER}</arg>
<arg>${item}[bookingid]</arg>
</arguments>
<status status="PASS" starttime="20220805 17:33:38.913" endtime="20220805 17:33:38.913"></status>
</kw>
<kw name="Set Variable" library="BuiltIn">
<doc>Returns the given values which can then be assigned to a variables.</doc>
<arguments>
<arg>${COUNTER+1}</arg>
</arguments>
<assign>
<var>${COUNTER}</var>
</assign>
<msg timestamp="20220805 17:33:38.914" level="INFO">${COUNTER} = 52</msg>
<status status="PASS" starttime="20220805 17:33:38.914" endtime="20220805 17:33:38.914"></status>
</kw>
<status status="PASS" starttime="20220805 17:33:38.913" endtime="20220805 17:33:38.914"></status>
</kw>
<kw name="${item} = {'bookingid': 196}" type="foritem">
<kw name="Insert Into List" library="Collections">
<doc>Inserts ``value`` into ``list`` to the position specified with ``index``.</doc>
<arguments>
<arg>${BOOKINGIDS}</arg>
<arg>${COUNTER}</arg>
<arg>${item}[bookingid]</arg>
</arguments>
<status status="PASS" starttime="20220805 17:33:38.914" endtime="20220805 17:33:38.915"></status>
</kw>
<kw name="Set Variable" library="BuiltIn">
<doc>Returns the given values which can then be assigned to a variables.</doc>
<arguments>
<arg>${COUNTER+1}</arg>
</arguments>
<assign>
<var>${COUNTER}</var>
</assign>
<msg timestamp="20220805 17:33:38.915" level="INFO">${COUNTER} = 53</msg>
<status status="PASS" starttime="20220805 17:33:38.915" endtime="20220805 17:33:38.915"></status>
</kw>
<status status="PASS" starttime="20220805 17:33:38.914" endtime="20220805 17:33:38.915"></status>
</kw>
<kw name="${item} = {'bookingid': 694}" type="foritem">
<kw name="Insert Into List" library="Collections">
<doc>Inserts ``value`` into ``list`` to the position specified with ``index``.</doc>
<arguments>
<arg>${BOOKINGIDS}</arg>
<arg>${COUNTER}</arg>
<arg>${item}[bookingid]</arg>
</arguments>
<status status="PASS" starttime="20220805 17:33:38.916" endtime="20220805 17:33:38.916"></status>
</kw>
<kw name="Set Variable" library="BuiltIn">
<doc>Returns the given values which can then be assigned to a variables.</doc>
<arguments>
<arg>${COUNTER+1}</arg>
</arguments>
<assign>
<var>${COUNTER}</var>
</assign>
<msg timestamp="20220805 17:33:38.917" level="INFO">${COUNTER} = 54</msg>
<status status="PASS" starttime="20220805 17:33:38.916" endtime="20220805 17:33:38.917"></status>
</kw>
<status status="PASS" starttime="20220805 17:33:38.915" endtime="20220805 17:33:38.917"></status>
</kw>
<kw name="${item} = {'bookingid': 243}" type="foritem">
<kw name="Insert Into List" library="Collections">
<doc>Inserts ``value`` into ``list`` to the position specified with ``index``.</doc>
<arguments>
<arg>${BOOKINGIDS}</arg>
<arg>${COUNTER}</arg>
<arg>${item}[bookingid]</arg>
</arguments>
<status status="PASS" starttime="20220805 17:33:38.917" endtime="20220805 17:33:38.917"></status>
</kw>
<kw name="Set Variable" library="BuiltIn">
<doc>Returns the given values which can then be assigned to a variables.</doc>
<arguments>
<arg>${COUNTER+1}</arg>
</arguments>
<assign>
<var>${COUNTER}</var>
</assign>
<msg timestamp="20220805 17:33:38.918" level="INFO">${COUNTER} = 55</msg>
<status status="PASS" starttime="20220805 17:33:38.918" endtime="20220805 17:33:38.918"></status>
</kw>
<status status="PASS" starttime="20220805 17:33:38.917" endtime="20220805 17:33:38.918"></status>
</kw>
<kw name="${item} = {'bookingid': 720}" type="foritem">
<kw name="Insert Into List" library="Collections">
<doc>Inserts ``value`` into ``list`` to the position specified with ``index``.</doc>
<arguments>
<arg>${BOOKINGIDS}</arg>
<arg>${COUNTER}</arg>
<arg>${item}[bookingid]</arg>
</arguments>
<status status="PASS" starttime="20220805 17:33:38.918" endtime="20220805 17:33:38.919"></status>
</kw>
<kw name="Set Variable" library="BuiltIn">
<doc>Returns the given values which can then be assigned to a variables.</doc>
<arguments>
<arg>${COUNTER+1}</arg>
</arguments>
<assign>
<var>${COUNTER}</var>
</assign>
<msg timestamp="20220805 17:33:38.919" level="INFO">${COUNTER} = 56</msg>
<status status="PASS" starttime="20220805 17:33:38.919" endtime="20220805 17:33:38.919"></status>
</kw>
<status status="PASS" starttime="20220805 17:33:38.918" endtime="20220805 17:33:38.919"></status>
</kw>
<kw name="${item} = {'bookingid': 78}" type="foritem">
<kw name="Insert Into List" library="Collections">
<doc>Inserts ``value`` into ``list`` to the position specified with ``index``.</doc>
<arguments>
<arg>${BOOKINGIDS}</arg>
<arg>${COUNTER}</arg>
<arg>${item}[bookingid]</arg>
</arguments>
<status status="PASS" starttime="20220805 17:33:38.920" endtime="20220805 17:33:38.920"></status>
</kw>
<kw name="Set Variable" library="BuiltIn">
<doc>Returns the given values which can then be assigned to a variables.</doc>
<arguments>
<arg>${COUNTER+1}</arg>
</arguments>
<assign>
<var>${COUNTER}</var>
</assign>
<msg timestamp="20220805 17:33:38.921" level="INFO">${COUNTER} = 57</msg>
<status status="PASS" starttime="20220805 17:33:38.920" endtime="20220805 17:33:38.921"></status>
</kw>
<status status="PASS" starttime="20220805 17:33:38.919" endtime="20220805 17:33:38.921"></status>
</kw>
<kw name="${item} = {'bookingid': 355}" type="foritem">
<kw name="Insert Into List" library="Collections">
<doc>Inserts ``value`` into ``list`` to the position specified with ``index``.</doc>
<arguments>
<arg>${BOOKINGIDS}</arg>
<arg>${COUNTER}</arg>
<arg>${item}[bookingid]</arg>
</arguments>
<status status="PASS" starttime="20220805 17:33:38.922" endtime="20220805 17:33:38.923"></status>
</kw>
<kw name="Set Variable" library="BuiltIn">
<doc>Returns the given values which can then be assigned to a variables.</doc>
<arguments>
<arg>${COUNTER+1}</arg>
</arguments>
<assign>
<var>${COUNTER}</var>
</assign>
<msg timestamp="20220805 17:33:38.924" level="INFO">${COUNTER} = 58</msg>
<status status="PASS" starttime="20220805 17:33:38.923" endtime="20220805 17:33:38.924"></status>
</kw>
<status status="PASS" starttime="20220805 17:33:38.921" endtime="20220805 17:33:38.924"></status>
</kw>
<kw name="${item} = {'bookingid': 341}" type="foritem">
<kw name="Insert Into List" library="Collections">
<doc>Inserts ``value`` into ``list`` to the position specified with ``index``.</doc>
<arguments>
<arg>${BOOKINGIDS}</arg>
<arg>${COUNTER}</arg>
<arg>${item}[bookingid]</arg>
</arguments>
<status status="PASS" starttime="20220805 17:33:38.924" endtime="20220805 17:33:38.925"></status>
</kw>
<kw name="Set Variable" library="BuiltIn">
<doc>Returns the given values which can then be assigned to a variables.</doc>
<arguments>
<arg>${COUNTER+1}</arg>
</arguments>
<assign>
<var>${COUNTER}</var>
</assign>
<msg timestamp="20220805 17:33:38.925" level="INFO">${COUNTER} = 59</msg>
<status status="PASS" starttime="20220805 17:33:38.925" endtime="20220805 17:33:38.925"></status>
</kw>
<status status="PASS" starttime="20220805 17:33:38.924" endtime="20220805 17:33:38.925"></status>
</kw>
<kw name="${item} = {'bookingid': 72}" type="foritem">
<kw name="Insert Into List" library="Collections">
<doc>Inserts ``value`` into ``list`` to the position specified with ``index``.</doc>
<arguments>
<arg>${BOOKINGIDS}</arg>
<arg>${COUNTER}</arg>
<arg>${item}[bookingid]</arg>
</arguments>
<status status="PASS" starttime="20220805 17:33:38.926" endtime="20220805 17:33:38.926"></status>
</kw>
<kw name="Set Variable" library="BuiltIn">
<doc>Returns the given values which can then be assigned to a variables.</doc>
<arguments>
<arg>${COUNTER+1}</arg>
</arguments>
<assign>
<var>${COUNTER}</var>
</assign>
<msg timestamp="20220805 17:33:38.927" level="INFO">${COUNTER} = 60</msg>
<status status="PASS" starttime="20220805 17:33:38.926" endtime="20220805 17:33:38.927"></status>
</kw>
<status status="PASS" starttime="20220805 17:33:38.925" endtime="20220805 17:33:38.927"></status>
</kw>
<kw name="${item} = {'bookingid': 239}" type="foritem">
<kw name="Insert Into List" library="Collections">
<doc>Inserts ``value`` into ``list`` to the position specified with ``index``.</doc>
<arguments>
<arg>${BOOKINGIDS}</arg>
<arg>${COUNTER}</arg>
<arg>${item}[bookingid]</arg>
</arguments>
<status status="PASS" starttime="20220805 17:33:38.927" endtime="20220805 17:33:38.927"></status>
</kw>
<kw name="Set Variable" library="BuiltIn">
<doc>Returns the given values which can then be assigned to a variables.</doc>
<arguments>
<arg>${COUNTER+1}</arg>
</arguments>
<assign>
<var>${COUNTER}</var>
</assign>
<msg timestamp="20220805 17:33:38.928" level="INFO">${COUNTER} = 61</msg>
<status status="PASS" starttime="20220805 17:33:38.927" endtime="20220805 17:33:38.928"></status>
</kw>
<status status="PASS" starttime="20220805 17:33:38.927" endtime="20220805 17:33:38.928"></status>
</kw>
<kw name="${item} = {'bookingid': 399}" type="foritem">
<kw name="Insert Into List" library="Collections">
<doc>Inserts ``value`` into ``list`` to the position specified with ``index``.</doc>
<arguments>
<arg>${BOOKINGIDS}</arg>
<arg>${COUNTER}</arg>
<arg>${item}[bookingid]</arg>
</arguments>
<status status="PASS" starttime="20220805 17:33:38.928" endtime="20220805 17:33:38.929"></status>
</kw>
<kw name="Set Variable" library="BuiltIn">
<doc>Returns the given values which can then be assigned to a variables.</doc>
<arguments>
<arg>${COUNTER+1}</arg>
</arguments>
<assign>
<var>${COUNTER}</var>
</assign>
<msg timestamp="20220805 17:33:38.929" level="INFO">${COUNTER} = 62</msg>
<status status="PASS" starttime="20220805 17:33:38.929" endtime="20220805 17:33:38.929"></status>
</kw>
<status status="PASS" starttime="20220805 17:33:38.928" endtime="20220805 17:33:38.929"></status>
</kw>
<kw name="${item} = {'bookingid': 443}" type="foritem">
<kw name="Insert Into List" library="Collections">
<doc>Inserts ``value`` into ``list`` to the position specified with ``index``.</doc>
<arguments>
<arg>${BOOKINGIDS}</arg>
<arg>${COUNTER}</arg>
<arg>${item}[bookingid]</arg>
</arguments>
<status status="PASS" starttime="20220805 17:33:38.929" endtime="20220805 17:33:38.930"></status>
</kw>
<kw name="Set Variable" library="BuiltIn">
<doc>Returns the given values which can then be assigned to a variables.</doc>
<arguments>
<arg>${COUNTER+1}</arg>
</arguments>
<assign>
<var>${COUNTER}</var>
</assign>
<msg timestamp="20220805 17:33:38.931" level="INFO">${COUNTER} = 63</msg>
<status status="PASS" starttime="20220805 17:33:38.930" endtime="20220805 17:33:38.931"></status>
</kw>
<status status="PASS" starttime="20220805 17:33:38.929" endtime="20220805 17:33:38.931"></status>
</kw>
<kw name="${item} = {'bookingid': 684}" type="foritem">
<kw name="Insert Into List" library="Collections">
<doc>Inserts ``value`` into ``list`` to the position specified with ``index``.</doc>
<arguments>
<arg>${BOOKINGIDS}</arg>
<arg>${COUNTER}</arg>
<arg>${item}[bookingid]</arg>
</arguments>
<status status="PASS" starttime="20220805 17:33:38.932" endtime="20220805 17:33:38.932"></status>
</kw>
<kw name="Set Variable" library="BuiltIn">
<doc>Returns the given values which can then be assigned to a variables.</doc>
<arguments>
<arg>${COUNTER+1}</arg>
</arguments>
<assign>
<var>${COUNTER}</var>
</assign>
<msg timestamp="20220805 17:33:38.933" level="INFO">${COUNTER} = 64</msg>
<status status="PASS" starttime="20220805 17:33:38.932" endtime="20220805 17:33:38.933"></status>
</kw>
<status status="PASS" starttime="20220805 17:33:38.931" endtime="20220805 17:33:38.933"></status>
</kw>
<kw name="${item} = {'bookingid': 40}" type="foritem">
<kw name="Insert Into List" library="Collections">
<doc>Inserts ``value`` into ``list`` to the position specified with ``index``.</doc>
<arguments>
<arg>${BOOKINGIDS}</arg>
<arg>${COUNTER}</arg>
<arg>${item}[bookingid]</arg>
</arguments>
<status status="PASS" starttime="20220805 17:33:38.933" endtime="20220805 17:33:38.933"></status>
</kw>
<kw name="Set Variable" library="BuiltIn">
<doc>Returns the given values which can then be assigned to a variables.</doc>
<arguments>
<arg>${COUNTER+1}</arg>
</arguments>
<assign>
<var>${COUNTER}</var>
</assign>
<msg timestamp="20220805 17:33:38.934" level="INFO">${COUNTER} = 65</msg>
<status status="PASS" starttime="20220805 17:33:38.934" endtime="20220805 17:33:38.934"></status>
</kw>
<status status="PASS" starttime="20220805 17:33:38.933" endtime="20220805 17:33:38.934"></status>
</kw>
<kw name="${item} = {'bookingid': 638}" type="foritem">
<kw name="Insert Into List" library="Collections">
<doc>Inserts ``value`` into ``list`` to the position specified with ``index``.</doc>
<arguments>
<arg>${BOOKINGIDS}</arg>
<arg>${COUNTER}</arg>
<arg>${item}[bookingid]</arg>
</arguments>
<status status="PASS" starttime="20220805 17:33:38.934" endtime="20220805 17:33:38.935"></status>
</kw>
<kw name="Set Variable" library="BuiltIn">
<doc>Returns the given values which can then be assigned to a variables.</doc>
<arguments>
<arg>${COUNTER+1}</arg>
</arguments>
<assign>
<var>${COUNTER}</var>
</assign>
<msg timestamp="20220805 17:33:38.935" level="INFO">${COUNTER} = 66</msg>
<status status="PASS" starttime="20220805 17:33:38.935" endtime="20220805 17:33:38.935"></status>
</kw>
<status status="PASS" starttime="20220805 17:33:38.934" endtime="20220805 17:33:38.935"></status>
</kw>
<kw name="${item} = {'bookingid': 486}" type="foritem">
<kw name="Insert Into List" library="Collections">
<doc>Inserts ``value`` into ``list`` to the position specified with ``index``.</doc>
<arguments>
<arg>${BOOKINGIDS}</arg>
<arg>${COUNTER}</arg>
<arg>${item}[bookingid]</arg>
</arguments>
<status status="PASS" starttime="20220805 17:33:38.935" endtime="20220805 17:33:38.937"></status>
</kw>
<kw name="Set Variable" library="BuiltIn">
<doc>Returns the given values which can then be assigned to a variables.</doc>
<arguments>
<arg>${COUNTER+1}</arg>
</arguments>
<assign>
<var>${COUNTER}</var>
</assign>
<msg timestamp="20220805 17:33:38.938" level="INFO">${COUNTER} = 67</msg>
<status status="PASS" starttime="20220805 17:33:38.937" endtime="20220805 17:33:38.938"></status>
</kw>
<status status="PASS" starttime="20220805 17:33:38.935" endtime="20220805 17:33:38.938"></status>
</kw>
<kw name="${item} = {'bookingid': 276}" type="foritem">
<kw name="Insert Into List" library="Collections">
<doc>Inserts ``value`` into ``list`` to the position specified with ``index``.</doc>
<arguments>
<arg>${BOOKINGIDS}</arg>
<arg>${COUNTER}</arg>
<arg>${item}[bookingid]</arg>
</arguments>
<status status="PASS" starttime="20220805 17:33:38.938" endtime="20220805 17:33:38.938"></status>
</kw>
<kw name="Set Variable" library="BuiltIn">
<doc>Returns the given values which can then be assigned to a variables.</doc>
<arguments>
<arg>${COUNTER+1}</arg>
</arguments>
<assign>
<var>${COUNTER}</var>
</assign>
<msg timestamp="20220805 17:33:38.939" level="INFO">${COUNTER} = 68</msg>
<status status="PASS" starttime="20220805 17:33:38.938" endtime="20220805 17:33:38.939"></status>
</kw>
<status status="PASS" starttime="20220805 17:33:38.938" endtime="20220805 17:33:38.939"></status>
</kw>
<kw name="${item} = {'bookingid': 8}" type="foritem">
<kw name="Insert Into List" library="Collections">
<doc>Inserts ``value`` into ``list`` to the position specified with ``index``.</doc>
<arguments>
<arg>${BOOKINGIDS}</arg>
<arg>${COUNTER}</arg>
<arg>${item}[bookingid]</arg>
</arguments>
<status status="PASS" starttime="20220805 17:33:38.939" endtime="20220805 17:33:38.940"></status>
</kw>
<kw name="Set Variable" library="BuiltIn">
<doc>Returns the given values which can then be assigned to a variables.</doc>
<arguments>
<arg>${COUNTER+1}</arg>
</arguments>
<assign>
<var>${COUNTER}</var>
</assign>
<msg timestamp="20220805 17:33:38.940" level="INFO">${COUNTER} = 69</msg>
<status status="PASS" starttime="20220805 17:33:38.940" endtime="20220805 17:33:38.940"></status>
</kw>
<status status="PASS" starttime="20220805 17:33:38.939" endtime="20220805 17:33:38.940"></status>
</kw>
<kw name="${item} = {'bookingid': 954}" type="foritem">
<kw name="Insert Into List" library="Collections">
<doc>Inserts ``value`` into ``list`` to the position specified with ``index``.</doc>
<arguments>
<arg>${BOOKINGIDS}</arg>
<arg>${COUNTER}</arg>
<arg>${item}[bookingid]</arg>
</arguments>
<status status="PASS" starttime="20220805 17:33:38.941" endtime="20220805 17:33:38.941"></status>
</kw>
<kw name="Set Variable" library="BuiltIn">
<doc>Returns the given values which can then be assigned to a variables.</doc>
<arguments>
<arg>${COUNTER+1}</arg>
</arguments>
<assign>
<var>${COUNTER}</var>
</assign>
<msg timestamp="20220805 17:33:38.941" level="INFO">${COUNTER} = 70</msg>
<status status="PASS" starttime="20220805 17:33:38.941" endtime="20220805 17:33:38.942"></status>
</kw>
<status status="PASS" starttime="20220805 17:33:38.940" endtime="20220805 17:33:38.942"></status>
</kw>
<kw name="${item} = {'bookingid': 119}" type="foritem">
<kw name="Insert Into List" library="Collections">
<doc>Inserts ``value`` into ``list`` to the position specified with ``index``.</doc>
<arguments>
<arg>${BOOKINGIDS}</arg>
<arg>${COUNTER}</arg>
<arg>${item}[bookingid]</arg>
</arguments>
<status status="PASS" starttime="20220805 17:33:38.942" endtime="20220805 17:33:38.942"></status>
</kw>
<kw name="Set Variable" library="BuiltIn">
<doc>Returns the given values which can then be assigned to a variables.</doc>
<arguments>
<arg>${COUNTER+1}</arg>
</arguments>
<assign>
<var>${COUNTER}</var>
</assign>
<msg timestamp="20220805 17:33:38.943" level="INFO">${COUNTER} = 71</msg>
<status status="PASS" starttime="20220805 17:33:38.942" endtime="20220805 17:33:38.943"></status>
</kw>
<status status="PASS" starttime="20220805 17:33:38.942" endtime="20220805 17:33:38.943"></status>
</kw>
<kw name="${item} = {'bookingid': 331}" type="foritem">
<kw name="Insert Into List" library="Collections">
<doc>Inserts ``value`` into ``list`` to the position specified with ``index``.</doc>
<arguments>
<arg>${BOOKINGIDS}</arg>
<arg>${COUNTER}</arg>
<arg>${item}[bookingid]</arg>
</arguments>
<status status="PASS" starttime="20220805 17:33:38.943" endtime="20220805 17:33:38.943"></status>
</kw>
<kw name="Set Variable" library="BuiltIn">
<doc>Returns the given values which can then be assigned to a variables.</doc>
<arguments>
<arg>${COUNTER+1}</arg>
</arguments>
<assign>
<var>${COUNTER}</var>
</assign>
<msg timestamp="20220805 17:33:38.944" level="INFO">${COUNTER} = 72</msg>
<status status="PASS" starttime="20220805 17:33:38.943" endtime="20220805 17:33:38.944"></status>
</kw>
<status status="PASS" starttime="20220805 17:33:38.943" endtime="20220805 17:33:38.944"></status>
</kw>
<kw name="${item} = {'bookingid': 74}" type="foritem">
<kw name="Insert Into List" library="Collections">
<doc>Inserts ``value`` into ``list`` to the position specified with ``index``.</doc>
<arguments>
<arg>${BOOKINGIDS}</arg>
<arg>${COUNTER}</arg>
<arg>${item}[bookingid]</arg>
</arguments>
<status status="PASS" starttime="20220805 17:33:38.944" endtime="20220805 17:33:38.944"></status>
</kw>
<kw name="Set Variable" library="BuiltIn">
<doc>Returns the given values which can then be assigned to a variables.</doc>
<arguments>
<arg>${COUNTER+1}</arg>
</arguments>
<assign>
<var>${COUNTER}</var>
</assign>
<msg timestamp="20220805 17:33:38.945" level="INFO">${COUNTER} = 73</msg>
<status status="PASS" starttime="20220805 17:33:38.944" endtime="20220805 17:33:38.945"></status>
</kw>
<status status="PASS" starttime="20220805 17:33:38.944" endtime="20220805 17:33:38.945"></status>
</kw>
<kw name="${item} = {'bookingid': 654}" type="foritem">
<kw name="Insert Into List" library="Collections">
<doc>Inserts ``value`` into ``list`` to the position specified with ``index``.</doc>
<arguments>
<arg>${BOOKINGIDS}</arg>
<arg>${COUNTER}</arg>
<arg>${item}[bookingid]</arg>
</arguments>
<status status="PASS" starttime="20220805 17:33:38.945" endtime="20220805 17:33:38.945"></status>
</kw>
<kw name="Set Variable" library="BuiltIn">
<doc>Returns the given values which can then be assigned to a variables.</doc>
<arguments>
<arg>${COUNTER+1}</arg>
</arguments>
<assign>
<var>${COUNTER}</var>
</assign>
<msg timestamp="20220805 17:33:38.946" level="INFO">${COUNTER} = 74</msg>
<status status="PASS" starttime="20220805 17:33:38.946" endtime="20220805 17:33:38.946"></status>
</kw>
<status status="PASS" starttime="20220805 17:33:38.945" endtime="20220805 17:33:38.946"></status>
</kw>
<kw name="${item} = {'bookingid': 841}" type="foritem">
<kw name="Insert Into List" library="Collections">
<doc>Inserts ``value`` into ``list`` to the position specified with ``index``.</doc>
<arguments>
<arg>${BOOKINGIDS}</arg>
<arg>${COUNTER}</arg>
<arg>${item}[bookingid]</arg>
</arguments>
<status status="PASS" starttime="20220805 17:33:38.946" endtime="20220805 17:33:38.947"></status>
</kw>
<kw name="Set Variable" library="BuiltIn">
<doc>Returns the given values which can then be assigned to a variables.</doc>
<arguments>
<arg>${COUNTER+1}</arg>
</arguments>
<assign>
<var>${COUNTER}</var>
</assign>
<msg timestamp="20220805 17:33:38.947" level="INFO">${COUNTER} = 75</msg>
<status status="PASS" starttime="20220805 17:33:38.947" endtime="20220805 17:33:38.947"></status>
</kw>
<status status="PASS" starttime="20220805 17:33:38.946" endtime="20220805 17:33:38.947"></status>
</kw>
<kw name="${item} = {'bookingid': 791}" type="foritem">
<kw name="Insert Into List" library="Collections">
<doc>Inserts ``value`` into ``list`` to the position specified with ``index``.</doc>
<arguments>
<arg>${BOOKINGIDS}</arg>
<arg>${COUNTER}</arg>
<arg>${item}[bookingid]</arg>
</arguments>
<status status="PASS" starttime="20220805 17:33:38.948" endtime="20220805 17:33:38.948"></status>
</kw>
<kw name="Set Variable" library="BuiltIn">
<doc>Returns the given values which can then be assigned to a variables.</doc>
<arguments>
<arg>${COUNTER+1}</arg>
</arguments>
<assign>
<var>${COUNTER}</var>
</assign>
<msg timestamp="20220805 17:33:38.949" level="INFO">${COUNTER} = 76</msg>
<status status="PASS" starttime="20220805 17:33:38.949" endtime="20220805 17:33:38.950"></status>
</kw>
<status status="PASS" starttime="20220805 17:33:38.948" endtime="20220805 17:33:38.950"></status>
</kw>
<kw name="${item} = {'bookingid': 879}" type="foritem">
<kw name="Insert Into List" library="Collections">
<doc>Inserts ``value`` into ``list`` to the position specified with ``index``.</doc>
<arguments>
<arg>${BOOKINGIDS}</arg>
<arg>${COUNTER}</arg>
<arg>${item}[bookingid]</arg>
</arguments>
<status status="PASS" starttime="20220805 17:33:38.950" endtime="20220805 17:33:38.950"></status>
</kw>
<kw name="Set Variable" library="BuiltIn">
<doc>Returns the given values which can then be assigned to a variables.</doc>
<arguments>
<arg>${COUNTER+1}</arg>
</arguments>
<assign>
<var>${COUNTER}</var>
</assign>
<msg timestamp="20220805 17:33:38.950" level="INFO">${COUNTER} = 77</msg>
<status status="PASS" starttime="20220805 17:33:38.950" endtime="20220805 17:33:38.951"></status>
</kw>
<status status="PASS" starttime="20220805 17:33:38.950" endtime="20220805 17:33:38.951"></status>
</kw>
<kw name="${item} = {'bookingid': 349}" type="foritem">
<kw name="Insert Into List" library="Collections">
<doc>Inserts ``value`` into ``list`` to the position specified with ``index``.</doc>
<arguments>
<arg>${BOOKINGIDS}</arg>
<arg>${COUNTER}</arg>
<arg>${item}[bookingid]</arg>
</arguments>
<status status="PASS" starttime="20220805 17:33:38.951" endtime="20220805 17:33:38.951"></status>
</kw>
<kw name="Set Variable" library="BuiltIn">
<doc>Returns the given values which can then be assigned to a variables.</doc>
<arguments>
<arg>${COUNTER+1}</arg>
</arguments>
<assign>
<var>${COUNTER}</var>
</assign>
<msg timestamp="20220805 17:33:38.951" level="INFO">${COUNTER} = 78</msg>
<status status="PASS" starttime="20220805 17:33:38.951" endtime="20220805 17:33:38.952"></status>
</kw>
<status status="PASS" starttime="20220805 17:33:38.951" endtime="20220805 17:33:38.952"></status>
</kw>
<kw name="${item} = {'bookingid': 600}" type="foritem">
<kw name="Insert Into List" library="Collections">
<doc>Inserts ``value`` into ``list`` to the position specified with ``index``.</doc>
<arguments>
<arg>${BOOKINGIDS}</arg>
<arg>${COUNTER}</arg>
<arg>${item}[bookingid]</arg>
</arguments>
<status status="PASS" starttime="20220805 17:33:38.952" endtime="20220805 17:33:38.952"></status>
</kw>
<kw name="Set Variable" library="BuiltIn">
<doc>Returns the given values which can then be assigned to a variables.</doc>
<arguments>
<arg>${COUNTER+1}</arg>
</arguments>
<assign>
<var>${COUNTER}</var>
</assign>
<msg timestamp="20220805 17:33:38.952" level="INFO">${COUNTER} = 79</msg>
<status status="PASS" starttime="20220805 17:33:38.952" endtime="20220805 17:33:38.952"></status>
</kw>
<status status="PASS" starttime="20220805 17:33:38.952" endtime="20220805 17:33:38.952"></status>
</kw>
<kw name="${item} = {'bookingid': 362}" type="foritem">
<kw name="Insert Into List" library="Collections">
<doc>Inserts ``value`` into ``list`` to the position specified with ``index``.</doc>
<arguments>
<arg>${BOOKINGIDS}</arg>
<arg>${COUNTER}</arg>
<arg>${item}[bookingid]</arg>
</arguments>
<status status="PASS" starttime="20220805 17:33:38.953" endtime="20220805 17:33:38.953"></status>
</kw>
<kw name="Set Variable" library="BuiltIn">
<doc>Returns the given values which can then be assigned to a variables.</doc>
<arguments>
<arg>${COUNTER+1}</arg>
</arguments>
<assign>
<var>${COUNTER}</var>
</assign>
<msg timestamp="20220805 17:33:38.953" level="INFO">${COUNTER} = 80</msg>
<status status="PASS" starttime="20220805 17:33:38.953" endtime="20220805 17:33:38.953"></status>
</kw>
<status status="PASS" starttime="20220805 17:33:38.952" endtime="20220805 17:33:38.953"></status>
</kw>
<kw name="${item} = {'bookingid': 366}" type="foritem">
<kw name="Insert Into List" library="Collections">
<doc>Inserts ``value`` into ``list`` to the position specified with ``index``.</doc>
<arguments>
<arg>${BOOKINGIDS}</arg>
<arg>${COUNTER}</arg>
<arg>${item}[bookingid]</arg>
</arguments>
<status status="PASS" starttime="20220805 17:33:38.953" endtime="20220805 17:33:38.954"></status>
</kw>
<kw name="Set Variable" library="BuiltIn">
<doc>Returns the given values which can then be assigned to a variables.</doc>
<arguments>
<arg>${COUNTER+1}</arg>
</arguments>
<assign>
<var>${COUNTER}</var>
</assign>
<msg timestamp="20220805 17:33:38.954" level="INFO">${COUNTER} = 81</msg>
<status status="PASS" starttime="20220805 17:33:38.954" endtime="20220805 17:33:38.954"></status>
</kw>
<status status="PASS" starttime="20220805 17:33:38.953" endtime="20220805 17:33:38.954"></status>
</kw>
<kw name="${item} = {'bookingid': 614}" type="foritem">
<kw name="Insert Into List" library="Collections">
<doc>Inserts ``value`` into ``list`` to the position specified with ``index``.</doc>
<arguments>
<arg>${BOOKINGIDS}</arg>
<arg>${COUNTER}</arg>
<arg>${item}[bookingid]</arg>
</arguments>
<status status="PASS" starttime="20220805 17:33:38.954" endtime="20220805 17:33:38.955"></status>
</kw>
<kw name="Set Variable" library="BuiltIn">
<doc>Returns the given values which can then be assigned to a variables.</doc>
<arguments>
<arg>${COUNTER+1}</arg>
</arguments>
<assign>
<var>${COUNTER}</var>
</assign>
<msg timestamp="20220805 17:33:38.955" level="INFO">${COUNTER} = 82</msg>
<status status="PASS" starttime="20220805 17:33:38.955" endtime="20220805 17:33:38.955"></status>
</kw>
<status status="PASS" starttime="20220805 17:33:38.954" endtime="20220805 17:33:38.955"></status>
</kw>
<kw name="${item} = {'bookingid': 649}" type="foritem">
<kw name="Insert Into List" library="Collections">
<doc>Inserts ``value`` into ``list`` to the position specified with ``index``.</doc>
<arguments>
<arg>${BOOKINGIDS}</arg>
[...]
</kw>
<kw name="Set Variable" library="BuiltIn">
<doc>Returns the given values which can then be assigned to a variables.</doc>
<arguments>
<arg>${COUNTER+1}</arg>
</arguments>
<assign>
<var>${COUNTER}</var>
</assign>
<msg timestamp="20220805 17:33:39.757" level="INFO">${COUNTER} = 912</msg>
<status status="PASS" starttime="20220805 17:33:39.757" endtime="20220805 17:33:39.757"></status>
</kw>
<status status="PASS" starttime="20220805 17:33:39.757" endtime="20220805 17:33:39.757"></status>
</kw>
<kw name="${item} = {'bookingid': 95}" type="foritem">
<kw name="Insert Into List" library="Collections">
<doc>Inserts ``value`` into ``list`` to the position specified with ``index``.</doc>
<arguments>
<arg>${BOOKINGIDS}</arg>
<arg>${COUNTER}</arg>
<arg>${item}[bookingid]</arg>
</arguments>
<status status="PASS" starttime="20220805 17:33:39.757" endtime="20220805 17:33:39.758"></status>
</kw>
<kw name="Set Variable" library="BuiltIn">
<doc>Returns the given values which can then be assigned to a variables.</doc>
<arguments>
<arg>${COUNTER+1}</arg>
</arguments>
<assign>
<var>${COUNTER}</var>
</assign>
<msg timestamp="20220805 17:33:39.759" level="INFO">${COUNTER} = 913</msg>
<status status="PASS" starttime="20220805 17:33:39.758" endtime="20220805 17:33:39.759"></status>
</kw>
<status status="PASS" starttime="20220805 17:33:39.757" endtime="20220805 17:33:39.759"></status>
</kw>
<kw name="${item} = {'bookingid': 967}" type="foritem">
<kw name="Insert Into List" library="Collections">
<doc>Inserts ``value`` into ``list`` to the position specified with ``index``.</doc>
<arguments>
<arg>${BOOKINGIDS}</arg>
<arg>${COUNTER}</arg>
<arg>${item}[bookingid]</arg>
</arguments>
<status status="PASS" starttime="20220805 17:33:39.759" endtime="20220805 17:33:39.760"></status>
</kw>
<kw name="Set Variable" library="BuiltIn">
<doc>Returns the given values which can then be assigned to a variables.</doc>
<arguments>
<arg>${COUNTER+1}</arg>
</arguments>
<assign>
<var>${COUNTER}</var>
</assign>
<msg timestamp="20220805 17:33:39.760" level="INFO">${COUNTER} = 914</msg>
<status status="PASS" starttime="20220805 17:33:39.760" endtime="20220805 17:33:39.760"></status>
</kw>
<status status="PASS" starttime="20220805 17:33:39.759" endtime="20220805 17:33:39.760"></status>
</kw>
<kw name="${item} = {'bookingid': 793}" type="foritem">
<kw name="Insert Into List" library="Collections">
<doc>Inserts ``value`` into ``list`` to the position specified with ``index``.</doc>
<arguments>
<arg>${BOOKINGIDS}</arg>
<arg>${COUNTER}</arg>
<arg>${item}[bookingid]</arg>
</arguments>
<status status="PASS" starttime="20220805 17:33:39.760" endtime="20220805 17:33:39.760"></status>
</kw>
<kw name="Set Variable" library="BuiltIn">
<doc>Returns the given values which can then be assigned to a variables.</doc>
<arguments>
<arg>${COUNTER+1}</arg>
</arguments>
<assign>
<var>${COUNTER}</var>
</assign>
<msg timestamp="20220805 17:33:39.761" level="INFO">${COUNTER} = 915</msg>
<status status="PASS" starttime="20220805 17:33:39.760" endtime="20220805 17:33:39.761"></status>
</kw>
<status status="PASS" starttime="20220805 17:33:39.760" endtime="20220805 17:33:39.761"></status>
</kw>
<kw name="${item} = {'bookingid': 171}" type="foritem">
<kw name="Insert Into List" library="Collections">
<doc>Inserts ``value`` into ``list`` to the position specified with ``index``.</doc>
<arguments>
<arg>${BOOKINGIDS}</arg>
<arg>${COUNTER}</arg>
<arg>${item}[bookingid]</arg>
</arguments>
<status status="PASS" starttime="20220805 17:33:39.761" endtime="20220805 17:33:39.761"></status>
</kw>
<kw name="Set Variable" library="BuiltIn">
<doc>Returns the given values which can then be assigned to a variables.</doc>
<arguments>
<arg>${COUNTER+1}</arg>
</arguments>
<assign>
<var>${COUNTER}</var>
</assign>
<msg timestamp="20220805 17:33:39.761" level="INFO">${COUNTER} = 916</msg>
<status status="PASS" starttime="20220805 17:33:39.761" endtime="20220805 17:33:39.762"></status>
</kw>
<status status="PASS" starttime="20220805 17:33:39.761" endtime="20220805 17:33:39.762"></status>
</kw>
<kw name="${item} = {'bookingid': 790}" type="foritem">
<kw name="Insert Into List" library="Collections">
<doc>Inserts ``value`` into ``list`` to the position specified with ``index``.</doc>
<arguments>
<arg>${BOOKINGIDS}</arg>
<arg>${COUNTER}</arg>
<arg>${item}[bookingid]</arg>
</arguments>
<status status="PASS" starttime="20220805 17:33:39.762" endtime="20220805 17:33:39.762"></status>
</kw>
<kw name="Set Variable" library="BuiltIn">
<doc>Returns the given values which can then be assigned to a variables.</doc>
<arguments>
<arg>${COUNTER+1}</arg>
</arguments>
<assign>
<var>${COUNTER}</var>
</assign>
<msg timestamp="20220805 17:33:39.762" level="INFO">${COUNTER} = 917</msg>
<status status="PASS" starttime="20220805 17:33:39.762" endtime="20220805 17:33:39.762"></status>
</kw>
<status status="PASS" starttime="20220805 17:33:39.762" endtime="20220805 17:33:39.762"></status>
</kw>
<kw name="${item} = {'bookingid': 408}" type="foritem">
<kw name="Insert Into List" library="Collections">
<doc>Inserts ``value`` into ``list`` to the position specified with ``index``.</doc>
<arguments>
<arg>${BOOKINGIDS}</arg>
<arg>${COUNTER}</arg>
<arg>${item}[bookingid]</arg>
</arguments>
<status status="PASS" starttime="20220805 17:33:39.762" endtime="20220805 17:33:39.763"></status>
</kw>
<kw name="Set Variable" library="BuiltIn">
<doc>Returns the given values which can then be assigned to a variables.</doc>
<arguments>
<arg>${COUNTER+1}</arg>
</arguments>
<assign>
<var>${COUNTER}</var>
</assign>
<msg timestamp="20220805 17:33:39.763" level="INFO">${COUNTER} = 918</msg>
<status status="PASS" starttime="20220805 17:33:39.763" endtime="20220805 17:33:39.763"></status>
</kw>
<status status="PASS" starttime="20220805 17:33:39.762" endtime="20220805 17:33:39.763"></status>
</kw>
<kw name="${item} = {'bookingid': 672}" type="foritem">
<kw name="Insert Into List" library="Collections">
<doc>Inserts ``value`` into ``list`` to the position specified with ``index``.</doc>
<arguments>
<arg>${BOOKINGIDS}</arg>
<arg>${COUNTER}</arg>
<arg>${item}[bookingid]</arg>
</arguments>
<status status="PASS" starttime="20220805 17:33:39.763" endtime="20220805 17:33:39.763"></status>
</kw>
<kw name="Set Variable" library="BuiltIn">
<doc>Returns the given values which can then be assigned to a variables.</doc>
<arguments>
<arg>${COUNTER+1}</arg>
</arguments>
<assign>
<var>${COUNTER}</var>
</assign>
<msg timestamp="20220805 17:33:39.764" level="INFO">${COUNTER} = 919</msg>
<status status="PASS" starttime="20220805 17:33:39.763" endtime="20220805 17:33:39.764"></status>
</kw>
<status status="PASS" starttime="20220805 17:33:39.763" endtime="20220805 17:33:39.764"></status>
</kw>
<status status="PASS" starttime="20220805 17:33:38.813" endtime="20220805 17:33:39.764"></status>
</kw>
<kw name="Set Suite Variable" library="BuiltIn">
<doc>Makes a variable available everywhere within the scope of the current suite.</doc>
<arguments>
<arg>${BOOKING_IDS}</arg>
<arg>${BOOKING_IDS}</arg>
</arguments>
<msg timestamp="20220805 17:33:39.764" level="INFO">${BOOKING_IDS} = [949, 533, 444, 609, 350, 330, 313, 249, 241, 971, 777, 906, 520, 454, 374, 894, 929, 432, 679, 774, 499, 744, 148, 588, 864, 858, 964, 18, 61, 488, 245, 166, 348, 471, 889, 117, 388, 712, 370, 546, 6...</msg>
<status status="PASS" starttime="20220805 17:33:39.764" endtime="20220805 17:33:39.764"></status>
</kw>
<status status="PASS" starttime="20220805 17:33:38.067" endtime="20220805 17:33:39.764"></status>
</kw>
<tags>
<tag>Get</tag>
</tags>
<timeout value="1 minute"></timeout>
<status status="PASS" starttime="20220805 17:33:38.066" endtime="20220805 17:33:39.764" critical="yes"></status>
</test>
<test id="s1-t3" name="Add New Booking">
<kw name="Add Booking">
<kw name="Create Dictionary" library="BuiltIn">
<doc>Creates and returns a dictionary based on the given ``items``.</doc>
<arguments>
<arg>checkin=${CHECKIN}</arg>
<arg>checkout=${CHECKOUT}</arg>
</arguments>
<assign>
<var>${bookingdates}</var>
</assign>
<msg timestamp="20220805 17:33:39.765" level="INFO">${bookingdates} = {'checkin': '2019-08-30', 'checkout': '2019-09-10'}</msg>
<status status="PASS" starttime="20220805 17:33:39.765" endtime="20220805 17:33:39.765"></status>
</kw>
<kw name="Create Dictionary" library="BuiltIn">
<doc>Creates and returns a dictionary based on the given ``items``.</doc>
<arguments>
<arg>firstname=${FIRSTNAME}</arg>
<arg>lastname=${LASTNAME}</arg>
<arg>totalprice=${TOTALPRICE}</arg>
<arg>depositpaid=${DEPOSITPAID}</arg>
<arg>additionalneeds=${ADDITIONALNEEDS}</arg>
<arg>bookingdates=${bookingdates}</arg>
</arguments>
<assign>
<var>${newbooking}</var>
</assign>
<msg timestamp="20220805 17:33:39.766" level="INFO">${newbooking} = {'firstname': 'Anthony', 'lastname': 'ODonnell', 'totalprice': '500', 'depositpaid': 'true', 'additionalneeds': 'Clearly Defined Requirements', 'bookingdates': {'checkin': '2019-08-30', 'checkout': '2...</msg>
<status status="PASS" starttime="20220805 17:33:39.765" endtime="20220805 17:33:39.766"></status>
</kw>
<kw name="Create Dictionary" library="BuiltIn">
<doc>Creates and returns a dictionary based on the given ``items``.</doc>
<arguments>
<arg>Content-Type=${CONTENT_TYPE}</arg>
<arg>User-Agent=RobotFramework</arg>
</arguments>
<assign>
<var>${HEADERS}</var>
</assign>
<msg timestamp="20220805 17:33:39.767" level="INFO">${HEADERS} = {'Content-Type': 'application/json', 'User-Agent': 'RobotFramework'}</msg>
<status status="PASS" starttime="20220805 17:33:39.766" endtime="20220805 17:33:39.767"></status>
</kw>
<kw name="Create Session" library="RequestsLibrary">
<doc>Create Session: create a HTTP session to a server</doc>
<arguments>
<arg>Add Booking</arg>
<arg>${BASE_URL}</arg>
<arg>verify=True</arg>
</arguments>
<msg timestamp="20220805 17:33:39.767" level="INFO">Creating Session using : alias=Add Booking, url=https://restful-booker.herokuapp.com, headers={},                     cookies=None, auth=None, timeout=None, proxies=None, verify=True,                     debug=0 </msg>
<status status="PASS" starttime="20220805 17:33:39.767" endtime="20220805 17:33:39.768"></status>
</kw>
<kw name="Post Request" library="RequestsLibrary">
<doc>Send a POST request on the session object found using the
given `alias`</doc>
<arguments>
<arg>Add Booking</arg>
<arg>uri=${BOOKING}</arg>
<arg>data=${newbooking}</arg>
<arg>headers=${HEADERS}</arg>
</arguments>
<assign>
<var>${response}</var>
</assign>
<msg timestamp="20220805 17:33:40.536" level="INFO">Post Request using : alias=Add Booking, uri=/booking, data={"firstname": "Anthony", "lastname": "ODonnell", "totalprice": "500", "depositpaid": "true", "additionalneeds": "Clearly Defined Requirements", "bookingdates": {"checkin": "2019-08-30", "checkout": "2019-09-10"}}, headers={'Content-Type': 'application/json', 'User-Agent': 'RobotFramework'}, files=None, allow_redirects=True </msg>
<msg timestamp="20220805 17:33:40.537" level="INFO">${response} = &lt;Response [200]&gt;</msg>
<status status="PASS" starttime="20220805 17:33:39.768" endtime="20220805 17:33:40.537"></status>
</kw>
<kw name="Should Be Equal As Strings" library="BuiltIn">
<doc>Fails if objects are unequal after converting them to strings.</doc>
<arguments>
<arg>${response.status_code}</arg>
<arg>200</arg>
</arguments>
<msg timestamp="20220805 17:33:40.539" level="INFO">Argument types are:
&lt;class 'int'&gt;
&lt;type 'unicode'&gt;</msg>
<status status="PASS" starttime="20220805 17:33:40.538" endtime="20220805 17:33:40.539"></status>
</kw>
<status status="PASS" starttime="20220805 17:33:39.765" endtime="20220805 17:33:40.539"></status>
</kw>
<tags>
<tag>Post</tag>
</tags>
<timeout value="1 minute"></timeout>
<status status="PASS" starttime="20220805 17:33:39.765" endtime="20220805 17:33:40.540" critical="yes"></status>
</test>
<test id="s1-t4" name="Validate New Booking Details">
<kw name="Check New Booking Details Are Correct">
<msg timestamp="20220805 17:33:40.551" level="FAIL">No keyword with name 'Check New Booking Details Are Correct' found.</msg>
<status status="FAIL" starttime="20220805 17:33:40.551" endtime="20220805 17:33:40.551"></status>
</kw>
<tags>
<tag>Get</tag>
</tags>
<timeout value="1 minute"></timeout>
<status status="FAIL" starttime="20220805 17:33:40.541" endtime="20220805 17:33:40.552" critical="yes">No keyword with name 'Check New Booking Details Are Correct' found.</status>
</test>
<test id="s1-t5" name="Get New Booking ID By Name">
<kw name="Get New Booking ID By Name">
<msg timestamp="20220805 17:33:40.562" level="FAIL">No keyword with name 'Get New Booking ID By Name' found.</msg>
<status status="FAIL" starttime="20220805 17:33:40.562" endtime="20220805 17:33:40.562"></status>
</kw>
<tags>
<tag>Get</tag>
</tags>
<timeout value="1 minute"></timeout>
<status status="FAIL" starttime="20220805 17:33:40.553" endtime="20220805 17:33:40.563" critical="yes">No keyword with name 'Get New Booking ID By Name' found.</status>
</test>
<test id="s1-t6" name="Get New Booking ID By Date">
<kw name="Get New Booking ID By Date">
<msg timestamp="20220805 17:33:40.569" level="FAIL">No keyword with name 'Get New Booking ID By Date' found.</msg>
<status status="FAIL" starttime="20220805 17:33:40.569" endtime="20220805 17:33:40.569"></status>
</kw>
<tags>
<tag>Get</tag>
</tags>
<timeout value="1 minute"></timeout>
<status status="FAIL" starttime="20220805 17:33:40.563" endtime="20220805 17:33:40.570" critical="yes">No keyword with name 'Get New Booking ID By Date' found.</status>
</test>
<test id="s1-t7" name="Update New Booking">
<kw name="Update New Booking">
<kw name="Create Dictionary" library="BuiltIn">
<doc>Creates and returns a dictionary based on the given ``items``.</doc>
<arguments>
<arg>checkin=${CHECKIN}</arg>
<arg>checkout=${CHECKOUT}</arg>
</arguments>
<assign>
<var>${bookingdates}</var>
</assign>
<msg timestamp="20220805 17:33:40.572" level="INFO">${bookingdates} = {'checkin': '2019-08-30', 'checkout': '2019-09-10'}</msg>
<status status="PASS" starttime="20220805 17:33:40.572" endtime="20220805 17:33:40.572"></status>
</kw>
<kw name="Create Dictionary" library="BuiltIn">
<doc>Creates and returns a dictionary based on the given ``items``.</doc>
<arguments>
<arg>firstname=${FIRSTNAME}</arg>
<arg>lastname=${LASTNAME}</arg>
<arg>totalprice=0</arg>
<arg>depositpaid=${DEPOSITPAID}</arg>
<arg>additionalneeds=${ADDITIONALNEEDS}</arg>
<arg>bookingdates=${bookingdates}</arg>
</arguments>
<assign>
<var>${updatebooking}</var>
</assign>
<msg timestamp="20220805 17:33:40.573" level="INFO">${updatebooking} = {'firstname': 'Anthony', 'lastname': 'ODonnell', 'totalprice': '0', 'depositpaid': 'true', 'additionalneeds': 'Clearly Defined Requirements', 'bookingdates': {'checkin': '2019-08-30', 'checkout': '201...</msg>
<status status="PASS" starttime="20220805 17:33:40.572" endtime="20220805 17:33:40.573"></status>
</kw>
<kw name="Create Dictionary" library="BuiltIn">
<doc>Creates and returns a dictionary based on the given ``items``.</doc>
<arguments>
<arg>Content-Type=${CONTENT_TYPE}</arg>
<arg>Cookie=token=${TOKEN}</arg>
</arguments>
<assign>
<var>${HEADERS}</var>
</assign>
<msg timestamp="20220805 17:33:40.574" level="INFO">${HEADERS} = {'Content-Type': 'application/json', 'Cookie': 'token=2fdd7f07ecc809c'}</msg>
<status status="PASS" starttime="20220805 17:33:40.573" endtime="20220805 17:33:40.574"></status>
</kw>
<kw name="Create Session" library="RequestsLibrary">
<doc>Create Session: create a HTTP session to a server</doc>
<arguments>
<arg>Update Booking</arg>
<arg>${BASE_URL}</arg>
<arg>verify=True</arg>
</arguments>
<msg timestamp="20220805 17:33:40.574" level="INFO">Creating Session using : alias=Update Booking, url=https://restful-booker.herokuapp.com, headers={},                     cookies=None, auth=None, timeout=None, proxies=None, verify=True,                     debug=0 </msg>
<status status="PASS" starttime="20220805 17:33:40.574" endtime="20220805 17:33:40.575"></status>
</kw>
<kw name="Put Request" library="RequestsLibrary">
<doc>Send a PUT request on the session object found using the
given `alias`</doc>
<arguments>
<arg>Update Booking</arg>
<arg>uri=${BOOKING}/${NEWID}</arg>
<arg>data=${updatebooking}</arg>
<arg>headers=${HEADERS}</arg>
</arguments>
<assign>
<var>${response}</var>
</assign>
<msg timestamp="20220805 17:33:40.576" level="FAIL">Variable '${NEWID}' not found.</msg>
<status status="FAIL" starttime="20220805 17:33:40.575" endtime="20220805 17:33:40.576"></status>
</kw>
<status status="FAIL" starttime="20220805 17:33:40.571" endtime="20220805 17:33:40.576"></status>
</kw>
<tags>
<tag>Put</tag>
</tags>
<timeout value="1 minute"></timeout>
<status status="FAIL" starttime="20220805 17:33:40.570" endtime="20220805 17:33:40.576" critical="yes">Variable '${NEWID}' not found.</status>
</test>
<test id="s1-t8" name="Partial Update New Booking">
<kw name="Partial Update New Booking">
<kw name="Create Dictionary" library="BuiltIn">
<doc>Creates and returns a dictionary based on the given ``items``.</doc>
<arguments>
<arg>totalprice=1000</arg>
</arguments>
<assign>
<var>${partialupdatebooking}</var>
</assign>
<msg timestamp="20220805 17:33:40.578" level="INFO">${partialupdatebooking} = {'totalprice': '1000'}</msg>
<status status="PASS" starttime="20220805 17:33:40.577" endtime="20220805 17:33:40.578"></status>
</kw>
<kw name="Create Dictionary" library="BuiltIn">
<doc>Creates and returns a dictionary based on the given ``items``.</doc>
<arguments>
<arg>Content-Type=${CONTENT_TYPE}</arg>
<arg>Cookie=token=${TOKEN}</arg>
</arguments>
<assign>
<var>${HEADERS}</var>
</assign>
<msg timestamp="20220805 17:33:40.579" level="INFO">${HEADERS} = {'Content-Type': 'application/json', 'Cookie': 'token=2fdd7f07ecc809c'}</msg>
<status status="PASS" starttime="20220805 17:33:40.578" endtime="20220805 17:33:40.579"></status>
</kw>
<kw name="Create Session" library="RequestsLibrary">
<doc>Create Session: create a HTTP session to a server</doc>
<arguments>
<arg>Partial Update Booking</arg>
<arg>${BASE_URL}</arg>
<arg>verify=True</arg>
</arguments>
<msg timestamp="20220805 17:33:40.580" level="INFO">Creating Session using : alias=Partial Update Booking, url=https://restful-booker.herokuapp.com, headers={},                     cookies=None, auth=None, timeout=None, proxies=None, verify=True,                     debug=0 </msg>
<status status="PASS" starttime="20220805 17:33:40.579" endtime="20220805 17:33:40.580"></status>
</kw>
<kw name="Patch Request" library="RequestsLibrary">
<doc>Send a PATCH request on the session object found using the
given `alias`</doc>
<arguments>
<arg>Partial Update Booking</arg>
<arg>uri=${BOOKING}/${NEWID}</arg>
<arg>data=${partialupdatebooking}</arg>
<arg>headers=${HEADERS}</arg>
</arguments>
<assign>
<var>${response}</var>
</assign>
<msg timestamp="20220805 17:33:40.581" level="FAIL">Variable '${NEWID}' not found.</msg>
<status status="FAIL" starttime="20220805 17:33:40.580" endtime="20220805 17:33:40.581"></status>
</kw>
<status status="FAIL" starttime="20220805 17:33:40.577" endtime="20220805 17:33:40.581"></status>
</kw>
<tags>
<tag>Patch</tag>
</tags>
<timeout value="1 minute"></timeout>
<status status="FAIL" starttime="20220805 17:33:40.576" endtime="20220805 17:33:40.582" critical="yes">Variable '${NEWID}' not found.</status>
</test>
<doc>API Test using RESTfulBooker application</doc>
<status status="FAIL" starttime="20220805 17:33:36.158" endtime="20220805 17:33:40.582"></status>
</suite>
<statistics>
<total>
<stat pass="3" fail="5">Critical Tests</stat>
<stat pass="3" fail="5">All Tests</stat>
</total>
<tag>
<stat pass="1" fail="0">Auth</stat>
<stat pass="1" fail="3">Get</stat>
<stat pass="0" fail="1">Patch</stat>
<stat pass="1" fail="0">Post</stat>
<stat pass="0" fail="1">Put</stat>
</tag>
<suite>
<stat pass="3" fail="5" id="s1" name="Api">Api</stat>
</suite>
</statistics>
<errors>
</errors>
</robot>
