<?xml version="1.0" encoding="UTF-8"?>
<robot generator="Robot 3.1.2 (Python 3.9.2 on linux)" generated="20220808 11:14:39.081" rpa="false">
<suite id="s1" name="TC 001 Get Request" source="/mnt/c/Users/clareain/testing/robotframework-api-example/robot_tests/TC_001_Get_Request.robot">
<test id="s1-t1" name="TC_001_Get_Request">
<kw name="Create Session" library="RequestsLibrary">
<doc>Create Session: create a HTTP session to a server</doc>
<arguments>
<arg>Get_Student_Details</arg>
<arg>${BASE_URL}</arg>
</arguments>
<msg timestamp="20220808 11:14:39.173" level="INFO">Creating Session using : alias=Get_Student_Details, url=https://thetestingworldapi.com/, headers={},                     cookies=None, auth=None, timeout=None, proxies=None, verify=False,                     debug=0 </msg>
<status status="PASS" starttime="20220808 11:14:39.173" endtime="20220808 11:14:39.173"></status>
</kw>
<kw name="Get Request" library="RequestsLibrary">
<doc>Send a GET request on the session object found using the
given `alias`</doc>
<arguments>
<arg>Get_Student_Details</arg>
<arg>api/studentsDetails</arg>
</arguments>
<assign>
<var>${response}</var>
</assign>
<msg timestamp="20220808 11:14:41.435" level="INFO">Get Request using : alias=Get_Student_Details, uri=api/studentsDetails, headers=None json=None</msg>
<msg timestamp="20220808 11:14:41.436" level="INFO">/home/clare_davies/.local/lib/python3.9/site-packages/urllib3/connectionpool.py:981: InsecureRequestWarning: Unverified HTTPS request is being made to host 'thetestingworldapi.com'. Adding certificate verification is strongly advised. See: https://urllib3.readthedocs.io/en/latest/advanced-usage.html#ssl-warnings
  warnings.warn(</msg>
<msg timestamp="20220808 11:14:41.436" level="INFO">${response} = &lt;Response [200]&gt;</msg>
<status status="PASS" starttime="20220808 11:14:39.173" endtime="20220808 11:14:41.436"></status>
</kw>
<kw name="Log To Console" library="BuiltIn">
<doc>Logs the given message to the console.</doc>
<arguments>
<arg>${response.status_code}</arg>
</arguments>
<status status="PASS" starttime="20220808 11:14:41.437" endtime="20220808 11:14:41.438"></status>
</kw>
<kw name="Log To Console" library="BuiltIn">
<doc>Logs the given message to the console.</doc>
<arguments>
<arg>${response.content}</arg>
</arguments>
<status status="PASS" starttime="20220808 11:14:41.438" endtime="20220808 11:14:41.438"></status>
</kw>
<status status="PASS" starttime="20220808 11:14:39.172" endtime="20220808 11:14:41.438" critical="yes"></status>
</test>
<status status="PASS" starttime="20220808 11:14:39.083" endtime="20220808 11:14:41.439"></status>
</suite>
<statistics>
<total>
<stat pass="1" fail="0">Critical Tests</stat>
<stat pass="1" fail="0">All Tests</stat>
</total>
<tag>
</tag>
<suite>
<stat pass="1" fail="0" id="s1" name="TC 001 Get Request">TC 001 Get Request</stat>
</suite>
</statistics>
<errors>
</errors>
</robot>
